2025-08-06 09:06:38,178 INFO o.s.b.StartupInfoLogger [restartedMain] Starting UserServiceApplication using Java 21.0.3 with PID 12300 (C:\Users\jhask\Downloads\Project\Yout_Connect\genSpark-Backend\user-service\target\classes started by jhask in C:\Users\jhask\Downloads\Project\Yout_Connect\genSpark-Backend\user-service)
2025-08-06 09:06:38,199 INFO o.s.b.SpringApplication [restartedMain] No active profile set, falling back to 1 default profile: "default"
2025-08-06 09:06:46,802 INFO o.a.j.l.DirectJDKLog [restartedMain] Initializing ProtocolHandler ["http-nio-8080"]
2025-08-06 09:06:46,809 INFO o.a.j.l.DirectJDKLog [restartedMain] Starting service [Tomcat]
2025-08-06 09:06:46,811 INFO o.a.j.l.DirectJDKLog [restartedMain] Starting Servlet engine: [Apache Tomcat/10.1.42]
2025-08-06 09:06:47,011 INFO o.a.j.l.DirectJDKLog [restartedMain] Initializing Spring embedded WebApplicationContext
2025-08-06 09:06:47,982 INFO c.z.h.HikariDataSource [restartedMain] HikariPool-1 - Starting...
2025-08-06 09:06:49,214 INFO c.z.h.p.HikariPool [restartedMain] HikariPool-1 - Added connection com.mysql.cj.jdbc.ConnectionImpl@67f46756
2025-08-06 09:06:49,220 INFO c.z.h.HikariDataSource [restartedMain] HikariPool-1 - Start completed.
2025-08-06 09:06:49,418 INFO o.f.c.i.l.s.Slf4jLog [restartedMain] Database: jdbc:mysql://localhost:3306/genspark_db?createDatabaseIfNotExist=true (MySQL 8.0)
2025-08-06 09:06:49,689 INFO o.f.c.i.l.s.Slf4jLog [restartedMain] Successfully validated 1 migration (execution time 00:00.152s)
2025-08-06 09:06:49,751 INFO o.f.c.i.l.s.Slf4jLog [restartedMain] Current version of schema `genspark_db`: 1
2025-08-06 09:06:49,759 INFO o.f.c.i.l.s.Slf4jLog [restartedMain] Schema `genspark_db` is up to date. No migration necessary.
2025-08-06 09:06:51,359 WARN o.h.e.j.d.i.DialectFactoryImpl [restartedMain] HHH90000025: MySQLDialect does not need to be specified explicitly using 'hibernate.dialect' (remove the property setting and it will be selected by default)
2025-08-06 09:06:56,359 WARN o.s.b.a.o.j.JpaBaseConfiguration$JpaWebConfiguration [restartedMain] spring.jpa.open-in-view is enabled by default. Therefore, database queries may be performed during view rendering. Explicitly configure spring.jpa.open-in-view to disable this warning
2025-08-06 09:06:58,476 INFO o.a.j.l.DirectJDKLog [restartedMain] Starting ProtocolHandler ["http-nio-8080"]
2025-08-06 09:06:58,572 INFO o.s.b.StartupInfoLogger [restartedMain] Started UserServiceApplication in 22.513 seconds (process running for 21.563)
2025-08-06 09:08:25,695 INFO o.a.j.l.DirectJDKLog [http-nio-8080-exec-2] Initializing Spring DispatcherServlet 'dispatcherServlet'
2025-08-06 09:10:00,043 INFO i.o.g.s.i.ScheduledTaskServiceImpl [scheduling-1] Running meeting reminder task...
2025-08-06 09:10:00,072 INFO i.o.g.s.i.ScheduledTaskServiceImpl [scheduling-1] No upcoming meetings found needing a reminder.
2025-08-06 09:12:50,243 INFO o.a.j.l.DirectJDKLog [tomcat-shutdown] Pausing ProtocolHandler ["http-nio-8080"]
2025-08-06 09:12:50,252 INFO o.a.j.l.DirectJDKLog [Thread-5] Stopping ProtocolHandler ["http-nio-8080"]
2025-08-06 09:12:50,272 INFO c.z.h.HikariDataSource [Thread-5] HikariPool-1 - Shutdown initiated...
2025-08-06 09:12:50,294 INFO c.z.h.HikariDataSource [Thread-5] HikariPool-1 - Shutdown completed.
2025-08-06 09:12:50,669 INFO o.s.b.StartupInfoLogger [restartedMain] Starting UserServiceApplication using Java 21.0.3 with PID 12300 (C:\Users\jhask\Downloads\Project\Yout_Connect\genSpark-Backend\user-service\target\classes started by jhask in C:\Users\jhask\Downloads\Project\Yout_Connect\genSpark-Backend\user-service)
2025-08-06 09:12:50,671 INFO o.s.b.SpringApplication [restartedMain] No active profile set, falling back to 1 default profile: "default"
2025-08-06 09:12:52,104 INFO o.a.j.l.DirectJDKLog [restartedMain] Initializing ProtocolHandler ["http-nio-8080"]
2025-08-06 09:12:52,105 INFO o.a.j.l.DirectJDKLog [restartedMain] Starting service [Tomcat]
2025-08-06 09:12:52,106 INFO o.a.j.l.DirectJDKLog [restartedMain] Starting Servlet engine: [Apache Tomcat/10.1.42]
2025-08-06 09:12:52,160 INFO o.a.j.l.DirectJDKLog [restartedMain] Initializing Spring embedded WebApplicationContext
2025-08-06 09:12:52,247 INFO c.z.h.HikariDataSource [restartedMain] HikariPool-2 - Starting...
2025-08-06 09:12:52,394 INFO c.z.h.p.HikariPool [restartedMain] HikariPool-2 - Added connection com.mysql.cj.jdbc.ConnectionImpl@29ffc893
2025-08-06 09:12:52,395 INFO c.z.h.HikariDataSource [restartedMain] HikariPool-2 - Start completed.
2025-08-06 09:12:52,406 INFO o.f.c.i.l.s.Slf4jLog [restartedMain] Database: jdbc:mysql://localhost:3306/genspark_db?createDatabaseIfNotExist=true (MySQL 8.0)
2025-08-06 09:12:52,449 INFO o.f.c.i.l.s.Slf4jLog [restartedMain] Successfully validated 1 migration (execution time 00:00.016s)
2025-08-06 09:12:52,473 INFO o.f.c.i.l.s.Slf4jLog [restartedMain] Current version of schema `genspark_db`: 1
2025-08-06 09:12:52,476 INFO o.f.c.i.l.s.Slf4jLog [restartedMain] Schema `genspark_db` is up to date. No migration necessary.
2025-08-06 09:12:52,560 WARN o.h.e.j.d.i.DialectFactoryImpl [restartedMain] HHH90000025: MySQLDialect does not need to be specified explicitly using 'hibernate.dialect' (remove the property setting and it will be selected by default)
2025-08-06 09:12:53,676 WARN o.s.b.a.o.j.JpaBaseConfiguration$JpaWebConfiguration [restartedMain] spring.jpa.open-in-view is enabled by default. Therefore, database queries may be performed during view rendering. Explicitly configure spring.jpa.open-in-view to disable this warning
2025-08-06 09:12:54,076 INFO o.a.j.l.DirectJDKLog [restartedMain] Starting ProtocolHandler ["http-nio-8080"]
2025-08-06 09:12:54,102 INFO o.s.b.StartupInfoLogger [restartedMain] Started UserServiceApplication in 3.598 seconds (process running for 377.093)
2025-08-06 09:12:55,584 INFO o.a.j.l.DirectJDKLog [tomcat-shutdown] Pausing ProtocolHandler ["http-nio-8080"]
2025-08-06 09:12:55,600 INFO o.a.j.l.DirectJDKLog [Thread-7] Stopping ProtocolHandler ["http-nio-8080"]
2025-08-06 09:12:55,610 INFO c.z.h.HikariDataSource [Thread-7] HikariPool-2 - Shutdown initiated...
2025-08-06 09:12:55,622 INFO c.z.h.HikariDataSource [Thread-7] HikariPool-2 - Shutdown completed.
2025-08-06 09:12:55,864 INFO o.s.b.StartupInfoLogger [restartedMain] Starting UserServiceApplication using Java 21.0.3 with PID 12300 (C:\Users\jhask\Downloads\Project\Yout_Connect\genSpark-Backend\user-service\target\classes started by jhask in C:\Users\jhask\Downloads\Project\Yout_Connect\genSpark-Backend\user-service)
2025-08-06 09:12:55,866 INFO o.s.b.SpringApplication [restartedMain] No active profile set, falling back to 1 default profile: "default"
2025-08-06 09:12:56,841 INFO o.a.j.l.DirectJDKLog [restartedMain] Initializing ProtocolHandler ["http-nio-8080"]
2025-08-06 09:12:56,846 INFO o.a.j.l.DirectJDKLog [restartedMain] Starting service [Tomcat]
2025-08-06 09:12:56,847 INFO o.a.j.l.DirectJDKLog [restartedMain] Starting Servlet engine: [Apache Tomcat/10.1.42]
2025-08-06 09:12:56,919 INFO o.a.j.l.DirectJDKLog [restartedMain] Initializing Spring embedded WebApplicationContext
2025-08-06 09:12:57,008 INFO c.z.h.HikariDataSource [restartedMain] HikariPool-3 - Starting...
2025-08-06 09:12:57,045 INFO c.z.h.p.HikariPool [restartedMain] HikariPool-3 - Added connection com.mysql.cj.jdbc.ConnectionImpl@378202da
2025-08-06 09:12:57,047 INFO c.z.h.HikariDataSource [restartedMain] HikariPool-3 - Start completed.
2025-08-06 09:12:57,057 INFO o.f.c.i.l.s.Slf4jLog [restartedMain] Database: jdbc:mysql://localhost:3306/genspark_db?createDatabaseIfNotExist=true (MySQL 8.0)
2025-08-06 09:12:57,098 INFO o.f.c.i.l.s.Slf4jLog [restartedMain] Successfully validated 1 migration (execution time 00:00.019s)
2025-08-06 09:12:57,124 INFO o.f.c.i.l.s.Slf4jLog [restartedMain] Current version of schema `genspark_db`: 1
2025-08-06 09:12:57,126 INFO o.f.c.i.l.s.Slf4jLog [restartedMain] Schema `genspark_db` is up to date. No migration necessary.
2025-08-06 09:12:57,198 WARN o.h.e.j.d.i.DialectFactoryImpl [restartedMain] HHH90000025: MySQLDialect does not need to be specified explicitly using 'hibernate.dialect' (remove the property setting and it will be selected by default)
2025-08-06 09:12:58,017 WARN o.s.b.a.o.j.JpaBaseConfiguration$JpaWebConfiguration [restartedMain] spring.jpa.open-in-view is enabled by default. Therefore, database queries may be performed during view rendering. Explicitly configure spring.jpa.open-in-view to disable this warning
2025-08-06 09:12:58,352 INFO o.a.j.l.DirectJDKLog [restartedMain] Starting ProtocolHandler ["http-nio-8080"]
2025-08-06 09:12:58,367 INFO o.s.b.StartupInfoLogger [restartedMain] Started UserServiceApplication in 2.582 seconds (process running for 381.358)
2025-08-06 09:12:59,819 INFO o.a.j.l.DirectJDKLog [tomcat-shutdown] Pausing ProtocolHandler ["http-nio-8080"]
2025-08-06 09:12:59,828 INFO o.a.j.l.DirectJDKLog [Thread-11] Stopping ProtocolHandler ["http-nio-8080"]
2025-08-06 09:12:59,834 INFO c.z.h.HikariDataSource [Thread-11] HikariPool-3 - Shutdown initiated...
2025-08-06 09:12:59,854 INFO c.z.h.HikariDataSource [Thread-11] HikariPool-3 - Shutdown completed.
2025-08-06 09:13:00,052 INFO o.s.b.StartupInfoLogger [restartedMain] Starting UserServiceApplication using Java 21.0.3 with PID 12300 (C:\Users\jhask\Downloads\Project\Yout_Connect\genSpark-Backend\user-service\target\classes started by jhask in C:\Users\jhask\Downloads\Project\Yout_Connect\genSpark-Backend\user-service)
2025-08-06 09:13:00,053 INFO o.s.b.SpringApplication [restartedMain] No active profile set, falling back to 1 default profile: "default"
2025-08-06 09:13:00,959 INFO o.a.j.l.DirectJDKLog [restartedMain] Initializing ProtocolHandler ["http-nio-8080"]
2025-08-06 09:13:00,961 INFO o.a.j.l.DirectJDKLog [restartedMain] Starting service [Tomcat]
2025-08-06 09:13:00,961 INFO o.a.j.l.DirectJDKLog [restartedMain] Starting Servlet engine: [Apache Tomcat/10.1.42]
2025-08-06 09:13:01,007 INFO o.a.j.l.DirectJDKLog [restartedMain] Initializing Spring embedded WebApplicationContext
2025-08-06 09:13:01,072 INFO c.z.h.HikariDataSource [restartedMain] HikariPool-4 - Starting...
2025-08-06 09:13:01,097 INFO c.z.h.p.HikariPool [restartedMain] HikariPool-4 - Added connection com.mysql.cj.jdbc.ConnectionImpl@3e74189d
2025-08-06 09:13:01,097 INFO c.z.h.HikariDataSource [restartedMain] HikariPool-4 - Start completed.
2025-08-06 09:13:01,104 INFO o.f.c.i.l.s.Slf4jLog [restartedMain] Database: jdbc:mysql://localhost:3306/genspark_db?createDatabaseIfNotExist=true (MySQL 8.0)
2025-08-06 09:13:01,138 INFO o.f.c.i.l.s.Slf4jLog [restartedMain] Successfully validated 1 migration (execution time 00:00.014s)
2025-08-06 09:13:01,161 INFO o.f.c.i.l.s.Slf4jLog [restartedMain] Current version of schema `genspark_db`: 1
2025-08-06 09:13:01,164 INFO o.f.c.i.l.s.Slf4jLog [restartedMain] Schema `genspark_db` is up to date. No migration necessary.
2025-08-06 09:13:01,255 WARN o.h.e.j.d.i.DialectFactoryImpl [restartedMain] HHH90000025: MySQLDialect does not need to be specified explicitly using 'hibernate.dialect' (remove the property setting and it will be selected by default)
2025-08-06 09:13:02,011 WARN o.s.b.a.o.j.JpaBaseConfiguration$JpaWebConfiguration [restartedMain] spring.jpa.open-in-view is enabled by default. Therefore, database queries may be performed during view rendering. Explicitly configure spring.jpa.open-in-view to disable this warning
2025-08-06 09:13:02,314 INFO o.a.j.l.DirectJDKLog [restartedMain] Starting ProtocolHandler ["http-nio-8080"]
2025-08-06 09:13:02,325 INFO o.s.b.StartupInfoLogger [restartedMain] Started UserServiceApplication in 2.357 seconds (process running for 385.316)
2025-08-06 09:13:21,561 INFO o.a.j.l.DirectJDKLog [tomcat-shutdown] Pausing ProtocolHandler ["http-nio-8080"]
2025-08-06 09:13:21,579 INFO o.a.j.l.DirectJDKLog [Thread-15] Stopping ProtocolHandler ["http-nio-8080"]
2025-08-06 09:13:21,585 INFO c.z.h.HikariDataSource [Thread-15] HikariPool-4 - Shutdown initiated...
2025-08-06 09:13:21,597 INFO c.z.h.HikariDataSource [Thread-15] HikariPool-4 - Shutdown completed.
2025-08-06 09:13:21,833 INFO o.s.b.StartupInfoLogger [restartedMain] Starting UserServiceApplication using Java 21.0.3 with PID 12300 (C:\Users\jhask\Downloads\Project\Yout_Connect\genSpark-Backend\user-service\target\classes started by jhask in C:\Users\jhask\Downloads\Project\Yout_Connect\genSpark-Backend\user-service)
2025-08-06 09:13:21,834 INFO o.s.b.SpringApplication [restartedMain] No active profile set, falling back to 1 default profile: "default"
2025-08-06 09:13:22,609 INFO o.a.j.l.DirectJDKLog [restartedMain] Initializing ProtocolHandler ["http-nio-8080"]
2025-08-06 09:13:22,610 INFO o.a.j.l.DirectJDKLog [restartedMain] Starting service [Tomcat]
2025-08-06 09:13:22,611 INFO o.a.j.l.DirectJDKLog [restartedMain] Starting Servlet engine: [Apache Tomcat/10.1.42]
2025-08-06 09:13:22,658 INFO o.a.j.l.DirectJDKLog [restartedMain] Initializing Spring embedded WebApplicationContext
2025-08-06 09:13:22,723 INFO c.z.h.HikariDataSource [restartedMain] HikariPool-5 - Starting...
2025-08-06 09:13:22,751 INFO c.z.h.p.HikariPool [restartedMain] HikariPool-5 - Added connection com.mysql.cj.jdbc.ConnectionImpl@7a399202
2025-08-06 09:13:22,752 INFO c.z.h.HikariDataSource [restartedMain] HikariPool-5 - Start completed.
2025-08-06 09:13:22,760 INFO o.f.c.i.l.s.Slf4jLog [restartedMain] Database: jdbc:mysql://localhost:3306/genspark_db?createDatabaseIfNotExist=true (MySQL 8.0)
2025-08-06 09:13:22,791 INFO o.f.c.i.l.s.Slf4jLog [restartedMain] Successfully validated 1 migration (execution time 00:00.012s)
2025-08-06 09:13:22,828 INFO o.f.c.i.l.s.Slf4jLog [restartedMain] Current version of schema `genspark_db`: 1
2025-08-06 09:13:22,831 INFO o.f.c.i.l.s.Slf4jLog [restartedMain] Schema `genspark_db` is up to date. No migration necessary.
2025-08-06 09:13:22,929 WARN o.h.e.j.d.i.DialectFactoryImpl [restartedMain] HHH90000025: MySQLDialect does not need to be specified explicitly using 'hibernate.dialect' (remove the property setting and it will be selected by default)
2025-08-06 09:13:23,729 WARN o.s.b.a.o.j.JpaBaseConfiguration$JpaWebConfiguration [restartedMain] spring.jpa.open-in-view is enabled by default. Therefore, database queries may be performed during view rendering. Explicitly configure spring.jpa.open-in-view to disable this warning
2025-08-06 09:13:24,015 INFO o.a.j.l.DirectJDKLog [restartedMain] Starting ProtocolHandler ["http-nio-8080"]
2025-08-06 09:13:24,025 INFO o.s.b.StartupInfoLogger [restartedMain] Started UserServiceApplication in 2.27 seconds (process running for 407.016)
2025-08-06 09:14:39,476 INFO o.a.j.l.DirectJDKLog [tomcat-shutdown] Pausing ProtocolHandler ["http-nio-8080"]
2025-08-06 09:14:39,488 INFO o.a.j.l.DirectJDKLog [Thread-19] Stopping ProtocolHandler ["http-nio-8080"]
2025-08-06 09:14:39,495 INFO c.z.h.HikariDataSource [Thread-19] HikariPool-5 - Shutdown initiated...
2025-08-06 09:14:39,513 INFO c.z.h.HikariDataSource [Thread-19] HikariPool-5 - Shutdown completed.
2025-08-06 09:14:39,730 INFO o.s.b.StartupInfoLogger [restartedMain] Starting UserServiceApplication using Java 21.0.3 with PID 12300 (C:\Users\jhask\Downloads\Project\Yout_Connect\genSpark-Backend\user-service\target\classes started by jhask in C:\Users\jhask\Downloads\Project\Yout_Connect\genSpark-Backend\user-service)
2025-08-06 09:14:39,731 INFO o.s.b.SpringApplication [restartedMain] No active profile set, falling back to 1 default profile: "default"
2025-08-06 09:14:40,512 INFO o.a.j.l.DirectJDKLog [restartedMain] Initializing ProtocolHandler ["http-nio-8080"]
2025-08-06 09:14:40,513 INFO o.a.j.l.DirectJDKLog [restartedMain] Starting service [Tomcat]
2025-08-06 09:14:40,514 INFO o.a.j.l.DirectJDKLog [restartedMain] Starting Servlet engine: [Apache Tomcat/10.1.42]
2025-08-06 09:14:40,553 INFO o.a.j.l.DirectJDKLog [restartedMain] Initializing Spring embedded WebApplicationContext
2025-08-06 09:14:40,617 INFO c.z.h.HikariDataSource [restartedMain] HikariPool-6 - Starting...
2025-08-06 09:14:40,647 INFO c.z.h.p.HikariPool [restartedMain] HikariPool-6 - Added connection com.mysql.cj.jdbc.ConnectionImpl@763061ae
2025-08-06 09:14:40,648 INFO c.z.h.HikariDataSource [restartedMain] HikariPool-6 - Start completed.
2025-08-06 09:14:40,658 INFO o.f.c.i.l.s.Slf4jLog [restartedMain] Database: jdbc:mysql://localhost:3306/genspark_db?createDatabaseIfNotExist=true (MySQL 8.0)
2025-08-06 09:14:40,688 INFO o.f.c.i.l.s.Slf4jLog [restartedMain] Successfully validated 1 migration (execution time 00:00.013s)
2025-08-06 09:14:40,707 INFO o.f.c.i.l.s.Slf4jLog [restartedMain] Current version of schema `genspark_db`: 1
2025-08-06 09:14:40,708 INFO o.f.c.i.l.s.Slf4jLog [restartedMain] Schema `genspark_db` is up to date. No migration necessary.
2025-08-06 09:14:40,823 WARN o.h.e.j.d.i.DialectFactoryImpl [restartedMain] HHH90000025: MySQLDialect does not need to be specified explicitly using 'hibernate.dialect' (remove the property setting and it will be selected by default)
2025-08-06 09:14:41,517 WARN o.s.b.a.o.j.JpaBaseConfiguration$JpaWebConfiguration [restartedMain] spring.jpa.open-in-view is enabled by default. Therefore, database queries may be performed during view rendering. Explicitly configure spring.jpa.open-in-view to disable this warning
2025-08-06 09:14:41,836 INFO o.a.j.l.DirectJDKLog [restartedMain] Starting ProtocolHandler ["http-nio-8080"]
2025-08-06 09:14:41,847 INFO o.s.b.StartupInfoLogger [restartedMain] Started UserServiceApplication in 2.19 seconds (process running for 484.837)
2025-08-06 09:15:00,016 INFO i.o.g.s.i.ScheduledTaskServiceImpl [scheduling-1] Running meeting reminder task...
2025-08-06 09:15:00,028 INFO i.o.g.s.i.ScheduledTaskServiceImpl [scheduling-1] No upcoming meetings found needing a reminder.
2025-08-06 09:15:07,348 INFO o.a.j.l.DirectJDKLog [tomcat-shutdown] Pausing ProtocolHandler ["http-nio-8080"]
2025-08-06 09:15:07,363 INFO o.a.j.l.DirectJDKLog [Thread-23] Stopping ProtocolHandler ["http-nio-8080"]
2025-08-06 09:15:07,369 INFO c.z.h.HikariDataSource [Thread-23] HikariPool-6 - Shutdown initiated...
2025-08-06 09:15:07,395 INFO c.z.h.HikariDataSource [Thread-23] HikariPool-6 - Shutdown completed.
2025-08-06 09:15:07,583 INFO o.s.b.StartupInfoLogger [restartedMain] Starting UserServiceApplication using Java 21.0.3 with PID 12300 (C:\Users\jhask\Downloads\Project\Yout_Connect\genSpark-Backend\user-service\target\classes started by jhask in C:\Users\jhask\Downloads\Project\Yout_Connect\genSpark-Backend\user-service)
2025-08-06 09:15:07,583 INFO o.s.b.SpringApplication [restartedMain] No active profile set, falling back to 1 default profile: "default"
2025-08-06 09:15:08,310 INFO o.a.j.l.DirectJDKLog [restartedMain] Initializing ProtocolHandler ["http-nio-8080"]
2025-08-06 09:15:08,311 INFO o.a.j.l.DirectJDKLog [restartedMain] Starting service [Tomcat]
2025-08-06 09:15:08,311 INFO o.a.j.l.DirectJDKLog [restartedMain] Starting Servlet engine: [Apache Tomcat/10.1.42]
2025-08-06 09:15:08,351 INFO o.a.j.l.DirectJDKLog [restartedMain] Initializing Spring embedded WebApplicationContext
2025-08-06 09:15:08,406 INFO c.z.h.HikariDataSource [restartedMain] HikariPool-7 - Starting...
2025-08-06 09:15:08,428 INFO c.z.h.p.HikariPool [restartedMain] HikariPool-7 - Added connection com.mysql.cj.jdbc.ConnectionImpl@33bb8cf7
2025-08-06 09:15:08,429 INFO c.z.h.HikariDataSource [restartedMain] HikariPool-7 - Start completed.
2025-08-06 09:15:08,438 INFO o.f.c.i.l.s.Slf4jLog [restartedMain] Database: jdbc:mysql://localhost:3306/genspark_db?createDatabaseIfNotExist=true (MySQL 8.0)
2025-08-06 09:15:08,474 INFO o.f.c.i.l.s.Slf4jLog [restartedMain] Successfully validated 1 migration (execution time 00:00.017s)
2025-08-06 09:15:08,496 INFO o.f.c.i.l.s.Slf4jLog [restartedMain] Current version of schema `genspark_db`: 1
2025-08-06 09:15:08,498 INFO o.f.c.i.l.s.Slf4jLog [restartedMain] Schema `genspark_db` is up to date. No migration necessary.
2025-08-06 09:15:08,563 WARN o.h.e.j.d.i.DialectFactoryImpl [restartedMain] HHH90000025: MySQLDialect does not need to be specified explicitly using 'hibernate.dialect' (remove the property setting and it will be selected by default)
2025-08-06 09:15:09,266 WARN o.s.b.a.o.j.JpaBaseConfiguration$JpaWebConfiguration [restartedMain] spring.jpa.open-in-view is enabled by default. Therefore, database queries may be performed during view rendering. Explicitly configure spring.jpa.open-in-view to disable this warning
2025-08-06 09:15:09,560 INFO o.a.j.l.DirectJDKLog [restartedMain] Starting ProtocolHandler ["http-nio-8080"]
2025-08-06 09:15:09,578 INFO o.s.b.StartupInfoLogger [restartedMain] Started UserServiceApplication in 2.061 seconds (process running for 512.57)
2025-08-06 09:19:19,317 INFO o.a.j.l.DirectJDKLog [tomcat-shutdown] Pausing ProtocolHandler ["http-nio-8080"]
2025-08-06 09:19:19,329 INFO o.a.j.l.DirectJDKLog [Thread-27] Stopping ProtocolHandler ["http-nio-8080"]
2025-08-06 09:19:19,335 INFO c.z.h.HikariDataSource [Thread-27] HikariPool-7 - Shutdown initiated...
2025-08-06 09:19:19,348 INFO c.z.h.HikariDataSource [Thread-27] HikariPool-7 - Shutdown completed.
2025-08-06 09:19:19,563 INFO o.s.b.StartupInfoLogger [restartedMain] Starting UserServiceApplication using Java 21.0.3 with PID 12300 (C:\Users\jhask\Downloads\Project\Yout_Connect\genSpark-Backend\user-service\target\classes started by jhask in C:\Users\jhask\Downloads\Project\Yout_Connect\genSpark-Backend\user-service)
2025-08-06 09:19:19,565 INFO o.s.b.SpringApplication [restartedMain] No active profile set, falling back to 1 default profile: "default"
2025-08-06 09:19:20,310 INFO o.a.j.l.DirectJDKLog [restartedMain] Initializing ProtocolHandler ["http-nio-8080"]
2025-08-06 09:19:20,311 INFO o.a.j.l.DirectJDKLog [restartedMain] Starting service [Tomcat]
2025-08-06 09:19:20,311 INFO o.a.j.l.DirectJDKLog [restartedMain] Starting Servlet engine: [Apache Tomcat/10.1.42]
2025-08-06 09:19:20,346 INFO o.a.j.l.DirectJDKLog [restartedMain] Initializing Spring embedded WebApplicationContext
2025-08-06 09:19:20,401 INFO c.z.h.HikariDataSource [restartedMain] HikariPool-8 - Starting...
2025-08-06 09:19:20,426 INFO c.z.h.p.HikariPool [restartedMain] HikariPool-8 - Added connection com.mysql.cj.jdbc.ConnectionImpl@2ac0c03f
2025-08-06 09:19:20,426 INFO c.z.h.HikariDataSource [restartedMain] HikariPool-8 - Start completed.
2025-08-06 09:19:20,435 INFO o.f.c.i.l.s.Slf4jLog [restartedMain] Database: jdbc:mysql://localhost:3306/genspark_db?createDatabaseIfNotExist=true (MySQL 8.0)
2025-08-06 09:19:20,465 INFO o.f.c.i.l.s.Slf4jLog [restartedMain] Successfully validated 1 migration (execution time 00:00.014s)
2025-08-06 09:19:20,487 INFO o.f.c.i.l.s.Slf4jLog [restartedMain] Current version of schema `genspark_db`: 1
2025-08-06 09:19:20,491 INFO o.f.c.i.l.s.Slf4jLog [restartedMain] Schema `genspark_db` is up to date. No migration necessary.
2025-08-06 09:19:20,547 WARN o.h.e.j.d.i.DialectFactoryImpl [restartedMain] HHH90000025: MySQLDialect does not need to be specified explicitly using 'hibernate.dialect' (remove the property setting and it will be selected by default)
2025-08-06 09:19:21,193 WARN o.s.b.a.o.j.JpaBaseConfiguration$JpaWebConfiguration [restartedMain] spring.jpa.open-in-view is enabled by default. Therefore, database queries may be performed during view rendering. Explicitly configure spring.jpa.open-in-view to disable this warning
2025-08-06 09:19:21,451 INFO o.a.j.l.DirectJDKLog [restartedMain] Starting ProtocolHandler ["http-nio-8080"]
2025-08-06 09:19:21,464 INFO o.s.b.StartupInfoLogger [restartedMain] Started UserServiceApplication in 1.978 seconds (process running for 764.456)
2025-08-06 09:19:32,958 INFO o.a.j.l.DirectJDKLog [http-nio-8080-exec-1] Initializing Spring DispatcherServlet 'dispatcherServlet'
2025-08-06 09:20:00,015 INFO i.o.g.s.i.ScheduledTaskServiceImpl [scheduling-1] Running meeting reminder task...
2025-08-06 09:20:00,031 INFO i.o.g.s.i.ScheduledTaskServiceImpl [scheduling-1] No upcoming meetings found needing a reminder.
2025-08-06 09:25:00,010 INFO i.o.g.s.i.ScheduledTaskServiceImpl [scheduling-1] Running meeting reminder task...
2025-08-06 09:25:00,020 INFO i.o.g.s.i.ScheduledTaskServiceImpl [scheduling-1] No upcoming meetings found needing a reminder.
2025-08-06 09:30:00,015 INFO i.o.g.s.i.ScheduledTaskServiceImpl [scheduling-1] Running meeting reminder task...
2025-08-06 09:30:00,024 INFO i.o.g.s.i.ScheduledTaskServiceImpl [scheduling-1] No upcoming meetings found needing a reminder.
2025-08-06 09:35:00,018 INFO i.o.g.s.i.ScheduledTaskServiceImpl [scheduling-1] Running meeting reminder task...
2025-08-06 09:35:00,026 INFO i.o.g.s.i.ScheduledTaskServiceImpl [scheduling-1] No upcoming meetings found needing a reminder.
2025-08-06 09:37:01,847 INFO o.a.j.l.DirectJDKLog [tomcat-shutdown] Pausing ProtocolHandler ["http-nio-8080"]
2025-08-06 09:37:01,859 INFO o.a.j.l.DirectJDKLog [Thread-31] Stopping ProtocolHandler ["http-nio-8080"]
2025-08-06 09:37:01,866 INFO c.z.h.HikariDataSource [Thread-31] HikariPool-8 - Shutdown initiated...
2025-08-06 09:37:01,882 INFO c.z.h.HikariDataSource [Thread-31] HikariPool-8 - Shutdown completed.
2025-08-06 09:37:02,105 INFO o.s.b.StartupInfoLogger [restartedMain] Starting UserServiceApplication using Java 21.0.3 with PID 12300 (C:\Users\jhask\Downloads\Project\Yout_Connect\genSpark-Backend\user-service\target\classes started by jhask in C:\Users\jhask\Downloads\Project\Yout_Connect\genSpark-Backend\user-service)
2025-08-06 09:37:02,106 INFO o.s.b.SpringApplication [restartedMain] No active profile set, falling back to 1 default profile: "default"
2025-08-06 09:37:02,851 INFO o.a.j.l.DirectJDKLog [restartedMain] Initializing ProtocolHandler ["http-nio-8080"]
2025-08-06 09:37:02,852 INFO o.a.j.l.DirectJDKLog [restartedMain] Starting service [Tomcat]
2025-08-06 09:37:02,852 INFO o.a.j.l.DirectJDKLog [restartedMain] Starting Servlet engine: [Apache Tomcat/10.1.42]
2025-08-06 09:37:02,885 INFO o.a.j.l.DirectJDKLog [restartedMain] Initializing Spring embedded WebApplicationContext
2025-08-06 09:37:02,932 INFO c.z.h.HikariDataSource [restartedMain] HikariPool-9 - Starting...
2025-08-06 09:37:02,956 INFO c.z.h.p.HikariPool [restartedMain] HikariPool-9 - Added connection com.mysql.cj.jdbc.ConnectionImpl@30d0d98e
2025-08-06 09:37:02,957 INFO c.z.h.HikariDataSource [restartedMain] HikariPool-9 - Start completed.
2025-08-06 09:37:02,964 INFO o.f.c.i.l.s.Slf4jLog [restartedMain] Database: jdbc:mysql://localhost:3306/genspark_db?createDatabaseIfNotExist=true (MySQL 8.0)
2025-08-06 09:37:03,000 INFO o.f.c.i.l.s.Slf4jLog [restartedMain] Successfully validated 1 migration (execution time 00:00.019s)
2025-08-06 09:37:03,038 INFO o.f.c.i.l.s.Slf4jLog [restartedMain] Current version of schema `genspark_db`: 1
2025-08-06 09:37:03,042 INFO o.f.c.i.l.s.Slf4jLog [restartedMain] Schema `genspark_db` is up to date. No migration necessary.
2025-08-06 09:37:03,103 WARN o.h.e.j.d.i.DialectFactoryImpl [restartedMain] HHH90000025: MySQLDialect does not need to be specified explicitly using 'hibernate.dialect' (remove the property setting and it will be selected by default)
2025-08-06 09:37:03,731 WARN o.s.b.a.o.j.JpaBaseConfiguration$JpaWebConfiguration [restartedMain] spring.jpa.open-in-view is enabled by default. Therefore, database queries may be performed during view rendering. Explicitly configure spring.jpa.open-in-view to disable this warning
2025-08-06 09:37:04,040 INFO o.a.j.l.DirectJDKLog [restartedMain] Starting ProtocolHandler ["http-nio-8080"]
2025-08-06 09:37:04,052 INFO o.s.b.StartupInfoLogger [restartedMain] Started UserServiceApplication in 2.008 seconds (process running for 1827.043)
2025-08-06 09:40:00,017 INFO i.o.g.s.i.ScheduledTaskServiceImpl [scheduling-1] Running meeting reminder task...
2025-08-06 09:40:00,035 INFO i.o.g.s.i.ScheduledTaskServiceImpl [scheduling-1] No upcoming meetings found needing a reminder.
2025-08-06 09:45:00,004 INFO i.o.g.s.i.ScheduledTaskServiceImpl [scheduling-1] Running meeting reminder task...
2025-08-06 09:45:00,013 INFO i.o.g.s.i.ScheduledTaskServiceImpl [scheduling-1] No upcoming meetings found needing a reminder.
2025-08-06 09:50:00,006 INFO i.o.g.s.i.ScheduledTaskServiceImpl [scheduling-1] Running meeting reminder task...
2025-08-06 09:50:00,016 INFO i.o.g.s.i.ScheduledTaskServiceImpl [scheduling-1] No upcoming meetings found needing a reminder.
2025-08-06 09:55:00,015 INFO i.o.g.s.i.ScheduledTaskServiceImpl [scheduling-1] Running meeting reminder task...
2025-08-06 09:55:00,020 INFO i.o.g.s.i.ScheduledTaskServiceImpl [scheduling-1] No upcoming meetings found needing a reminder.
2025-08-06 10:00:00,006 INFO i.o.g.s.i.ScheduledTaskServiceImpl [scheduling-1] Running meeting reminder task...
2025-08-06 10:00:00,020 INFO i.o.g.s.i.ScheduledTaskServiceImpl [scheduling-1] No upcoming meetings found needing a reminder.
2025-08-06 10:05:00,013 INFO i.o.g.s.i.ScheduledTaskServiceImpl [scheduling-1] Running meeting reminder task...
2025-08-06 10:05:00,018 INFO i.o.g.s.i.ScheduledTaskServiceImpl [scheduling-1] No upcoming meetings found needing a reminder.
2025-08-06 10:10:00,003 INFO i.o.g.s.i.ScheduledTaskServiceImpl [scheduling-1] Running meeting reminder task...
2025-08-06 10:10:00,024 INFO i.o.g.s.i.ScheduledTaskServiceImpl [scheduling-1] No upcoming meetings found needing a reminder.
2025-08-06 10:15:00,008 INFO i.o.g.s.i.ScheduledTaskServiceImpl [scheduling-1] Running meeting reminder task...
2025-08-06 10:15:00,016 INFO i.o.g.s.i.ScheduledTaskServiceImpl [scheduling-1] No upcoming meetings found needing a reminder.
2025-08-06 10:20:00,014 INFO i.o.g.s.i.ScheduledTaskServiceImpl [scheduling-1] Running meeting reminder task...
2025-08-06 10:20:00,022 INFO i.o.g.s.i.ScheduledTaskServiceImpl [scheduling-1] No upcoming meetings found needing a reminder.
2025-08-06 10:25:00,010 INFO i.o.g.s.i.ScheduledTaskServiceImpl [scheduling-1] Running meeting reminder task...
2025-08-06 10:25:00,018 INFO i.o.g.s.i.ScheduledTaskServiceImpl [scheduling-1] No upcoming meetings found needing a reminder.
2025-08-06 10:30:00,013 INFO i.o.g.s.i.ScheduledTaskServiceImpl [scheduling-1] Running meeting reminder task...
2025-08-06 10:30:00,021 INFO i.o.g.s.i.ScheduledTaskServiceImpl [scheduling-1] No upcoming meetings found needing a reminder.
2025-08-06 10:35:00,001 INFO i.o.g.s.i.ScheduledTaskServiceImpl [scheduling-1] Running meeting reminder task...
2025-08-06 10:35:00,012 INFO i.o.g.s.i.ScheduledTaskServiceImpl [scheduling-1] No upcoming meetings found needing a reminder.
2025-08-06 10:40:00,005 INFO i.o.g.s.i.ScheduledTaskServiceImpl [scheduling-1] Running meeting reminder task...
2025-08-06 10:40:00,014 INFO i.o.g.s.i.ScheduledTaskServiceImpl [scheduling-1] No upcoming meetings found needing a reminder.
2025-08-06 10:45:00,008 INFO i.o.g.s.i.ScheduledTaskServiceImpl [scheduling-1] Running meeting reminder task...
2025-08-06 10:45:00,017 INFO i.o.g.s.i.ScheduledTaskServiceImpl [scheduling-1] No upcoming meetings found needing a reminder.
2025-08-06 11:40:07,744 WARN c.z.h.p.HikariPool$HouseKeeper [HikariPool-9:housekeeper] HikariPool-9 - Thread starvation or clock leap detected (housekeeper delta=52m33s719ms24µs900ns).
2025-08-06 11:47:02,491 WARN c.z.h.p.HikariPool$HouseKeeper [HikariPool-9:housekeeper] HikariPool-9 - Thread starvation or clock leap detected (housekeeper delta=6m54s747ms711µs400ns).
2025-08-06 11:48:28,461 INFO i.o.g.s.i.ScheduledTaskServiceImpl [scheduling-1] Running meeting reminder task...
2025-08-06 11:48:28,469 INFO i.o.g.s.i.ScheduledTaskServiceImpl [scheduling-1] No upcoming meetings found needing a reminder.
2025-08-06 11:50:00,011 INFO i.o.g.s.i.ScheduledTaskServiceImpl [scheduling-1] Running meeting reminder task...
2025-08-06 11:50:00,018 INFO i.o.g.s.i.ScheduledTaskServiceImpl [scheduling-1] No upcoming meetings found needing a reminder.
2025-08-06 11:52:18,523 INFO o.a.j.l.DirectJDKLog [http-nio-8080-exec-2] Initializing Spring DispatcherServlet 'dispatcherServlet'
2025-08-06 11:55:00,009 INFO i.o.g.s.i.ScheduledTaskServiceImpl [scheduling-1] Running meeting reminder task...
2025-08-06 11:55:00,016 INFO i.o.g.s.i.ScheduledTaskServiceImpl [scheduling-1] No upcoming meetings found needing a reminder.
2025-08-06 12:00:00,013 INFO i.o.g.s.i.ScheduledTaskServiceImpl [scheduling-1] Running meeting reminder task...
2025-08-06 12:00:00,019 INFO i.o.g.s.i.ScheduledTaskServiceImpl [scheduling-1] No upcoming meetings found needing a reminder.
2025-08-06 12:01:58,467 WARN c.z.h.p.HikariPool$HouseKeeper [HikariPool-9:housekeeper] HikariPool-9 - Thread starvation or clock leap detected (housekeeper delta=55s807ms82µs700ns).
2025-08-06 12:05:25,812 INFO i.o.g.s.i.ScheduledTaskServiceImpl [scheduling-1] Running meeting reminder task...
2025-08-06 12:05:25,816 INFO i.o.g.s.i.ScheduledTaskServiceImpl [scheduling-1] No upcoming meetings found needing a reminder.
2025-08-06 12:11:46,983 WARN c.z.h.p.HikariPool$HouseKeeper [HikariPool-9:housekeeper] HikariPool-9 - Thread starvation or clock leap detected (housekeeper delta=5m48s475ms414µs400ns).
2025-08-06 12:15:18,483 INFO i.o.g.s.i.ScheduledTaskServiceImpl [scheduling-1] Running meeting reminder task...
2025-08-06 12:15:18,492 INFO i.o.g.s.i.ScheduledTaskServiceImpl [scheduling-1] No upcoming meetings found needing a reminder.
2025-08-06 12:20:00,014 INFO i.o.g.s.i.ScheduledTaskServiceImpl [scheduling-1] Running meeting reminder task...
2025-08-06 12:20:00,022 INFO i.o.g.s.i.ScheduledTaskServiceImpl [scheduling-1] No upcoming meetings found needing a reminder.
2025-08-06 12:25:00,012 INFO i.o.g.s.i.ScheduledTaskServiceImpl [scheduling-1] Running meeting reminder task...
2025-08-06 12:25:00,018 INFO i.o.g.s.i.ScheduledTaskServiceImpl [scheduling-1] No upcoming meetings found needing a reminder.
2025-08-06 12:30:00,008 INFO i.o.g.s.i.ScheduledTaskServiceImpl [scheduling-1] Running meeting reminder task...
2025-08-06 12:30:00,016 INFO i.o.g.s.i.ScheduledTaskServiceImpl [scheduling-1] No upcoming meetings found needing a reminder.
2025-08-06 12:31:25,487 INFO o.a.j.l.DirectJDKLog [tomcat-shutdown] Pausing ProtocolHandler ["http-nio-8080"]
2025-08-06 12:31:25,500 INFO o.a.j.l.DirectJDKLog [Thread-35] Stopping ProtocolHandler ["http-nio-8080"]
2025-08-06 12:31:25,517 INFO c.z.h.HikariDataSource [Thread-35] HikariPool-9 - Shutdown initiated...
2025-08-06 12:31:25,529 INFO c.z.h.HikariDataSource [Thread-35] HikariPool-9 - Shutdown completed.
2025-08-06 12:31:25,794 INFO o.s.b.StartupInfoLogger [restartedMain] Starting UserServiceApplication using Java 21.0.3 with PID 12300 (C:\Users\jhask\Downloads\Project\Yout_Connect\genSpark-Backend\user-service\target\classes started by jhask in C:\Users\jhask\Downloads\Project\Yout_Connect\genSpark-Backend\user-service)
2025-08-06 12:31:25,796 INFO o.s.b.SpringApplication [restartedMain] No active profile set, falling back to 1 default profile: "default"
2025-08-06 12:31:26,950 INFO o.a.j.l.DirectJDKLog [restartedMain] Initializing ProtocolHandler ["http-nio-8080"]
2025-08-06 12:31:26,951 INFO o.a.j.l.DirectJDKLog [restartedMain] Starting service [Tomcat]
2025-08-06 12:31:26,952 INFO o.a.j.l.DirectJDKLog [restartedMain] Starting Servlet engine: [Apache Tomcat/10.1.42]
2025-08-06 12:31:27,014 INFO o.a.j.l.DirectJDKLog [restartedMain] Initializing Spring embedded WebApplicationContext
2025-08-06 12:31:27,105 INFO c.z.h.HikariDataSource [restartedMain] HikariPool-10 - Starting...
2025-08-06 12:31:27,128 INFO c.z.h.p.HikariPool [restartedMain] HikariPool-10 - Added connection com.mysql.cj.jdbc.ConnectionImpl@3912c2a8
2025-08-06 12:31:27,129 INFO c.z.h.HikariDataSource [restartedMain] HikariPool-10 - Start completed.
2025-08-06 12:31:27,146 INFO o.f.c.i.l.s.Slf4jLog [restartedMain] Database: jdbc:mysql://localhost:3306/genspark_db?createDatabaseIfNotExist=true (MySQL 8.0)
2025-08-06 12:31:27,184 INFO o.f.c.i.l.s.Slf4jLog [restartedMain] Successfully validated 1 migration (execution time 00:00.021s)
2025-08-06 12:31:27,200 INFO o.f.c.i.l.s.Slf4jLog [restartedMain] Current version of schema `genspark_db`: 1
2025-08-06 12:31:27,202 INFO o.f.c.i.l.s.Slf4jLog [restartedMain] Schema `genspark_db` is up to date. No migration necessary.
2025-08-06 12:31:27,280 WARN o.h.e.j.d.i.DialectFactoryImpl [restartedMain] HHH90000025: MySQLDialect does not need to be specified explicitly using 'hibernate.dialect' (remove the property setting and it will be selected by default)
2025-08-06 12:31:28,335 WARN o.s.b.a.o.j.JpaBaseConfiguration$JpaWebConfiguration [restartedMain] spring.jpa.open-in-view is enabled by default. Therefore, database queries may be performed during view rendering. Explicitly configure spring.jpa.open-in-view to disable this warning
2025-08-06 12:31:28,708 INFO o.a.j.l.DirectJDKLog [restartedMain] Starting ProtocolHandler ["http-nio-8080"]
2025-08-06 12:31:28,747 INFO o.s.b.StartupInfoLogger [restartedMain] Started UserServiceApplication in 3.081 seconds (process running for 12291.737)
2025-08-06 12:51:17,533 INFO o.s.b.StartupInfoLogger [restartedMain] Starting UserServiceApplication using Java 21.0.3 with PID 23572 (C:\Users\jhask\Downloads\Project\Yout_Connect\genSpark-Backend\user-service\target\classes started by jhask in C:\Users\jhask\Downloads\Project\Yout_Connect\genSpark-Backend\user-service)
2025-08-06 12:51:17,537 INFO o.s.b.SpringApplication [restartedMain] No active profile set, falling back to 1 default profile: "default"
2025-08-06 12:51:19,935 INFO o.a.j.l.DirectJDKLog [restartedMain] Initializing ProtocolHandler ["http-nio-8080"]
2025-08-06 12:51:19,940 INFO o.a.j.l.DirectJDKLog [restartedMain] Starting service [Tomcat]
2025-08-06 12:51:19,940 INFO o.a.j.l.DirectJDKLog [restartedMain] Starting Servlet engine: [Apache Tomcat/10.1.42]
2025-08-06 12:51:20,002 INFO o.a.j.l.DirectJDKLog [restartedMain] Initializing Spring embedded WebApplicationContext
2025-08-06 12:51:20,365 INFO c.z.h.HikariDataSource [restartedMain] HikariPool-1 - Starting...
2025-08-06 12:51:20,892 INFO c.z.h.p.HikariPool [restartedMain] HikariPool-1 - Added connection com.mysql.cj.jdbc.ConnectionImpl@7762bc81
2025-08-06 12:51:20,896 INFO c.z.h.HikariDataSource [restartedMain] HikariPool-1 - Start completed.
2025-08-06 12:51:20,957 INFO o.f.c.i.l.s.Slf4jLog [restartedMain] Database: jdbc:mysql://localhost:3306/genspark_db?createDatabaseIfNotExist=true (MySQL 8.0)
2025-08-06 12:51:21,029 INFO o.f.c.i.l.s.Slf4jLog [restartedMain] Successfully validated 1 migration (execution time 00:00.041s)
2025-08-06 12:51:21,054 INFO o.f.c.i.l.s.Slf4jLog [restartedMain] Current version of schema `genspark_db`: 1
2025-08-06 12:51:21,061 INFO o.f.c.i.l.s.Slf4jLog [restartedMain] Schema `genspark_db` is up to date. No migration necessary.
2025-08-06 12:51:21,820 WARN o.h.e.j.d.i.DialectFactoryImpl [restartedMain] HHH90000025: MySQLDialect does not need to be specified explicitly using 'hibernate.dialect' (remove the property setting and it will be selected by default)
2025-08-06 12:51:23,948 WARN o.s.b.a.o.j.JpaBaseConfiguration$JpaWebConfiguration [restartedMain] spring.jpa.open-in-view is enabled by default. Therefore, database queries may be performed during view rendering. Explicitly configure spring.jpa.open-in-view to disable this warning
2025-08-06 12:51:24,765 INFO o.a.j.l.DirectJDKLog [restartedMain] Starting ProtocolHandler ["http-nio-8080"]
2025-08-06 12:51:24,823 INFO o.s.b.StartupInfoLogger [restartedMain] Started UserServiceApplication in 8.082 seconds (process running for 8.583)
2025-08-06 12:51:28,582 INFO o.a.j.l.DirectJDKLog [http-nio-8080-exec-2] Initializing Spring DispatcherServlet 'dispatcherServlet'
2025-08-06 12:52:38,030 INFO i.o.g.s.i.EmailServiceImpl [http-nio-8080-exec-6] HTML OTP verification email sent to jhasaketansa86@gmail.com
2025-08-06 12:53:31,622 WARN i.o.g.s.JwtAuthenticationFilter [http-nio-8080-exec-10] JWT token processing error: JWT expired at 2025-07-18T22:31:30Z. Current time: 2025-08-06T07:23:31Z, a difference of 1587121621 milliseconds.  Allowed clock skew: 0 milliseconds.
2025-08-06 12:55:00,021 INFO i.o.g.s.i.ScheduledTaskServiceImpl [scheduling-1] Running meeting reminder task...
2025-08-06 12:55:00,028 INFO i.o.g.s.i.ScheduledTaskServiceImpl [scheduling-1] No upcoming meetings found needing a reminder.
2025-08-06 13:00:00,005 INFO i.o.g.s.i.ScheduledTaskServiceImpl [scheduling-1] Running meeting reminder task...
2025-08-06 13:00:00,010 INFO i.o.g.s.i.ScheduledTaskServiceImpl [scheduling-1] No upcoming meetings found needing a reminder.
2025-08-06 13:03:46,109 WARN i.o.g.s.JwtAuthenticationFilter [http-nio-8080-exec-5] JWT token processing error: JWT expired at 2025-08-06T07:29:02Z. Current time: 2025-08-06T07:33:46Z, a difference of 284108 milliseconds.  Allowed clock skew: 0 milliseconds.
2025-08-06 13:05:00,007 INFO i.o.g.s.i.ScheduledTaskServiceImpl [scheduling-1] Running meeting reminder task...
2025-08-06 13:05:00,011 INFO i.o.g.s.i.ScheduledTaskServiceImpl [scheduling-1] No upcoming meetings found needing a reminder.
2025-08-06 13:06:10,718 WARN i.o.g.s.JwtAuthenticationFilter [http-nio-8080-exec-9] JWT token processing error: JWT expired at 2025-08-06T07:29:02Z. Current time: 2025-08-06T07:36:10Z, a difference of 428718 milliseconds.  Allowed clock skew: 0 milliseconds.
2025-08-06 13:06:33,354 INFO o.a.j.l.DirectJDKLog [tomcat-shutdown] Pausing ProtocolHandler ["http-nio-8080"]
2025-08-06 13:06:33,360 INFO o.a.j.l.DirectJDKLog [Thread-5] Stopping ProtocolHandler ["http-nio-8080"]
2025-08-06 13:06:33,369 INFO c.z.h.HikariDataSource [Thread-5] HikariPool-1 - Shutdown initiated...
2025-08-06 13:06:33,376 INFO c.z.h.HikariDataSource [Thread-5] HikariPool-1 - Shutdown completed.
2025-08-06 13:06:33,486 INFO o.s.b.StartupInfoLogger [restartedMain] Starting UserServiceApplication using Java 21.0.3 with PID 23572 (C:\Users\jhask\Downloads\Project\Yout_Connect\genSpark-Backend\user-service\target\classes started by jhask in C:\Users\jhask\Downloads\Project\Yout_Connect\genSpark-Backend\user-service)
2025-08-06 13:06:33,486 INFO o.s.b.SpringApplication [restartedMain] No active profile set, falling back to 1 default profile: "default"
2025-08-06 13:06:34,135 INFO o.a.j.l.DirectJDKLog [restartedMain] Initializing ProtocolHandler ["http-nio-8080"]
2025-08-06 13:06:34,135 INFO o.a.j.l.DirectJDKLog [restartedMain] Starting service [Tomcat]
2025-08-06 13:06:34,136 INFO o.a.j.l.DirectJDKLog [restartedMain] Starting Servlet engine: [Apache Tomcat/10.1.42]
2025-08-06 13:06:34,167 INFO o.a.j.l.DirectJDKLog [restartedMain] Initializing Spring embedded WebApplicationContext
2025-08-06 13:06:34,231 INFO c.z.h.HikariDataSource [restartedMain] HikariPool-2 - Starting...
2025-08-06 13:06:34,254 INFO c.z.h.p.HikariPool [restartedMain] HikariPool-2 - Added connection com.mysql.cj.jdbc.ConnectionImpl@684ae182
2025-08-06 13:06:34,255 INFO c.z.h.HikariDataSource [restartedMain] HikariPool-2 - Start completed.
2025-08-06 13:06:34,262 INFO o.f.c.i.l.s.Slf4jLog [restartedMain] Database: jdbc:mysql://localhost:3306/genspark_db?createDatabaseIfNotExist=true (MySQL 8.0)
2025-08-06 13:06:34,290 INFO o.f.c.i.l.s.Slf4jLog [restartedMain] Successfully validated 1 migration (execution time 00:00.011s)
2025-08-06 13:06:34,309 INFO o.f.c.i.l.s.Slf4jLog [restartedMain] Current version of schema `genspark_db`: 1
2025-08-06 13:06:34,311 INFO o.f.c.i.l.s.Slf4jLog [restartedMain] Schema `genspark_db` is up to date. No migration necessary.
2025-08-06 13:06:34,361 WARN o.h.e.j.d.i.DialectFactoryImpl [restartedMain] HHH90000025: MySQLDialect does not need to be specified explicitly using 'hibernate.dialect' (remove the property setting and it will be selected by default)
2025-08-06 13:06:34,942 WARN o.s.b.a.o.j.JpaBaseConfiguration$JpaWebConfiguration [restartedMain] spring.jpa.open-in-view is enabled by default. Therefore, database queries may be performed during view rendering. Explicitly configure spring.jpa.open-in-view to disable this warning
2025-08-06 13:06:35,140 INFO o.a.j.l.DirectJDKLog [restartedMain] Starting ProtocolHandler ["http-nio-8080"]
2025-08-06 13:06:35,152 INFO o.s.b.StartupInfoLogger [restartedMain] Started UserServiceApplication in 1.709 seconds (process running for 918.913)
2025-08-06 13:06:39,342 INFO o.a.j.l.DirectJDKLog [http-nio-8080-exec-3] Initializing Spring DispatcherServlet 'dispatcherServlet'
2025-08-06 13:06:39,350 WARN i.o.g.s.JwtAuthenticationFilter [http-nio-8080-exec-3] JWT token processing error: JWT expired at 2025-08-06T07:29:02Z. Current time: 2025-08-06T07:36:39Z, a difference of 457350 milliseconds.  Allowed clock skew: 0 milliseconds.
2025-08-06 13:10:00,011 INFO i.o.g.s.i.ScheduledTaskServiceImpl [scheduling-1] Running meeting reminder task...
2025-08-06 13:10:00,021 INFO i.o.g.s.i.ScheduledTaskServiceImpl [scheduling-1] No upcoming meetings found needing a reminder.
2025-08-06 13:15:00,010 INFO i.o.g.s.i.ScheduledTaskServiceImpl [scheduling-1] Running meeting reminder task...
2025-08-06 13:15:00,016 INFO i.o.g.s.i.ScheduledTaskServiceImpl [scheduling-1] No upcoming meetings found needing a reminder.
2025-08-06 13:20:00,018 INFO i.o.g.s.i.ScheduledTaskServiceImpl [scheduling-1] Running meeting reminder task...
2025-08-06 13:20:00,022 INFO i.o.g.s.i.ScheduledTaskServiceImpl [scheduling-1] No upcoming meetings found needing a reminder.
2025-08-06 13:22:45,272 INFO o.a.j.l.DirectJDKLog [tomcat-shutdown] Pausing ProtocolHandler ["http-nio-8080"]
2025-08-06 13:22:45,277 INFO o.a.j.l.DirectJDKLog [Thread-7] Stopping ProtocolHandler ["http-nio-8080"]
2025-08-06 13:22:45,284 INFO c.z.h.HikariDataSource [Thread-7] HikariPool-2 - Shutdown initiated...
2025-08-06 13:22:45,289 INFO c.z.h.HikariDataSource [Thread-7] HikariPool-2 - Shutdown completed.
2025-08-06 13:22:45,384 INFO o.s.b.StartupInfoLogger [restartedMain] Starting UserServiceApplication using Java 21.0.3 with PID 23572 (C:\Users\jhask\Downloads\Project\Yout_Connect\genSpark-Backend\user-service\target\classes started by jhask in C:\Users\jhask\Downloads\Project\Yout_Connect\genSpark-Backend\user-service)
2025-08-06 13:22:45,384 INFO o.s.b.SpringApplication [restartedMain] No active profile set, falling back to 1 default profile: "default"
2025-08-06 13:22:45,858 INFO o.a.j.l.DirectJDKLog [restartedMain] Initializing ProtocolHandler ["http-nio-8080"]
2025-08-06 13:22:45,859 INFO o.a.j.l.DirectJDKLog [restartedMain] Starting service [Tomcat]
2025-08-06 13:22:45,859 INFO o.a.j.l.DirectJDKLog [restartedMain] Starting Servlet engine: [Apache Tomcat/10.1.42]
2025-08-06 13:22:45,880 INFO o.a.j.l.DirectJDKLog [restartedMain] Initializing Spring embedded WebApplicationContext
2025-08-06 13:22:45,919 INFO c.z.h.HikariDataSource [restartedMain] HikariPool-3 - Starting...
2025-08-06 13:22:45,937 INFO c.z.h.p.HikariPool [restartedMain] HikariPool-3 - Added connection com.mysql.cj.jdbc.ConnectionImpl@421628e2
2025-08-06 13:22:45,937 INFO c.z.h.HikariDataSource [restartedMain] HikariPool-3 - Start completed.
2025-08-06 13:22:45,943 INFO o.f.c.i.l.s.Slf4jLog [restartedMain] Database: jdbc:mysql://localhost:3306/genspark_db?createDatabaseIfNotExist=true (MySQL 8.0)
2025-08-06 13:22:45,965 INFO o.f.c.i.l.s.Slf4jLog [restartedMain] Successfully validated 1 migration (execution time 00:00.008s)
2025-08-06 13:22:45,978 INFO o.f.c.i.l.s.Slf4jLog [restartedMain] Current version of schema `genspark_db`: 1
2025-08-06 13:22:45,980 INFO o.f.c.i.l.s.Slf4jLog [restartedMain] Schema `genspark_db` is up to date. No migration necessary.
2025-08-06 13:22:46,013 WARN o.h.e.j.d.i.DialectFactoryImpl [restartedMain] HHH90000025: MySQLDialect does not need to be specified explicitly using 'hibernate.dialect' (remove the property setting and it will be selected by default)
2025-08-06 13:22:46,448 WARN o.s.b.a.o.j.JpaBaseConfiguration$JpaWebConfiguration [restartedMain] spring.jpa.open-in-view is enabled by default. Therefore, database queries may be performed during view rendering. Explicitly configure spring.jpa.open-in-view to disable this warning
2025-08-06 13:22:46,611 INFO o.a.j.l.DirectJDKLog [restartedMain] Starting ProtocolHandler ["http-nio-8080"]
2025-08-06 13:22:46,620 INFO o.s.b.StartupInfoLogger [restartedMain] Started UserServiceApplication in 1.266 seconds (process running for 1890.381)
2025-08-06 13:22:51,137 INFO o.a.j.l.DirectJDKLog [tomcat-shutdown] Pausing ProtocolHandler ["http-nio-8080"]
2025-08-06 13:22:51,143 INFO o.a.j.l.DirectJDKLog [Thread-11] Stopping ProtocolHandler ["http-nio-8080"]
2025-08-06 13:22:51,146 INFO c.z.h.HikariDataSource [Thread-11] HikariPool-3 - Shutdown initiated...
2025-08-06 13:22:51,149 INFO c.z.h.HikariDataSource [Thread-11] HikariPool-3 - Shutdown completed.
2025-08-06 13:22:51,233 INFO o.s.b.StartupInfoLogger [restartedMain] Starting UserServiceApplication using Java 21.0.3 with PID 23572 (C:\Users\jhask\Downloads\Project\Yout_Connect\genSpark-Backend\user-service\target\classes started by jhask in C:\Users\jhask\Downloads\Project\Yout_Connect\genSpark-Backend\user-service)
2025-08-06 13:22:51,233 INFO o.s.b.SpringApplication [restartedMain] No active profile set, falling back to 1 default profile: "default"
2025-08-06 13:22:51,688 INFO o.a.j.l.DirectJDKLog [restartedMain] Initializing ProtocolHandler ["http-nio-8080"]
2025-08-06 13:22:51,688 INFO o.a.j.l.DirectJDKLog [restartedMain] Starting service [Tomcat]
2025-08-06 13:22:51,688 INFO o.a.j.l.DirectJDKLog [restartedMain] Starting Servlet engine: [Apache Tomcat/10.1.42]
2025-08-06 13:22:51,706 INFO o.a.j.l.DirectJDKLog [restartedMain] Initializing Spring embedded WebApplicationContext
2025-08-06 13:22:51,740 INFO c.z.h.HikariDataSource [restartedMain] HikariPool-4 - Starting...
2025-08-06 13:22:51,755 INFO c.z.h.p.HikariPool [restartedMain] HikariPool-4 - Added connection com.mysql.cj.jdbc.ConnectionImpl@3837daca
2025-08-06 13:22:51,756 INFO c.z.h.HikariDataSource [restartedMain] HikariPool-4 - Start completed.
2025-08-06 13:22:51,762 INFO o.f.c.i.l.s.Slf4jLog [restartedMain] Database: jdbc:mysql://localhost:3306/genspark_db?createDatabaseIfNotExist=true (MySQL 8.0)
2025-08-06 13:22:51,785 INFO o.f.c.i.l.s.Slf4jLog [restartedMain] Successfully validated 1 migration (execution time 00:00.009s)
2025-08-06 13:22:51,799 INFO o.f.c.i.l.s.Slf4jLog [restartedMain] Current version of schema `genspark_db`: 1
2025-08-06 13:22:51,801 INFO o.f.c.i.l.s.Slf4jLog [restartedMain] Schema `genspark_db` is up to date. No migration necessary.
2025-08-06 13:22:51,843 WARN o.h.e.j.d.i.DialectFactoryImpl [restartedMain] HHH90000025: MySQLDialect does not need to be specified explicitly using 'hibernate.dialect' (remove the property setting and it will be selected by default)
2025-08-06 13:22:52,252 WARN o.s.b.a.o.j.JpaBaseConfiguration$JpaWebConfiguration [restartedMain] spring.jpa.open-in-view is enabled by default. Therefore, database queries may be performed during view rendering. Explicitly configure spring.jpa.open-in-view to disable this warning
2025-08-06 13:22:52,409 INFO o.a.j.l.DirectJDKLog [restartedMain] Starting ProtocolHandler ["http-nio-8080"]
2025-08-06 13:22:52,415 INFO o.s.b.StartupInfoLogger [restartedMain] Started UserServiceApplication in 1.207 seconds (process running for 1896.175)
2025-08-06 13:23:42,032 INFO o.a.j.l.DirectJDKLog [tomcat-shutdown] Pausing ProtocolHandler ["http-nio-8080"]
2025-08-06 13:23:42,038 INFO o.a.j.l.DirectJDKLog [Thread-15] Stopping ProtocolHandler ["http-nio-8080"]
2025-08-06 13:23:42,042 INFO c.z.h.HikariDataSource [Thread-15] HikariPool-4 - Shutdown initiated...
2025-08-06 13:23:42,046 INFO c.z.h.HikariDataSource [Thread-15] HikariPool-4 - Shutdown completed.
2025-08-06 13:23:42,139 INFO o.s.b.StartupInfoLogger [restartedMain] Starting UserServiceApplication using Java 21.0.3 with PID 23572 (C:\Users\jhask\Downloads\Project\Yout_Connect\genSpark-Backend\user-service\target\classes started by jhask in C:\Users\jhask\Downloads\Project\Yout_Connect\genSpark-Backend\user-service)
2025-08-06 13:23:42,139 INFO o.s.b.SpringApplication [restartedMain] No active profile set, falling back to 1 default profile: "default"
2025-08-06 13:23:42,666 INFO o.a.j.l.DirectJDKLog [restartedMain] Initializing ProtocolHandler ["http-nio-8080"]
2025-08-06 13:23:42,667 INFO o.a.j.l.DirectJDKLog [restartedMain] Starting service [Tomcat]
2025-08-06 13:23:42,667 INFO o.a.j.l.DirectJDKLog [restartedMain] Starting Servlet engine: [Apache Tomcat/10.1.42]
2025-08-06 13:23:42,691 INFO o.a.j.l.DirectJDKLog [restartedMain] Initializing Spring embedded WebApplicationContext
2025-08-06 13:23:42,728 INFO c.z.h.HikariDataSource [restartedMain] HikariPool-5 - Starting...
2025-08-06 13:23:42,743 INFO c.z.h.p.HikariPool [restartedMain] HikariPool-5 - Added connection com.mysql.cj.jdbc.ConnectionImpl@455cd80c
2025-08-06 13:23:42,744 INFO c.z.h.HikariDataSource [restartedMain] HikariPool-5 - Start completed.
2025-08-06 13:23:42,751 INFO o.f.c.i.l.s.Slf4jLog [restartedMain] Database: jdbc:mysql://localhost:3306/genspark_db?createDatabaseIfNotExist=true (MySQL 8.0)
2025-08-06 13:23:42,772 INFO o.f.c.i.l.s.Slf4jLog [restartedMain] Successfully validated 1 migration (execution time 00:00.008s)
2025-08-06 13:23:42,785 INFO o.f.c.i.l.s.Slf4jLog [restartedMain] Current version of schema `genspark_db`: 1
2025-08-06 13:23:42,786 INFO o.f.c.i.l.s.Slf4jLog [restartedMain] Schema `genspark_db` is up to date. No migration necessary.
2025-08-06 13:23:42,827 WARN o.h.e.j.d.i.DialectFactoryImpl [restartedMain] HHH90000025: MySQLDialect does not need to be specified explicitly using 'hibernate.dialect' (remove the property setting and it will be selected by default)
2025-08-06 13:23:43,381 WARN o.s.b.a.o.j.JpaBaseConfiguration$JpaWebConfiguration [restartedMain] spring.jpa.open-in-view is enabled by default. Therefore, database queries may be performed during view rendering. Explicitly configure spring.jpa.open-in-view to disable this warning
2025-08-06 13:23:43,528 INFO o.a.j.l.DirectJDKLog [restartedMain] Starting ProtocolHandler ["http-nio-8080"]
2025-08-06 13:23:43,535 INFO o.s.b.StartupInfoLogger [restartedMain] Started UserServiceApplication in 1.43 seconds (process running for 1947.296)
2025-08-06 13:25:00,008 INFO i.o.g.s.i.ScheduledTaskServiceImpl [scheduling-1] Running meeting reminder task...
2025-08-06 13:25:00,014 INFO i.o.g.s.i.ScheduledTaskServiceImpl [scheduling-1] No upcoming meetings found needing a reminder.
2025-08-06 13:25:27,499 INFO o.a.j.l.DirectJDKLog [tomcat-shutdown] Pausing ProtocolHandler ["http-nio-8080"]
2025-08-06 13:25:27,506 INFO o.a.j.l.DirectJDKLog [Thread-19] Stopping ProtocolHandler ["http-nio-8080"]
2025-08-06 13:25:27,509 INFO c.z.h.HikariDataSource [Thread-19] HikariPool-5 - Shutdown initiated...
2025-08-06 13:25:27,512 INFO c.z.h.HikariDataSource [Thread-19] HikariPool-5 - Shutdown completed.
2025-08-06 13:25:27,596 INFO o.s.b.StartupInfoLogger [restartedMain] Starting UserServiceApplication using Java 21.0.3 with PID 23572 (C:\Users\jhask\Downloads\Project\Yout_Connect\genSpark-Backend\user-service\target\classes started by jhask in C:\Users\jhask\Downloads\Project\Yout_Connect\genSpark-Backend\user-service)
2025-08-06 13:25:27,597 INFO o.s.b.SpringApplication [restartedMain] No active profile set, falling back to 1 default profile: "default"
2025-08-06 13:25:28,003 INFO o.a.j.l.DirectJDKLog [restartedMain] Initializing ProtocolHandler ["http-nio-8080"]
2025-08-06 13:25:28,003 INFO o.a.j.l.DirectJDKLog [restartedMain] Starting service [Tomcat]
2025-08-06 13:25:28,003 INFO o.a.j.l.DirectJDKLog [restartedMain] Starting Servlet engine: [Apache Tomcat/10.1.42]
2025-08-06 13:25:28,018 INFO o.a.j.l.DirectJDKLog [restartedMain] Initializing Spring embedded WebApplicationContext
2025-08-06 13:25:28,050 INFO c.z.h.HikariDataSource [restartedMain] HikariPool-6 - Starting...
2025-08-06 13:25:28,064 INFO c.z.h.p.HikariPool [restartedMain] HikariPool-6 - Added connection com.mysql.cj.jdbc.ConnectionImpl@3e2bbcf2
2025-08-06 13:25:28,065 INFO c.z.h.HikariDataSource [restartedMain] HikariPool-6 - Start completed.
2025-08-06 13:25:28,069 INFO o.f.c.i.l.s.Slf4jLog [restartedMain] Database: jdbc:mysql://localhost:3306/genspark_db?createDatabaseIfNotExist=true (MySQL 8.0)
2025-08-06 13:25:28,088 INFO o.f.c.i.l.s.Slf4jLog [restartedMain] Successfully validated 1 migration (execution time 00:00.008s)
2025-08-06 13:25:28,101 INFO o.f.c.i.l.s.Slf4jLog [restartedMain] Current version of schema `genspark_db`: 1
2025-08-06 13:25:28,103 INFO o.f.c.i.l.s.Slf4jLog [restartedMain] Schema `genspark_db` is up to date. No migration necessary.
2025-08-06 13:25:28,130 WARN o.h.e.j.d.i.DialectFactoryImpl [restartedMain] HHH90000025: MySQLDialect does not need to be specified explicitly using 'hibernate.dialect' (remove the property setting and it will be selected by default)
2025-08-06 13:25:28,493 WARN o.s.b.a.o.j.JpaBaseConfiguration$JpaWebConfiguration [restartedMain] spring.jpa.open-in-view is enabled by default. Therefore, database queries may be performed during view rendering. Explicitly configure spring.jpa.open-in-view to disable this warning
2025-08-06 13:25:28,637 INFO o.a.j.l.DirectJDKLog [restartedMain] Starting ProtocolHandler ["http-nio-8080"]
2025-08-06 13:25:28,643 INFO o.s.b.StartupInfoLogger [restartedMain] Started UserServiceApplication in 1.072 seconds (process running for 2052.403)
2025-08-06 13:25:43,415 INFO o.a.j.l.DirectJDKLog [tomcat-shutdown] Pausing ProtocolHandler ["http-nio-8080"]
2025-08-06 13:25:43,422 INFO o.a.j.l.DirectJDKLog [Thread-23] Stopping ProtocolHandler ["http-nio-8080"]
2025-08-06 13:25:43,424 INFO c.z.h.HikariDataSource [Thread-23] HikariPool-6 - Shutdown initiated...
2025-08-06 13:25:43,428 INFO c.z.h.HikariDataSource [Thread-23] HikariPool-6 - Shutdown completed.
2025-08-06 13:25:43,519 INFO o.s.b.StartupInfoLogger [restartedMain] Starting UserServiceApplication using Java 21.0.3 with PID 23572 (C:\Users\jhask\Downloads\Project\Yout_Connect\genSpark-Backend\user-service\target\classes started by jhask in C:\Users\jhask\Downloads\Project\Yout_Connect\genSpark-Backend\user-service)
2025-08-06 13:25:43,519 INFO o.s.b.SpringApplication [restartedMain] No active profile set, falling back to 1 default profile: "default"
2025-08-06 13:25:43,872 INFO o.a.j.l.DirectJDKLog [restartedMain] Initializing ProtocolHandler ["http-nio-8080"]
2025-08-06 13:25:43,872 INFO o.a.j.l.DirectJDKLog [restartedMain] Starting service [Tomcat]
2025-08-06 13:25:43,873 INFO o.a.j.l.DirectJDKLog [restartedMain] Starting Servlet engine: [Apache Tomcat/10.1.42]
2025-08-06 13:25:43,889 INFO o.a.j.l.DirectJDKLog [restartedMain] Initializing Spring embedded WebApplicationContext
2025-08-06 13:25:43,916 INFO c.z.h.HikariDataSource [restartedMain] HikariPool-7 - Starting...
2025-08-06 13:25:43,934 INFO c.z.h.p.HikariPool [restartedMain] HikariPool-7 - Added connection com.mysql.cj.jdbc.ConnectionImpl@3dd3e03
2025-08-06 13:25:43,934 INFO c.z.h.HikariDataSource [restartedMain] HikariPool-7 - Start completed.
2025-08-06 13:25:43,938 INFO o.f.c.i.l.s.Slf4jLog [restartedMain] Database: jdbc:mysql://localhost:3306/genspark_db?createDatabaseIfNotExist=true (MySQL 8.0)
2025-08-06 13:25:43,956 INFO o.f.c.i.l.s.Slf4jLog [restartedMain] Successfully validated 1 migration (execution time 00:00.008s)
2025-08-06 13:25:43,971 INFO o.f.c.i.l.s.Slf4jLog [restartedMain] Current version of schema `genspark_db`: 1
2025-08-06 13:25:43,973 INFO o.f.c.i.l.s.Slf4jLog [restartedMain] Schema `genspark_db` is up to date. No migration necessary.
2025-08-06 13:25:43,999 WARN o.h.e.j.d.i.DialectFactoryImpl [restartedMain] HHH90000025: MySQLDialect does not need to be specified explicitly using 'hibernate.dialect' (remove the property setting and it will be selected by default)
2025-08-06 13:25:44,377 WARN o.s.b.a.o.j.JpaBaseConfiguration$JpaWebConfiguration [restartedMain] spring.jpa.open-in-view is enabled by default. Therefore, database queries may be performed during view rendering. Explicitly configure spring.jpa.open-in-view to disable this warning
2025-08-06 13:25:44,520 INFO o.a.j.l.DirectJDKLog [restartedMain] Starting ProtocolHandler ["http-nio-8080"]
2025-08-06 13:25:44,526 INFO o.s.b.StartupInfoLogger [restartedMain] Started UserServiceApplication in 1.035 seconds (process running for 2068.286)
2025-08-06 13:25:56,209 INFO o.a.j.l.DirectJDKLog [tomcat-shutdown] Pausing ProtocolHandler ["http-nio-8080"]
2025-08-06 13:25:56,216 INFO o.a.j.l.DirectJDKLog [Thread-27] Stopping ProtocolHandler ["http-nio-8080"]
2025-08-06 13:25:56,219 INFO c.z.h.HikariDataSource [Thread-27] HikariPool-7 - Shutdown initiated...
2025-08-06 13:25:56,222 INFO c.z.h.HikariDataSource [Thread-27] HikariPool-7 - Shutdown completed.
2025-08-06 13:25:56,310 INFO o.s.b.StartupInfoLogger [restartedMain] Starting UserServiceApplication using Java 21.0.3 with PID 23572 (C:\Users\jhask\Downloads\Project\Yout_Connect\genSpark-Backend\user-service\target\classes started by jhask in C:\Users\jhask\Downloads\Project\Yout_Connect\genSpark-Backend\user-service)
2025-08-06 13:25:56,311 INFO o.s.b.SpringApplication [restartedMain] No active profile set, falling back to 1 default profile: "default"
2025-08-06 13:25:56,647 INFO o.a.j.l.DirectJDKLog [restartedMain] Initializing ProtocolHandler ["http-nio-8080"]
2025-08-06 13:25:56,647 INFO o.a.j.l.DirectJDKLog [restartedMain] Starting service [Tomcat]
2025-08-06 13:25:56,647 INFO o.a.j.l.DirectJDKLog [restartedMain] Starting Servlet engine: [Apache Tomcat/10.1.42]
2025-08-06 13:25:56,663 INFO o.a.j.l.DirectJDKLog [restartedMain] Initializing Spring embedded WebApplicationContext
2025-08-06 13:25:56,694 INFO c.z.h.HikariDataSource [restartedMain] HikariPool-8 - Starting...
2025-08-06 13:25:56,707 INFO c.z.h.p.HikariPool [restartedMain] HikariPool-8 - Added connection com.mysql.cj.jdbc.ConnectionImpl@71f98ec9
2025-08-06 13:25:56,709 INFO c.z.h.HikariDataSource [restartedMain] HikariPool-8 - Start completed.
2025-08-06 13:25:56,712 INFO o.f.c.i.l.s.Slf4jLog [restartedMain] Database: jdbc:mysql://localhost:3306/genspark_db?createDatabaseIfNotExist=true (MySQL 8.0)
2025-08-06 13:25:56,731 INFO o.f.c.i.l.s.Slf4jLog [restartedMain] Successfully validated 1 migration (execution time 00:00.008s)
2025-08-06 13:25:56,742 INFO o.f.c.i.l.s.Slf4jLog [restartedMain] Current version of schema `genspark_db`: 1
2025-08-06 13:25:56,743 INFO o.f.c.i.l.s.Slf4jLog [restartedMain] Schema `genspark_db` is up to date. No migration necessary.
2025-08-06 13:25:56,772 WARN o.h.e.j.d.i.DialectFactoryImpl [restartedMain] HHH90000025: MySQLDialect does not need to be specified explicitly using 'hibernate.dialect' (remove the property setting and it will be selected by default)
2025-08-06 13:25:57,122 WARN o.s.b.a.o.j.JpaBaseConfiguration$JpaWebConfiguration [restartedMain] spring.jpa.open-in-view is enabled by default. Therefore, database queries may be performed during view rendering. Explicitly configure spring.jpa.open-in-view to disable this warning
2025-08-06 13:25:57,258 INFO o.a.j.l.DirectJDKLog [restartedMain] Starting ProtocolHandler ["http-nio-8080"]
2025-08-06 13:25:57,264 INFO o.s.b.StartupInfoLogger [restartedMain] Started UserServiceApplication in 0.979 seconds (process running for 2081.024)
2025-08-06 13:26:05,877 INFO o.a.j.l.DirectJDKLog [tomcat-shutdown] Pausing ProtocolHandler ["http-nio-8080"]
2025-08-06 13:26:05,884 INFO o.a.j.l.DirectJDKLog [Thread-31] Stopping ProtocolHandler ["http-nio-8080"]
2025-08-06 13:26:05,887 INFO c.z.h.HikariDataSource [Thread-31] HikariPool-8 - Shutdown initiated...
2025-08-06 13:26:05,890 INFO c.z.h.HikariDataSource [Thread-31] HikariPool-8 - Shutdown completed.
2025-08-06 13:26:05,981 INFO o.s.b.StartupInfoLogger [restartedMain] Starting UserServiceApplication using Java 21.0.3 with PID 23572 (C:\Users\jhask\Downloads\Project\Yout_Connect\genSpark-Backend\user-service\target\classes started by jhask in C:\Users\jhask\Downloads\Project\Yout_Connect\genSpark-Backend\user-service)
2025-08-06 13:26:05,982 INFO o.s.b.SpringApplication [restartedMain] No active profile set, falling back to 1 default profile: "default"
2025-08-06 13:26:06,366 INFO o.a.j.l.DirectJDKLog [restartedMain] Initializing ProtocolHandler ["http-nio-8080"]
2025-08-06 13:26:06,367 INFO o.a.j.l.DirectJDKLog [restartedMain] Starting service [Tomcat]
2025-08-06 13:26:06,367 INFO o.a.j.l.DirectJDKLog [restartedMain] Starting Servlet engine: [Apache Tomcat/10.1.42]
2025-08-06 13:26:06,382 INFO o.a.j.l.DirectJDKLog [restartedMain] Initializing Spring embedded WebApplicationContext
2025-08-06 13:26:06,410 INFO c.z.h.HikariDataSource [restartedMain] HikariPool-9 - Starting...
2025-08-06 13:26:06,424 INFO c.z.h.p.HikariPool [restartedMain] HikariPool-9 - Added connection com.mysql.cj.jdbc.ConnectionImpl@c55ef1d
2025-08-06 13:26:06,425 INFO c.z.h.HikariDataSource [restartedMain] HikariPool-9 - Start completed.
2025-08-06 13:26:06,431 INFO o.f.c.i.l.s.Slf4jLog [restartedMain] Database: jdbc:mysql://localhost:3306/genspark_db?createDatabaseIfNotExist=true (MySQL 8.0)
2025-08-06 13:26:06,449 INFO o.f.c.i.l.s.Slf4jLog [restartedMain] Successfully validated 1 migration (execution time 00:00.008s)
2025-08-06 13:26:06,463 INFO o.f.c.i.l.s.Slf4jLog [restartedMain] Current version of schema `genspark_db`: 1
2025-08-06 13:26:06,464 INFO o.f.c.i.l.s.Slf4jLog [restartedMain] Schema `genspark_db` is up to date. No migration necessary.
2025-08-06 13:26:06,491 WARN o.h.e.j.d.i.DialectFactoryImpl [restartedMain] HHH90000025: MySQLDialect does not need to be specified explicitly using 'hibernate.dialect' (remove the property setting and it will be selected by default)
2025-08-06 13:26:06,829 WARN o.s.b.a.o.j.JpaBaseConfiguration$JpaWebConfiguration [restartedMain] spring.jpa.open-in-view is enabled by default. Therefore, database queries may be performed during view rendering. Explicitly configure spring.jpa.open-in-view to disable this warning
2025-08-06 13:26:06,948 INFO o.a.j.l.DirectJDKLog [restartedMain] Starting ProtocolHandler ["http-nio-8080"]
2025-08-06 13:26:06,954 INFO o.s.b.StartupInfoLogger [restartedMain] Started UserServiceApplication in 0.996 seconds (process running for 2090.714)
2025-08-06 13:26:12,497 INFO o.a.j.l.DirectJDKLog [tomcat-shutdown] Pausing ProtocolHandler ["http-nio-8080"]
2025-08-06 13:26:12,503 INFO o.a.j.l.DirectJDKLog [Thread-35] Stopping ProtocolHandler ["http-nio-8080"]
2025-08-06 13:26:12,505 INFO c.z.h.HikariDataSource [Thread-35] HikariPool-9 - Shutdown initiated...
2025-08-06 13:26:12,508 INFO c.z.h.HikariDataSource [Thread-35] HikariPool-9 - Shutdown completed.
2025-08-06 13:26:12,611 INFO o.s.b.StartupInfoLogger [restartedMain] Starting UserServiceApplication using Java 21.0.3 with PID 23572 (C:\Users\jhask\Downloads\Project\Yout_Connect\genSpark-Backend\user-service\target\classes started by jhask in C:\Users\jhask\Downloads\Project\Yout_Connect\genSpark-Backend\user-service)
2025-08-06 13:26:12,611 INFO o.s.b.SpringApplication [restartedMain] No active profile set, falling back to 1 default profile: "default"
2025-08-06 13:26:12,946 INFO o.a.j.l.DirectJDKLog [restartedMain] Initializing ProtocolHandler ["http-nio-8080"]
2025-08-06 13:26:12,946 INFO o.a.j.l.DirectJDKLog [restartedMain] Starting service [Tomcat]
2025-08-06 13:26:12,946 INFO o.a.j.l.DirectJDKLog [restartedMain] Starting Servlet engine: [Apache Tomcat/10.1.42]
2025-08-06 13:26:12,961 INFO o.a.j.l.DirectJDKLog [restartedMain] Initializing Spring embedded WebApplicationContext
2025-08-06 13:26:12,991 INFO c.z.h.HikariDataSource [restartedMain] HikariPool-10 - Starting...
2025-08-06 13:26:13,004 INFO c.z.h.p.HikariPool [restartedMain] HikariPool-10 - Added connection com.mysql.cj.jdbc.ConnectionImpl@535b5237
2025-08-06 13:26:13,005 INFO c.z.h.HikariDataSource [restartedMain] HikariPool-10 - Start completed.
2025-08-06 13:26:13,010 INFO o.f.c.i.l.s.Slf4jLog [restartedMain] Database: jdbc:mysql://localhost:3306/genspark_db?createDatabaseIfNotExist=true (MySQL 8.0)
2025-08-06 13:26:13,030 INFO o.f.c.i.l.s.Slf4jLog [restartedMain] Successfully validated 1 migration (execution time 00:00.008s)
2025-08-06 13:26:13,044 INFO o.f.c.i.l.s.Slf4jLog [restartedMain] Current version of schema `genspark_db`: 1
2025-08-06 13:26:13,047 INFO o.f.c.i.l.s.Slf4jLog [restartedMain] Schema `genspark_db` is up to date. No migration necessary.
2025-08-06 13:26:13,074 WARN o.h.e.j.d.i.DialectFactoryImpl [restartedMain] HHH90000025: MySQLDialect does not need to be specified explicitly using 'hibernate.dialect' (remove the property setting and it will be selected by default)
2025-08-06 13:26:13,456 WARN o.s.b.a.o.j.JpaBaseConfiguration$JpaWebConfiguration [restartedMain] spring.jpa.open-in-view is enabled by default. Therefore, database queries may be performed during view rendering. Explicitly configure spring.jpa.open-in-view to disable this warning
2025-08-06 13:26:13,593 INFO o.a.j.l.DirectJDKLog [restartedMain] Starting ProtocolHandler ["http-nio-8080"]
2025-08-06 13:26:13,599 INFO o.s.b.StartupInfoLogger [restartedMain] Started UserServiceApplication in 1.02 seconds (process running for 2097.359)
2025-08-06 13:26:15,044 INFO o.a.j.l.DirectJDKLog [tomcat-shutdown] Pausing ProtocolHandler ["http-nio-8080"]
2025-08-06 13:26:15,049 INFO o.a.j.l.DirectJDKLog [Thread-39] Stopping ProtocolHandler ["http-nio-8080"]
2025-08-06 13:26:15,051 INFO c.z.h.HikariDataSource [Thread-39] HikariPool-10 - Shutdown initiated...
2025-08-06 13:26:15,055 INFO c.z.h.HikariDataSource [Thread-39] HikariPool-10 - Shutdown completed.
2025-08-06 13:26:15,141 INFO o.s.b.StartupInfoLogger [restartedMain] Starting UserServiceApplication using Java 21.0.3 with PID 23572 (C:\Users\jhask\Downloads\Project\Yout_Connect\genSpark-Backend\user-service\target\classes started by jhask in C:\Users\jhask\Downloads\Project\Yout_Connect\genSpark-Backend\user-service)
2025-08-06 13:26:15,141 INFO o.s.b.SpringApplication [restartedMain] No active profile set, falling back to 1 default profile: "default"
2025-08-06 13:26:15,436 INFO o.a.j.l.DirectJDKLog [restartedMain] Initializing ProtocolHandler ["http-nio-8080"]
2025-08-06 13:26:15,436 INFO o.a.j.l.DirectJDKLog [restartedMain] Starting service [Tomcat]
2025-08-06 13:26:15,436 INFO o.a.j.l.DirectJDKLog [restartedMain] Starting Servlet engine: [Apache Tomcat/10.1.42]
2025-08-06 13:26:15,454 INFO o.a.j.l.DirectJDKLog [restartedMain] Initializing Spring embedded WebApplicationContext
2025-08-06 13:26:15,481 INFO c.z.h.HikariDataSource [restartedMain] HikariPool-11 - Starting...
2025-08-06 13:26:15,494 INFO c.z.h.p.HikariPool [restartedMain] HikariPool-11 - Added connection com.mysql.cj.jdbc.ConnectionImpl@409b4f7
2025-08-06 13:26:15,494 INFO c.z.h.HikariDataSource [restartedMain] HikariPool-11 - Start completed.
2025-08-06 13:26:15,500 INFO o.f.c.i.l.s.Slf4jLog [restartedMain] Database: jdbc:mysql://localhost:3306/genspark_db?createDatabaseIfNotExist=true (MySQL 8.0)
2025-08-06 13:26:15,518 INFO o.f.c.i.l.s.Slf4jLog [restartedMain] Successfully validated 1 migration (execution time 00:00.008s)
2025-08-06 13:26:15,533 INFO o.f.c.i.l.s.Slf4jLog [restartedMain] Current version of schema `genspark_db`: 1
2025-08-06 13:26:15,534 INFO o.f.c.i.l.s.Slf4jLog [restartedMain] Schema `genspark_db` is up to date. No migration necessary.
2025-08-06 13:26:15,564 WARN o.h.e.j.d.i.DialectFactoryImpl [restartedMain] HHH90000025: MySQLDialect does not need to be specified explicitly using 'hibernate.dialect' (remove the property setting and it will be selected by default)
2025-08-06 13:26:15,901 WARN o.s.b.a.o.j.JpaBaseConfiguration$JpaWebConfiguration [restartedMain] spring.jpa.open-in-view is enabled by default. Therefore, database queries may be performed during view rendering. Explicitly configure spring.jpa.open-in-view to disable this warning
2025-08-06 13:26:16,039 INFO o.a.j.l.DirectJDKLog [restartedMain] Starting ProtocolHandler ["http-nio-8080"]
2025-08-06 13:26:16,048 INFO o.s.b.StartupInfoLogger [restartedMain] Started UserServiceApplication in 0.928 seconds (process running for 2099.808)
2025-08-06 13:26:39,757 INFO o.a.j.l.DirectJDKLog [http-nio-8080-exec-1] Initializing Spring DispatcherServlet 'dispatcherServlet'
2025-08-06 13:26:39,765 WARN i.o.g.s.JwtAuthenticationFilter [http-nio-8080-exec-1] JWT token processing error: JWT expired at 2025-08-06T07:29:02Z. Current time: 2025-08-06T07:56:39Z, a difference of 1657763 milliseconds.  Allowed clock skew: 0 milliseconds.
2025-08-06 13:26:43,579 WARN i.o.g.s.JwtAuthenticationFilter [http-nio-8080-exec-3] JWT token processing error: JWT expired at 2025-08-06T07:29:02Z. Current time: 2025-08-06T07:56:43Z, a difference of 1661579 milliseconds.  Allowed clock skew: 0 milliseconds.
2025-08-06 13:27:19,835 WARN o.s.w.s.h.AbstractHandlerExceptionResolver [http-nio-8080-exec-6] Resolved [org.springframework.security.authorization.AuthorizationDeniedException: Access Denied]
2025-08-06 13:45:08,644 WARN c.z.h.p.HikariPool$HouseKeeper [HikariPool-11:housekeeper] HikariPool-11 - Thread starvation or clock leap detected (housekeeper delta=17m53s23ms516µs600ns).
2025-08-06 14:36:26,734 WARN c.z.h.p.HikariPool$HouseKeeper [HikariPool-11:housekeeper] HikariPool-11 - Thread starvation or clock leap detected (housekeeper delta=50m17s171ms420µs600ns).
2025-08-06 14:37:11,081 INFO i.o.g.s.i.ScheduledTaskServiceImpl [scheduling-1] Running meeting reminder task...
2025-08-06 14:37:11,086 INFO i.o.g.s.i.ScheduledTaskServiceImpl [scheduling-1] No upcoming meetings found needing a reminder.
2025-08-06 14:40:00,016 INFO i.o.g.s.i.ScheduledTaskServiceImpl [scheduling-1] Running meeting reminder task...
2025-08-06 14:40:00,020 INFO i.o.g.s.i.ScheduledTaskServiceImpl [scheduling-1] No upcoming meetings found needing a reminder.
2025-08-06 14:45:00,015 INFO i.o.g.s.i.ScheduledTaskServiceImpl [scheduling-1] Running meeting reminder task...
2025-08-06 14:45:00,018 INFO i.o.g.s.i.ScheduledTaskServiceImpl [scheduling-1] No upcoming meetings found needing a reminder.
2025-08-06 14:50:00,017 INFO i.o.g.s.i.ScheduledTaskServiceImpl [scheduling-1] Running meeting reminder task...
2025-08-06 14:50:00,021 INFO i.o.g.s.i.ScheduledTaskServiceImpl [scheduling-1] No upcoming meetings found needing a reminder.
2025-08-06 14:55:00,005 INFO i.o.g.s.i.ScheduledTaskServiceImpl [scheduling-1] Running meeting reminder task...
2025-08-06 14:55:00,011 INFO i.o.g.s.i.ScheduledTaskServiceImpl [scheduling-1] No upcoming meetings found needing a reminder.
2025-08-06 15:00:00,007 INFO i.o.g.s.i.ScheduledTaskServiceImpl [scheduling-1] Running meeting reminder task...
2025-08-06 15:00:00,012 INFO i.o.g.s.i.ScheduledTaskServiceImpl [scheduling-1] No upcoming meetings found needing a reminder.
2025-08-06 15:05:00,002 INFO i.o.g.s.i.ScheduledTaskServiceImpl [scheduling-1] Running meeting reminder task...
2025-08-06 15:05:00,008 INFO i.o.g.s.i.ScheduledTaskServiceImpl [scheduling-1] No upcoming meetings found needing a reminder.
2025-08-06 15:10:00,009 INFO i.o.g.s.i.ScheduledTaskServiceImpl [scheduling-1] Running meeting reminder task...
2025-08-06 15:10:00,013 INFO i.o.g.s.i.ScheduledTaskServiceImpl [scheduling-1] No upcoming meetings found needing a reminder.
2025-08-06 15:15:00,003 INFO i.o.g.s.i.ScheduledTaskServiceImpl [scheduling-1] Running meeting reminder task...
2025-08-06 15:15:00,007 INFO i.o.g.s.i.ScheduledTaskServiceImpl [scheduling-1] No upcoming meetings found needing a reminder.
2025-08-06 15:20:00,014 INFO i.o.g.s.i.ScheduledTaskServiceImpl [scheduling-1] Running meeting reminder task...
2025-08-06 15:20:00,020 INFO i.o.g.s.i.ScheduledTaskServiceImpl [scheduling-1] No upcoming meetings found needing a reminder.
2025-08-06 15:25:00,009 INFO i.o.g.s.i.ScheduledTaskServiceImpl [scheduling-1] Running meeting reminder task...
2025-08-06 15:25:00,012 INFO i.o.g.s.i.ScheduledTaskServiceImpl [scheduling-1] No upcoming meetings found needing a reminder.
2025-08-06 17:47:03,087 INFO o.s.b.StartupInfoLogger [restartedMain] Starting UserServiceApplication using Java 21.0.3 with PID 16884 (C:\Users\jhask\Downloads\Project\Yout_Connect\genSpark-Backend\user-service\target\classes started by jhask in C:\Users\jhask\Downloads\Project\Yout_Connect\genSpark-Backend\user-service)
2025-08-06 17:47:03,094 INFO o.s.b.SpringApplication [restartedMain] No active profile set, falling back to 1 default profile: "default"
2025-08-06 17:47:07,712 INFO o.a.j.l.DirectJDKLog [restartedMain] Initializing ProtocolHandler ["http-nio-8080"]
2025-08-06 17:47:07,718 INFO o.a.j.l.DirectJDKLog [restartedMain] Starting service [Tomcat]
2025-08-06 17:47:07,719 INFO o.a.j.l.DirectJDKLog [restartedMain] Starting Servlet engine: [Apache Tomcat/10.1.42]
2025-08-06 17:47:07,847 INFO o.a.j.l.DirectJDKLog [restartedMain] Initializing Spring embedded WebApplicationContext
2025-08-06 17:47:08,493 INFO c.z.h.HikariDataSource [restartedMain] HikariPool-1 - Starting...
2025-08-06 17:47:09,573 INFO c.z.h.p.HikariPool [restartedMain] HikariPool-1 - Added connection com.mysql.cj.jdbc.ConnectionImpl@194c81a2
2025-08-06 17:47:09,580 INFO c.z.h.HikariDataSource [restartedMain] HikariPool-1 - Start completed.
2025-08-06 17:47:09,758 INFO o.f.c.i.l.s.Slf4jLog [restartedMain] Database: jdbc:mysql://localhost:3306/genspark_db?createDatabaseIfNotExist=true (MySQL 8.0)
2025-08-06 17:47:09,952 INFO o.f.c.i.l.s.Slf4jLog [restartedMain] Successfully validated 1 migration (execution time 00:00.107s)
2025-08-06 17:47:10,004 INFO o.f.c.i.l.s.Slf4jLog [restartedMain] Current version of schema `genspark_db`: 1
2025-08-06 17:47:10,019 INFO o.f.c.i.l.s.Slf4jLog [restartedMain] Schema `genspark_db` is up to date. No migration necessary.
2025-08-06 17:47:11,337 WARN o.h.e.j.d.i.DialectFactoryImpl [restartedMain] HHH90000025: MySQLDialect does not need to be specified explicitly using 'hibernate.dialect' (remove the property setting and it will be selected by default)
2025-08-06 17:47:15,480 WARN o.s.b.a.o.j.JpaBaseConfiguration$JpaWebConfiguration [restartedMain] spring.jpa.open-in-view is enabled by default. Therefore, database queries may be performed during view rendering. Explicitly configure spring.jpa.open-in-view to disable this warning
2025-08-06 17:47:16,893 INFO o.a.j.l.DirectJDKLog [restartedMain] Starting ProtocolHandler ["http-nio-8080"]
2025-08-06 17:47:16,977 INFO o.s.b.StartupInfoLogger [restartedMain] Started UserServiceApplication in 15.479 seconds (process running for 16.465)
2025-08-06 17:50:00,047 INFO i.o.g.s.i.ScheduledTaskServiceImpl [scheduling-1] Running meeting reminder task...
2025-08-06 17:50:00,356 INFO i.o.g.s.i.ScheduledTaskServiceImpl [scheduling-1] No upcoming meetings found needing a reminder.
2025-08-06 17:55:00,014 INFO i.o.g.s.i.ScheduledTaskServiceImpl [scheduling-1] Running meeting reminder task...
2025-08-06 17:55:00,022 INFO i.o.g.s.i.ScheduledTaskServiceImpl [scheduling-1] No upcoming meetings found needing a reminder.
2025-08-06 18:00:15,927 WARN c.z.h.p.HikariPool$HouseKeeper [HikariPool-1:housekeeper] HikariPool-1 - Thread starvation or clock leap detected (housekeeper delta=2m36s68ms763µs200ns).
2025-08-06 18:02:25,837 INFO i.o.g.s.i.ScheduledTaskServiceImpl [scheduling-1] Running meeting reminder task...
2025-08-06 18:02:25,846 INFO i.o.g.s.i.ScheduledTaskServiceImpl [scheduling-1] No upcoming meetings found needing a reminder.
2025-08-06 18:05:00,012 INFO i.o.g.s.i.ScheduledTaskServiceImpl [scheduling-1] Running meeting reminder task...
2025-08-06 18:05:00,030 INFO i.o.g.s.i.ScheduledTaskServiceImpl [scheduling-1] No upcoming meetings found needing a reminder.
2025-08-06 18:10:00,007 INFO i.o.g.s.i.ScheduledTaskServiceImpl [scheduling-1] Running meeting reminder task...
2025-08-06 18:10:00,019 INFO i.o.g.s.i.ScheduledTaskServiceImpl [scheduling-1] No upcoming meetings found needing a reminder.
2025-08-06 18:11:47,715 INFO o.a.j.l.DirectJDKLog [http-nio-8080-exec-3] Initializing Spring DispatcherServlet 'dispatcherServlet'
2025-08-06 18:15:00,015 INFO i.o.g.s.i.ScheduledTaskServiceImpl [scheduling-1] Running meeting reminder task...
2025-08-06 18:15:00,032 INFO i.o.g.s.i.ScheduledTaskServiceImpl [scheduling-1] No upcoming meetings found needing a reminder.
2025-08-06 18:15:38,902 INFO i.o.g.s.i.EmailServiceImpl [http-nio-8080-exec-5] HTML OTP verification email sent to dasranjan1753@gmail.com
2025-08-06 18:16:44,530 WARN i.o.g.s.JwtAuthenticationFilter [http-nio-8080-exec-6] JWT token processing error: JWT expired at 2025-07-18T22:31:30Z. Current time: 2025-08-06T12:46:44Z, a difference of 1606514530 milliseconds.  Allowed clock skew: 0 milliseconds.
2025-08-06 18:16:55,349 WARN o.s.w.s.h.AbstractHandlerExceptionResolver [http-nio-8080-exec-8] Resolved [org.springframework.web.servlet.resource.NoResourceFoundException: No static resource auth/logout.]
2025-08-06 18:20:00,006 INFO i.o.g.s.i.ScheduledTaskServiceImpl [scheduling-1] Running meeting reminder task...
2025-08-06 18:20:00,014 INFO i.o.g.s.i.ScheduledTaskServiceImpl [scheduling-1] No upcoming meetings found needing a reminder.
2025-08-06 18:22:18,273 WARN o.s.w.s.h.AbstractHandlerExceptionResolver [http-nio-8080-exec-3] Resolved [org.springframework.web.servlet.resource.NoResourceFoundException: No static resource auth/logout.]
2025-08-06 18:25:00,010 INFO i.o.g.s.i.ScheduledTaskServiceImpl [scheduling-1] Running meeting reminder task...
2025-08-06 18:25:00,020 INFO i.o.g.s.i.ScheduledTaskServiceImpl [scheduling-1] No upcoming meetings found needing a reminder.
2025-08-06 18:29:27,445 INFO i.o.g.s.i.EmailServiceImpl [http-nio-8080-exec-2] HTML OTP verification email sent to jhasaketansa63@gmail.com
2025-08-06 18:30:00,019 INFO i.o.g.s.i.ScheduledTaskServiceImpl [scheduling-1] Running meeting reminder task...
2025-08-06 18:30:00,030 INFO i.o.g.s.i.ScheduledTaskServiceImpl [scheduling-1] No upcoming meetings found needing a reminder.
2025-08-06 18:30:16,457 INFO i.o.g.s.i.EmailServiceImpl [http-nio-8080-exec-5] HTML OTP verification email sent to jhasketansa63@gmail.com
2025-08-06 18:35:00,005 INFO i.o.g.s.i.ScheduledTaskServiceImpl [scheduling-1] Running meeting reminder task...
2025-08-06 18:35:00,013 INFO i.o.g.s.i.ScheduledTaskServiceImpl [scheduling-1] No upcoming meetings found needing a reminder.
2025-08-06 18:40:00,018 INFO i.o.g.s.i.ScheduledTaskServiceImpl [scheduling-1] Running meeting reminder task...
2025-08-06 18:40:00,030 INFO i.o.g.s.i.ScheduledTaskServiceImpl [scheduling-1] No upcoming meetings found needing a reminder.
2025-08-06 18:45:00,021 INFO i.o.g.s.i.ScheduledTaskServiceImpl [scheduling-1] Running meeting reminder task...
2025-08-06 18:45:00,031 INFO i.o.g.s.i.ScheduledTaskServiceImpl [scheduling-1] No upcoming meetings found needing a reminder.
2025-08-06 20:55:42,511 WARN c.z.h.p.HikariPool$HouseKeeper [HikariPool-1:housekeeper] HikariPool-1 - Thread starvation or clock leap detected (housekeeper delta=2h7m55s876ms265µs300ns).
2025-08-06 20:57:25,875 INFO i.o.g.s.i.ScheduledTaskServiceImpl [scheduling-1] Running meeting reminder task...
2025-08-06 20:57:25,881 INFO i.o.g.s.i.ScheduledTaskServiceImpl [scheduling-1] No upcoming meetings found needing a reminder.
2025-08-06 21:00:00,006 INFO i.o.g.s.i.ScheduledTaskServiceImpl [scheduling-1] Running meeting reminder task...
2025-08-06 21:00:00,016 INFO i.o.g.s.i.ScheduledTaskServiceImpl [scheduling-1] No upcoming meetings found needing a reminder.
2025-08-06 21:05:00,017 INFO i.o.g.s.i.ScheduledTaskServiceImpl [scheduling-1] Running meeting reminder task...
2025-08-06 21:05:00,029 INFO i.o.g.s.i.ScheduledTaskServiceImpl [scheduling-1] No upcoming meetings found needing a reminder.
2025-08-06 21:10:00,014 INFO i.o.g.s.i.ScheduledTaskServiceImpl [scheduling-1] Running meeting reminder task...
2025-08-06 21:10:00,025 INFO i.o.g.s.i.ScheduledTaskServiceImpl [scheduling-1] No upcoming meetings found needing a reminder.
2025-08-06 21:15:00,017 INFO i.o.g.s.i.ScheduledTaskServiceImpl [scheduling-1] Running meeting reminder task...
2025-08-06 21:15:00,025 INFO i.o.g.s.i.ScheduledTaskServiceImpl [scheduling-1] No upcoming meetings found needing a reminder.
2025-08-06 21:20:00,016 INFO i.o.g.s.i.ScheduledTaskServiceImpl [scheduling-1] Running meeting reminder task...
2025-08-06 21:20:00,032 INFO i.o.g.s.i.ScheduledTaskServiceImpl [scheduling-1] No upcoming meetings found needing a reminder.
2025-08-06 21:25:00,010 INFO i.o.g.s.i.ScheduledTaskServiceImpl [scheduling-1] Running meeting reminder task...
2025-08-06 21:25:00,017 INFO i.o.g.s.i.ScheduledTaskServiceImpl [scheduling-1] No upcoming meetings found needing a reminder.
2025-08-06 21:30:00,007 INFO i.o.g.s.i.ScheduledTaskServiceImpl [scheduling-1] Running meeting reminder task...
2025-08-06 21:30:00,022 INFO i.o.g.s.i.ScheduledTaskServiceImpl [scheduling-1] No upcoming meetings found needing a reminder.
2025-08-06 21:35:00,004 INFO i.o.g.s.i.ScheduledTaskServiceImpl [scheduling-1] Running meeting reminder task...
2025-08-06 21:35:00,015 INFO i.o.g.s.i.ScheduledTaskServiceImpl [scheduling-1] No upcoming meetings found needing a reminder.
2025-08-06 21:40:00,013 INFO i.o.g.s.i.ScheduledTaskServiceImpl [scheduling-1] Running meeting reminder task...
2025-08-06 21:40:00,023 INFO i.o.g.s.i.ScheduledTaskServiceImpl [scheduling-1] No upcoming meetings found needing a reminder.
2025-08-06 21:45:00,008 INFO i.o.g.s.i.ScheduledTaskServiceImpl [scheduling-1] Running meeting reminder task...
2025-08-06 21:45:00,024 INFO i.o.g.s.i.ScheduledTaskServiceImpl [scheduling-1] No upcoming meetings found needing a reminder.
2025-08-06 21:50:00,007 INFO i.o.g.s.i.ScheduledTaskServiceImpl [scheduling-1] Running meeting reminder task...
2025-08-06 21:50:00,016 INFO i.o.g.s.i.ScheduledTaskServiceImpl [scheduling-1] No upcoming meetings found needing a reminder.
2025-08-06 21:55:00,004 INFO i.o.g.s.i.ScheduledTaskServiceImpl [scheduling-1] Running meeting reminder task...
2025-08-06 21:55:00,016 INFO i.o.g.s.i.ScheduledTaskServiceImpl [scheduling-1] No upcoming meetings found needing a reminder.
2025-08-06 22:00:00,015 INFO i.o.g.s.i.ScheduledTaskServiceImpl [scheduling-1] Running meeting reminder task...
2025-08-06 22:00:00,019 INFO i.o.g.s.i.ScheduledTaskServiceImpl [scheduling-1] No upcoming meetings found needing a reminder.
2025-08-06 22:05:00,018 INFO i.o.g.s.i.ScheduledTaskServiceImpl [scheduling-1] Running meeting reminder task...
2025-08-06 22:05:00,024 INFO i.o.g.s.i.ScheduledTaskServiceImpl [scheduling-1] No upcoming meetings found needing a reminder.
2025-08-06 22:10:00,005 INFO i.o.g.s.i.ScheduledTaskServiceImpl [scheduling-1] Running meeting reminder task...
2025-08-06 22:10:00,008 INFO i.o.g.s.i.ScheduledTaskServiceImpl [scheduling-1] No upcoming meetings found needing a reminder.
2025-08-06 22:15:00,007 INFO i.o.g.s.i.ScheduledTaskServiceImpl [scheduling-1] Running meeting reminder task...
2025-08-06 22:15:00,012 INFO i.o.g.s.i.ScheduledTaskServiceImpl [scheduling-1] No upcoming meetings found needing a reminder.
2025-08-06 22:56:36,228 WARN c.z.h.p.HikariPool$HouseKeeper [HikariPool-1:housekeeper] HikariPool-1 - Thread starvation or clock leap detected (housekeeper delta=37m22s484ms191µs400ns).
2025-08-06 22:56:57,819 INFO i.o.g.s.i.ScheduledTaskServiceImpl [scheduling-1] Running meeting reminder task...
2025-08-06 22:56:57,826 INFO i.o.g.s.i.ScheduledTaskServiceImpl [scheduling-1] No upcoming meetings found needing a reminder.
2025-08-06 23:00:00,003 INFO i.o.g.s.i.ScheduledTaskServiceImpl [scheduling-1] Running meeting reminder task...
2025-08-06 23:00:00,008 INFO i.o.g.s.i.ScheduledTaskServiceImpl [scheduling-1] No upcoming meetings found needing a reminder.
2025-08-06 23:05:00,011 INFO i.o.g.s.i.ScheduledTaskServiceImpl [scheduling-1] Running meeting reminder task...
2025-08-06 23:05:00,013 INFO i.o.g.s.i.ScheduledTaskServiceImpl [scheduling-1] No upcoming meetings found needing a reminder.
2025-08-06 23:10:00,005 INFO i.o.g.s.i.ScheduledTaskServiceImpl [scheduling-1] Running meeting reminder task...
2025-08-06 23:10:00,010 INFO i.o.g.s.i.ScheduledTaskServiceImpl [scheduling-1] No upcoming meetings found needing a reminder.
2025-08-06 23:15:00,003 INFO i.o.g.s.i.ScheduledTaskServiceImpl [scheduling-1] Running meeting reminder task...
2025-08-06 23:15:00,010 INFO i.o.g.s.i.ScheduledTaskServiceImpl [scheduling-1] No upcoming meetings found needing a reminder.
2025-08-06 23:20:00,002 INFO i.o.g.s.i.ScheduledTaskServiceImpl [scheduling-1] Running meeting reminder task...
2025-08-06 23:20:00,006 INFO i.o.g.s.i.ScheduledTaskServiceImpl [scheduling-1] No upcoming meetings found needing a reminder.
2025-08-06 23:25:00,002 INFO i.o.g.s.i.ScheduledTaskServiceImpl [scheduling-1] Running meeting reminder task...
2025-08-06 23:25:00,005 INFO i.o.g.s.i.ScheduledTaskServiceImpl [scheduling-1] No upcoming meetings found needing a reminder.
2025-08-06 23:30:00,002 INFO i.o.g.s.i.ScheduledTaskServiceImpl [scheduling-1] Running meeting reminder task...
2025-08-06 23:30:00,007 INFO i.o.g.s.i.ScheduledTaskServiceImpl [scheduling-1] No upcoming meetings found needing a reminder.
2025-08-06 23:35:00,003 INFO i.o.g.s.i.ScheduledTaskServiceImpl [scheduling-1] Running meeting reminder task...
2025-08-06 23:35:00,009 INFO i.o.g.s.i.ScheduledTaskServiceImpl [scheduling-1] No upcoming meetings found needing a reminder.
2025-08-06 23:40:00,004 INFO i.o.g.s.i.ScheduledTaskServiceImpl [scheduling-1] Running meeting reminder task...
2025-08-06 23:40:00,008 INFO i.o.g.s.i.ScheduledTaskServiceImpl [scheduling-1] No upcoming meetings found needing a reminder.
2025-08-06 23:45:00,003 INFO i.o.g.s.i.ScheduledTaskServiceImpl [scheduling-1] Running meeting reminder task...
2025-08-06 23:45:00,008 INFO i.o.g.s.i.ScheduledTaskServiceImpl [scheduling-1] No upcoming meetings found needing a reminder.
2025-08-06 23:50:00,014 INFO i.o.g.s.i.ScheduledTaskServiceImpl [scheduling-1] Running meeting reminder task...
2025-08-06 23:50:00,017 INFO i.o.g.s.i.ScheduledTaskServiceImpl [scheduling-1] No upcoming meetings found needing a reminder.
2025-08-06 23:55:00,015 INFO i.o.g.s.i.ScheduledTaskServiceImpl [scheduling-1] Running meeting reminder task...
2025-08-06 23:55:00,015 INFO i.o.g.s.i.ScheduledTaskServiceImpl [scheduling-1] No upcoming meetings found needing a reminder.
