2025-08-07 00:00:00,010 INFO i.o.g.s.i.ScheduledTaskServiceImpl [scheduling-1] Running meeting reminder task...
2025-08-07 00:00:00,032 INFO i.o.g.s.i.ScheduledTaskServiceImpl [scheduling-1] No upcoming meetings found needing a reminder.
2025-08-07 00:05:00,001 INFO i.o.g.s.i.ScheduledTaskServiceImpl [scheduling-1] Running meeting reminder task...
2025-08-07 00:05:00,007 INFO i.o.g.s.i.ScheduledTaskServiceImpl [scheduling-1] No upcoming meetings found needing a reminder.
2025-08-07 00:10:00,002 INFO i.o.g.s.i.ScheduledTaskServiceImpl [scheduling-1] Running meeting reminder task...
2025-08-07 00:10:00,009 INFO i.o.g.s.i.ScheduledTaskServiceImpl [scheduling-1] No upcoming meetings found needing a reminder.
2025-08-07 00:15:00,010 INFO i.o.g.s.i.ScheduledTaskServiceImpl [scheduling-1] Running meeting reminder task...
2025-08-07 00:15:00,014 INFO i.o.g.s.i.ScheduledTaskServiceImpl [scheduling-1] No upcoming meetings found needing a reminder.
2025-08-07 00:20:00,009 INFO i.o.g.s.i.ScheduledTaskServiceImpl [scheduling-1] Running meeting reminder task...
2025-08-07 00:20:00,022 INFO i.o.g.s.i.ScheduledTaskServiceImpl [scheduling-1] No upcoming meetings found needing a reminder.
2025-08-07 00:25:00,015 INFO i.o.g.s.i.ScheduledTaskServiceImpl [scheduling-1] Running meeting reminder task...
2025-08-07 00:25:00,025 INFO i.o.g.s.i.ScheduledTaskServiceImpl [scheduling-1] No upcoming meetings found needing a reminder.
2025-08-07 00:30:00,009 INFO i.o.g.s.i.ScheduledTaskServiceImpl [scheduling-1] Running meeting reminder task...
2025-08-07 00:30:00,020 INFO i.o.g.s.i.ScheduledTaskServiceImpl [scheduling-1] No upcoming meetings found needing a reminder.
2025-08-07 00:35:00,014 INFO i.o.g.s.i.ScheduledTaskServiceImpl [scheduling-1] Running meeting reminder task...
2025-08-07 00:35:00,026 INFO i.o.g.s.i.ScheduledTaskServiceImpl [scheduling-1] No upcoming meetings found needing a reminder.
2025-08-07 00:40:00,006 INFO i.o.g.s.i.ScheduledTaskServiceImpl [scheduling-1] Running meeting reminder task...
2025-08-07 00:40:00,019 INFO i.o.g.s.i.ScheduledTaskServiceImpl [scheduling-1] No upcoming meetings found needing a reminder.
2025-08-07 00:45:00,014 INFO i.o.g.s.i.ScheduledTaskServiceImpl [scheduling-1] Running meeting reminder task...
2025-08-07 00:45:00,024 INFO i.o.g.s.i.ScheduledTaskServiceImpl [scheduling-1] No upcoming meetings found needing a reminder.
2025-08-07 00:50:00,019 INFO i.o.g.s.i.ScheduledTaskServiceImpl [scheduling-1] Running meeting reminder task...
2025-08-07 00:50:00,030 INFO i.o.g.s.i.ScheduledTaskServiceImpl [scheduling-1] No upcoming meetings found needing a reminder.
2025-08-07 00:55:00,011 INFO i.o.g.s.i.ScheduledTaskServiceImpl [scheduling-1] Running meeting reminder task...
2025-08-07 00:55:00,024 INFO i.o.g.s.i.ScheduledTaskServiceImpl [scheduling-1] No upcoming meetings found needing a reminder.
2025-08-07 00:59:59,970 INFO i.o.g.s.i.ScheduledTaskServiceImpl [scheduling-1] Running meeting reminder task...
2025-08-07 00:59:59,978 INFO i.o.g.s.i.ScheduledTaskServiceImpl [scheduling-1] No upcoming meetings found needing a reminder.
2025-08-07 01:04:59,948 INFO i.o.g.s.i.ScheduledTaskServiceImpl [scheduling-1] Running meeting reminder task...
2025-08-07 01:04:59,956 INFO i.o.g.s.i.ScheduledTaskServiceImpl [scheduling-1] No upcoming meetings found needing a reminder.
2025-08-07 01:09:59,940 INFO i.o.g.s.i.ScheduledTaskServiceImpl [scheduling-1] Running meeting reminder task...
2025-08-07 01:09:59,944 INFO i.o.g.s.i.ScheduledTaskServiceImpl [scheduling-1] No upcoming meetings found needing a reminder.
2025-08-07 01:14:59,961 INFO i.o.g.s.i.ScheduledTaskServiceImpl [scheduling-1] Running meeting reminder task...
2025-08-07 01:14:59,968 INFO i.o.g.s.i.ScheduledTaskServiceImpl [scheduling-1] No upcoming meetings found needing a reminder.
2025-08-07 02:50:43,608 WARN c.z.h.p.HikariPool$HouseKeeper [HikariPool-1:housekeeper] HikariPool-1 - Thread starvation or clock leap detected (housekeeper delta=1h31m5s900ms850µs800ns).
2025-08-07 06:17:47,630 INFO i.o.g.s.i.ScheduledTaskServiceImpl [scheduling-1] Running meeting reminder task...
2025-08-07 06:17:47,638 INFO i.o.g.s.i.ScheduledTaskServiceImpl [scheduling-1] No upcoming meetings found needing a reminder.
2025-08-07 06:17:58,945 WARN c.z.h.p.HikariPool$HouseKeeper [HikariPool-1:housekeeper] HikariPool-1 - Thread starvation or clock leap detected (housekeeper delta=3h27m18s530ms480µs700ns).
2025-08-07 06:20:00,006 INFO i.o.g.s.i.ScheduledTaskServiceImpl [scheduling-1] Running meeting reminder task...
2025-08-07 06:20:00,020 INFO i.o.g.s.i.ScheduledTaskServiceImpl [scheduling-1] No upcoming meetings found needing a reminder.
2025-08-07 07:17:40,497 WARN c.z.h.p.HikariPool$HouseKeeper [HikariPool-1:housekeeper] HikariPool-1 - Thread starvation or clock leap detected (housekeeper delta=54m41s482ms332µs200ns).
2025-08-07 07:19:21,237 INFO i.o.g.s.i.ScheduledTaskServiceImpl [scheduling-1] Running meeting reminder task...
2025-08-07 07:19:21,246 INFO i.o.g.s.i.ScheduledTaskServiceImpl [scheduling-1] No upcoming meetings found needing a reminder.
2025-08-07 07:20:00,015 INFO i.o.g.s.i.ScheduledTaskServiceImpl [scheduling-1] Running meeting reminder task...
2025-08-07 07:20:00,021 INFO i.o.g.s.i.ScheduledTaskServiceImpl [scheduling-1] No upcoming meetings found needing a reminder.
2025-08-07 07:25:00,016 INFO i.o.g.s.i.ScheduledTaskServiceImpl [scheduling-1] Running meeting reminder task...
2025-08-07 07:25:00,025 INFO i.o.g.s.i.ScheduledTaskServiceImpl [scheduling-1] No upcoming meetings found needing a reminder.
2025-08-07 07:30:00,006 INFO i.o.g.s.i.ScheduledTaskServiceImpl [scheduling-1] Running meeting reminder task...
2025-08-07 07:30:00,017 INFO i.o.g.s.i.ScheduledTaskServiceImpl [scheduling-1] No upcoming meetings found needing a reminder.
2025-08-07 07:35:00,015 INFO i.o.g.s.i.ScheduledTaskServiceImpl [scheduling-1] Running meeting reminder task...
2025-08-07 07:35:00,025 INFO i.o.g.s.i.ScheduledTaskServiceImpl [scheduling-1] No upcoming meetings found needing a reminder.
2025-08-07 07:39:51,842 INFO o.s.b.StartupInfoLogger [restartedMain] Starting UserServiceApplication using Java 21.0.3 with PID 22996 (C:\Users\jhask\Downloads\Project\Yout_Connect\genSpark-Backend\user-service\target\classes started by jhask in C:\Users\jhask\Downloads\Project\Yout_Connect\genSpark-Backend\user-service)
2025-08-07 07:39:51,848 INFO o.s.b.SpringApplication [restartedMain] No active profile set, falling back to 1 default profile: "default"
2025-08-07 07:39:56,155 INFO o.a.j.l.DirectJDKLog [restartedMain] Initializing ProtocolHandler ["http-nio-8080"]
2025-08-07 07:39:56,164 INFO o.a.j.l.DirectJDKLog [restartedMain] Starting service [Tomcat]
2025-08-07 07:39:56,165 INFO o.a.j.l.DirectJDKLog [restartedMain] Starting Servlet engine: [Apache Tomcat/10.1.42]
2025-08-07 07:39:56,270 INFO o.a.j.l.DirectJDKLog [restartedMain] Initializing Spring embedded WebApplicationContext
2025-08-07 07:39:56,905 INFO c.z.h.HikariDataSource [restartedMain] HikariPool-1 - Starting...
2025-08-07 07:39:57,901 INFO c.z.h.p.HikariPool [restartedMain] HikariPool-1 - Added connection com.mysql.cj.jdbc.ConnectionImpl@3a0bd22b
2025-08-07 07:39:57,909 INFO c.z.h.HikariDataSource [restartedMain] HikariPool-1 - Start completed.
2025-08-07 07:39:58,029 INFO o.f.c.i.l.s.Slf4jLog [restartedMain] Database: jdbc:mysql://localhost:3306/genspark_db?createDatabaseIfNotExist=true (MySQL 8.0)
2025-08-07 07:39:58,214 INFO o.f.c.i.l.s.Slf4jLog [restartedMain] Successfully validated 1 migration (execution time 00:00.124s)
2025-08-07 07:39:58,254 INFO o.f.c.i.l.s.Slf4jLog [restartedMain] Current version of schema `genspark_db`: 1
2025-08-07 07:39:58,262 INFO o.f.c.i.l.s.Slf4jLog [restartedMain] Schema `genspark_db` is up to date. No migration necessary.
2025-08-07 07:39:59,607 WARN o.h.e.j.d.i.DialectFactoryImpl [restartedMain] HHH90000025: MySQLDialect does not need to be specified explicitly using 'hibernate.dialect' (remove the property setting and it will be selected by default)
2025-08-07 07:40:03,534 WARN o.s.b.a.o.j.JpaBaseConfiguration$JpaWebConfiguration [restartedMain] spring.jpa.open-in-view is enabled by default. Therefore, database queries may be performed during view rendering. Explicitly configure spring.jpa.open-in-view to disable this warning
2025-08-07 07:40:04,938 INFO o.a.j.l.DirectJDKLog [restartedMain] Starting ProtocolHandler ["http-nio-8080"]
2025-08-07 07:40:05,029 INFO o.s.b.StartupInfoLogger [restartedMain] Started UserServiceApplication in 14.821 seconds (process running for 15.804)
2025-08-07 07:45:00,037 INFO i.o.g.s.i.ScheduledTaskServiceImpl [scheduling-1] Running meeting reminder task...
2025-08-07 07:45:00,376 INFO i.o.g.s.i.ScheduledTaskServiceImpl [scheduling-1] No upcoming meetings found needing a reminder.
2025-08-07 07:50:00,015 INFO i.o.g.s.i.ScheduledTaskServiceImpl [scheduling-1] Running meeting reminder task...
2025-08-07 07:50:00,023 INFO i.o.g.s.i.ScheduledTaskServiceImpl [scheduling-1] No upcoming meetings found needing a reminder.
2025-08-07 07:55:00,006 INFO i.o.g.s.i.ScheduledTaskServiceImpl [scheduling-1] Running meeting reminder task...
2025-08-07 07:55:00,016 INFO i.o.g.s.i.ScheduledTaskServiceImpl [scheduling-1] No upcoming meetings found needing a reminder.
2025-08-07 07:56:50,782 INFO o.a.j.l.DirectJDKLog [http-nio-8080-exec-1] Initializing Spring DispatcherServlet 'dispatcherServlet'
2025-08-07 07:56:56,399 INFO i.o.g.s.i.EmailServiceImpl [http-nio-8080-exec-1] HTML OTP verification email sent to jhasketansa63@gmail.com
2025-08-07 07:58:46,861 INFO o.a.j.l.DirectJDKLog [tomcat-shutdown] Pausing ProtocolHandler ["http-nio-8080"]
2025-08-07 07:58:46,873 INFO o.a.j.l.DirectJDKLog [Thread-5] Stopping ProtocolHandler ["http-nio-8080"]
2025-08-07 07:58:46,891 INFO c.z.h.HikariDataSource [Thread-5] HikariPool-1 - Shutdown initiated...
2025-08-07 07:58:46,902 INFO c.z.h.HikariDataSource [Thread-5] HikariPool-1 - Shutdown completed.
2025-08-07 07:58:47,125 INFO o.s.b.StartupInfoLogger [restartedMain] Starting UserServiceApplication using Java 21.0.3 with PID 22996 (C:\Users\jhask\Downloads\Project\Yout_Connect\genSpark-Backend\user-service\target\classes started by jhask in C:\Users\jhask\Downloads\Project\Yout_Connect\genSpark-Backend\user-service)
2025-08-07 07:58:47,125 INFO o.s.b.SpringApplication [restartedMain] No active profile set, falling back to 1 default profile: "default"
2025-08-07 07:58:48,194 INFO o.a.j.l.DirectJDKLog [restartedMain] Initializing ProtocolHandler ["http-nio-8080"]
2025-08-07 07:58:48,195 INFO o.a.j.l.DirectJDKLog [restartedMain] Starting service [Tomcat]
2025-08-07 07:58:48,196 INFO o.a.j.l.DirectJDKLog [restartedMain] Starting Servlet engine: [Apache Tomcat/10.1.42]
2025-08-07 07:58:48,244 INFO o.a.j.l.DirectJDKLog [restartedMain] Initializing Spring embedded WebApplicationContext
2025-08-07 07:58:48,331 INFO c.z.h.HikariDataSource [restartedMain] HikariPool-2 - Starting...
2025-08-07 07:58:48,367 INFO c.z.h.p.HikariPool [restartedMain] HikariPool-2 - Added connection com.mysql.cj.jdbc.ConnectionImpl@3da84f9f
2025-08-07 07:58:48,368 INFO c.z.h.HikariDataSource [restartedMain] HikariPool-2 - Start completed.
2025-08-07 07:58:48,378 INFO o.f.c.i.l.s.Slf4jLog [restartedMain] Database: jdbc:mysql://localhost:3306/genspark_db?createDatabaseIfNotExist=true (MySQL 8.0)
2025-08-07 07:58:48,424 INFO o.f.c.i.l.s.Slf4jLog [restartedMain] Successfully validated 1 migration (execution time 00:00.018s)
2025-08-07 07:58:48,452 INFO o.f.c.i.l.s.Slf4jLog [restartedMain] Current version of schema `genspark_db`: 1
2025-08-07 07:58:48,455 INFO o.f.c.i.l.s.Slf4jLog [restartedMain] Schema `genspark_db` is up to date. No migration necessary.
2025-08-07 07:58:48,540 WARN o.h.e.j.d.i.DialectFactoryImpl [restartedMain] HHH90000025: MySQLDialect does not need to be specified explicitly using 'hibernate.dialect' (remove the property setting and it will be selected by default)
2025-08-07 07:58:49,603 WARN o.s.c.s.AbstractApplicationContext [restartedMain] Exception encountered during context initialization - cancelling refresh attempt: org.springframework.beans.factory.BeanCreationException: Error creating bean with name 'corsConfigurer' defined in class path resource [in/org/genSpark/config/CorsConfig.class]: Failed to instantiate [org.springframework.web.servlet.config.annotation.WebMvcConfigurer]: Factory method 'corsConfigurer' threw exception with message: Unresolved compilation problem: 
	Syntax error on token ".", delete this token

2025-08-07 07:58:49,606 INFO c.z.h.HikariDataSource [restartedMain] HikariPool-2 - Shutdown initiated...
2025-08-07 07:58:49,620 INFO c.z.h.HikariDataSource [restartedMain] HikariPool-2 - Shutdown completed.
2025-08-07 07:58:49,622 INFO o.a.j.l.DirectJDKLog [restartedMain] Stopping service [Tomcat]
2025-08-07 07:58:49,698 ERROR o.s.b.SpringApplication [restartedMain] Application run failed
org.springframework.beans.factory.BeanCreationException: Error creating bean with name 'corsConfigurer' defined in class path resource [in/org/genSpark/config/CorsConfig.class]: Failed to instantiate [org.springframework.web.servlet.config.annotation.WebMvcConfigurer]: Factory method 'corsConfigurer' threw exception with message: Unresolved compilation problem: 
	Syntax error on token ".", delete this token

	at org.springframework.beans.factory.support.ConstructorResolver.instantiate(ConstructorResolver.java:657)
	at org.springframework.beans.factory.support.ConstructorResolver.instantiateUsingFactoryMethod(ConstructorResolver.java:489)
	at org.springframework.beans.factory.support.AbstractAutowireCapableBeanFactory.instantiateUsingFactoryMethod(AbstractAutowireCapableBeanFactory.java:1375)
	at org.springframework.beans.factory.support.AbstractAutowireCapableBeanFactory.createBeanInstance(AbstractAutowireCapableBeanFactory.java:1205)
	at org.springframework.beans.factory.support.AbstractAutowireCapableBeanFactory.doCreateBean(AbstractAutowireCapableBeanFactory.java:569)
	at org.springframework.beans.factory.support.AbstractAutowireCapableBeanFactory.createBean(AbstractAutowireCapableBeanFactory.java:529)
	at org.springframework.beans.factory.support.AbstractBeanFactory.lambda$doGetBean$0(AbstractBeanFactory.java:339)
	at org.springframework.beans.factory.support.DefaultSingletonBeanRegistry.getSingleton(DefaultSingletonBeanRegistry.java:373)
	at org.springframework.beans.factory.support.AbstractBeanFactory.doGetBean(AbstractBeanFactory.java:337)
	at org.springframework.beans.factory.support.AbstractBeanFactory.getBean(AbstractBeanFactory.java:202)
	at org.springframework.beans.factory.support.DefaultListableBeanFactory.instantiateSingleton(DefaultListableBeanFactory.java:1222)
	at org.springframework.beans.factory.support.DefaultListableBeanFactory.preInstantiateSingleton(DefaultListableBeanFactory.java:1188)
	at org.springframework.beans.factory.support.DefaultListableBeanFactory.preInstantiateSingletons(DefaultListableBeanFactory.java:1123)
	at org.springframework.context.support.AbstractApplicationContext.finishBeanFactoryInitialization(AbstractApplicationContext.java:987)
	at org.springframework.context.support.AbstractApplicationContext.refresh(AbstractApplicationContext.java:627)
	at org.springframework.boot.web.servlet.context.ServletWebServerApplicationContext.refresh(ServletWebServerApplicationContext.java:146)
	at org.springframework.boot.SpringApplication.refresh(SpringApplication.java:752)
	at org.springframework.boot.SpringApplication.refreshContext(SpringApplication.java:439)
	at org.springframework.boot.SpringApplication.run(SpringApplication.java:318)
	at org.springframework.boot.SpringApplication.run(SpringApplication.java:1361)
	at org.springframework.boot.SpringApplication.run(SpringApplication.java:1350)
	at in.org.genSpark.UserServiceApplication.main(UserServiceApplication.java:12)
	at java.base/jdk.internal.reflect.DirectMethodHandleAccessor.invoke(DirectMethodHandleAccessor.java:103)
	at java.base/java.lang.reflect.Method.invoke(Method.java:580)
	at org.springframework.boot.devtools.restart.RestartLauncher.run(RestartLauncher.java:50)
Caused by: org.springframework.beans.BeanInstantiationException: Failed to instantiate [org.springframework.web.servlet.config.annotation.WebMvcConfigurer]: Factory method 'corsConfigurer' threw exception with message: Unresolved compilation problem: 
	Syntax error on token ".", delete this token

	at org.springframework.beans.factory.support.SimpleInstantiationStrategy.lambda$instantiate$0(SimpleInstantiationStrategy.java:199)
	at org.springframework.beans.factory.support.SimpleInstantiationStrategy.instantiateWithFactoryMethod(SimpleInstantiationStrategy.java:88)
	at org.springframework.beans.factory.support.SimpleInstantiationStrategy.instantiate(SimpleInstantiationStrategy.java:168)
	at org.springframework.beans.factory.support.ConstructorResolver.instantiate(ConstructorResolver.java:653)
	... 24 common frames omitted
Caused by: java.lang.Error: Unresolved compilation problem: 
	Syntax error on token ".", delete this token

	at in.org.genSpark.config.CorsConfig.corsConfigurer(CorsConfig.java:17)
	at in.org.genSpark.config.CorsConfig$$SpringCGLIB$$0.CGLIB$corsConfigurer$0(<generated>)
	at in.org.genSpark.config.CorsConfig$$SpringCGLIB$$FastClass$$1.invoke(<generated>)
	at org.springframework.cglib.proxy.MethodProxy.invokeSuper(MethodProxy.java:258)
	at org.springframework.context.annotation.ConfigurationClassEnhancer$BeanMethodInterceptor.intercept(ConfigurationClassEnhancer.java:400)
	at in.org.genSpark.config.CorsConfig$$SpringCGLIB$$0.corsConfigurer(<generated>)
	at java.base/jdk.internal.reflect.DirectMethodHandleAccessor.invoke(DirectMethodHandleAccessor.java:103)
	at java.base/java.lang.reflect.Method.invoke(Method.java:580)
	at org.springframework.beans.factory.support.SimpleInstantiationStrategy.lambda$instantiate$0(SimpleInstantiationStrategy.java:171)
	... 27 common frames omitted
2025-08-07 07:58:54,368 INFO o.s.b.StartupInfoLogger [restartedMain] Starting UserServiceApplication using Java 21.0.3 with PID 22996 (C:\Users\jhask\Downloads\Project\Yout_Connect\genSpark-Backend\user-service\target\classes started by jhask in C:\Users\jhask\Downloads\Project\Yout_Connect\genSpark-Backend\user-service)
2025-08-07 07:58:54,370 INFO o.s.b.SpringApplication [restartedMain] No active profile set, falling back to 1 default profile: "default"
2025-08-07 07:58:55,425 INFO o.a.j.l.DirectJDKLog [restartedMain] Initializing ProtocolHandler ["http-nio-8080"]
2025-08-07 07:58:55,425 INFO o.a.j.l.DirectJDKLog [restartedMain] Starting service [Tomcat]
2025-08-07 07:58:55,427 INFO o.a.j.l.DirectJDKLog [restartedMain] Starting Servlet engine: [Apache Tomcat/10.1.42]
2025-08-07 07:58:55,480 INFO o.a.j.l.DirectJDKLog [restartedMain] Initializing Spring embedded WebApplicationContext
2025-08-07 07:58:55,548 INFO c.z.h.HikariDataSource [restartedMain] HikariPool-3 - Starting...
2025-08-07 07:58:55,585 INFO c.z.h.p.HikariPool [restartedMain] HikariPool-3 - Added connection com.mysql.cj.jdbc.ConnectionImpl@18ed20db
2025-08-07 07:58:55,586 INFO c.z.h.HikariDataSource [restartedMain] HikariPool-3 - Start completed.
2025-08-07 07:58:55,595 INFO o.f.c.i.l.s.Slf4jLog [restartedMain] Database: jdbc:mysql://localhost:3306/genspark_db?createDatabaseIfNotExist=true (MySQL 8.0)
2025-08-07 07:58:55,636 INFO o.f.c.i.l.s.Slf4jLog [restartedMain] Successfully validated 1 migration (execution time 00:00.021s)
2025-08-07 07:58:55,656 INFO o.f.c.i.l.s.Slf4jLog [restartedMain] Current version of schema `genspark_db`: 1
2025-08-07 07:58:55,658 INFO o.f.c.i.l.s.Slf4jLog [restartedMain] Schema `genspark_db` is up to date. No migration necessary.
2025-08-07 07:58:55,724 WARN o.h.e.j.d.i.DialectFactoryImpl [restartedMain] HHH90000025: MySQLDialect does not need to be specified explicitly using 'hibernate.dialect' (remove the property setting and it will be selected by default)
2025-08-07 07:58:57,232 WARN o.s.b.a.o.j.JpaBaseConfiguration$JpaWebConfiguration [restartedMain] spring.jpa.open-in-view is enabled by default. Therefore, database queries may be performed during view rendering. Explicitly configure spring.jpa.open-in-view to disable this warning
2025-08-07 07:58:57,706 INFO o.a.j.l.DirectJDKLog [restartedMain] Starting ProtocolHandler ["http-nio-8080"]
2025-08-07 07:58:57,720 INFO o.s.b.StartupInfoLogger [restartedMain] Started UserServiceApplication in 3.422 seconds (process running for 1148.494)
2025-08-07 08:00:00,016 INFO i.o.g.s.i.ScheduledTaskServiceImpl [scheduling-1] Running meeting reminder task...
2025-08-07 08:00:00,027 INFO i.o.g.s.i.ScheduledTaskServiceImpl [scheduling-1] No upcoming meetings found needing a reminder.
2025-08-07 08:01:31,911 INFO o.a.j.l.DirectJDKLog [http-nio-8080-exec-2] Initializing Spring DispatcherServlet 'dispatcherServlet'
2025-08-07 08:01:36,766 INFO i.o.g.s.i.EmailServiceImpl [http-nio-8080-exec-2] HTML OTP verification email sent to jhasketansa63@gmail.com
2025-08-07 08:05:00,006 INFO i.o.g.s.i.ScheduledTaskServiceImpl [scheduling-1] Running meeting reminder task...
2025-08-07 08:05:00,017 INFO i.o.g.s.i.ScheduledTaskServiceImpl [scheduling-1] No upcoming meetings found needing a reminder.
2025-08-07 08:10:00,019 INFO i.o.g.s.i.ScheduledTaskServiceImpl [scheduling-1] Running meeting reminder task...
2025-08-07 08:10:00,031 INFO i.o.g.s.i.ScheduledTaskServiceImpl [scheduling-1] No upcoming meetings found needing a reminder.
2025-08-07 08:11:55,917 INFO i.o.g.s.i.EmailServiceImpl [http-nio-8080-exec-9] HTML OTP verification email sent to jhasketansa86@gmail.com
2025-08-07 08:15:00,017 INFO i.o.g.s.i.ScheduledTaskServiceImpl [scheduling-1] Running meeting reminder task...
2025-08-07 08:15:00,035 INFO i.o.g.s.i.ScheduledTaskServiceImpl [scheduling-1] No upcoming meetings found needing a reminder.
2025-08-07 08:20:00,013 INFO i.o.g.s.i.ScheduledTaskServiceImpl [scheduling-1] Running meeting reminder task...
2025-08-07 08:20:00,013 INFO i.o.g.s.i.ScheduledTaskServiceImpl [scheduling-1] No upcoming meetings found needing a reminder.
2025-08-07 08:25:00,015 INFO i.o.g.s.i.ScheduledTaskServiceImpl [scheduling-1] Running meeting reminder task...
2025-08-07 08:25:00,022 INFO i.o.g.s.i.ScheduledTaskServiceImpl [scheduling-1] No upcoming meetings found needing a reminder.
2025-08-07 08:30:00,003 INFO i.o.g.s.i.ScheduledTaskServiceImpl [scheduling-1] Running meeting reminder task...
2025-08-07 08:30:00,009 INFO i.o.g.s.i.ScheduledTaskServiceImpl [scheduling-1] No upcoming meetings found needing a reminder.
2025-08-07 08:42:32,942 WARN c.z.h.p.HikariPool$HouseKeeper [HikariPool-3:housekeeper] HikariPool-3 - Thread starvation or clock leap detected (housekeeper delta=10m6s735ms311µs300ns).
2025-08-07 08:44:59,227 INFO i.o.g.s.i.ScheduledTaskServiceImpl [scheduling-1] Running meeting reminder task...
2025-08-07 08:44:59,233 INFO i.o.g.s.i.ScheduledTaskServiceImpl [scheduling-1] No upcoming meetings found needing a reminder.
2025-08-07 08:45:00,012 INFO i.o.g.s.i.ScheduledTaskServiceImpl [scheduling-1] Running meeting reminder task...
2025-08-07 08:45:00,017 INFO i.o.g.s.i.ScheduledTaskServiceImpl [scheduling-1] No upcoming meetings found needing a reminder.
2025-08-07 08:46:55,335 INFO i.o.g.s.i.EmailServiceImpl [http-nio-8080-exec-2] HTML OTP verification email sent to jhasketansa63@gmail.com
2025-08-07 08:48:48,780 INFO o.s.b.StartupInfoLogger [restartedMain] Starting UserServiceApplication using Java 21.0.3 with PID 14728 (C:\Users\jhask\Downloads\Project\Yout_Connect\genSpark-Backend\user-service\target\classes started by jhask in C:\Users\jhask\Downloads\Project\Yout_Connect\genSpark-Backend\user-service)
2025-08-07 08:48:48,783 INFO o.s.b.SpringApplication [restartedMain] No active profile set, falling back to 1 default profile: "default"
2025-08-07 08:48:51,136 INFO o.a.j.l.DirectJDKLog [restartedMain] Initializing ProtocolHandler ["http-nio-8080"]
2025-08-07 08:48:51,141 INFO o.a.j.l.DirectJDKLog [restartedMain] Starting service [Tomcat]
2025-08-07 08:48:51,141 INFO o.a.j.l.DirectJDKLog [restartedMain] Starting Servlet engine: [Apache Tomcat/10.1.42]
2025-08-07 08:48:51,216 INFO o.a.j.l.DirectJDKLog [restartedMain] Initializing Spring embedded WebApplicationContext
2025-08-07 08:48:51,667 INFO c.z.h.HikariDataSource [restartedMain] HikariPool-1 - Starting...
2025-08-07 08:48:52,609 INFO c.z.h.p.HikariPool [restartedMain] HikariPool-1 - Added connection com.mysql.cj.jdbc.ConnectionImpl@3f93df99
2025-08-07 08:48:52,612 INFO c.z.h.HikariDataSource [restartedMain] HikariPool-1 - Start completed.
2025-08-07 08:48:52,667 INFO o.f.c.i.l.s.Slf4jLog [restartedMain] Database: jdbc:mysql://localhost:3306/genspark_db?createDatabaseIfNotExist=true (MySQL 8.0)
2025-08-07 08:48:52,740 INFO o.f.c.i.l.s.Slf4jLog [restartedMain] Schema history table `genspark_db`.`flyway_schema_history` does not exist yet
2025-08-07 08:48:52,749 INFO o.f.c.i.l.s.Slf4jLog [restartedMain] Successfully validated 1 migration (execution time 00:00.043s)
2025-08-07 08:48:52,790 INFO o.f.c.i.l.s.Slf4jLog [restartedMain] Creating Schema History table `genspark_db`.`flyway_schema_history` ...
2025-08-07 08:48:52,897 INFO o.f.c.i.l.s.Slf4jLog [restartedMain] Current version of schema `genspark_db`: << Empty Schema >>
2025-08-07 08:48:52,926 INFO o.f.c.i.l.s.Slf4jLog [restartedMain] Migrating schema `genspark_db` to version "1 - initial schema"
2025-08-07 08:48:53,365 INFO o.f.c.i.l.s.Slf4jLog [restartedMain] Successfully applied 1 migration to schema `genspark_db`, now at version v1 (execution time 00:00.403s)
2025-08-07 08:48:54,000 WARN o.h.e.j.d.i.DialectFactoryImpl [restartedMain] HHH90000025: MySQLDialect does not need to be specified explicitly using 'hibernate.dialect' (remove the property setting and it will be selected by default)
2025-08-07 08:48:55,990 WARN o.s.b.a.o.j.JpaBaseConfiguration$JpaWebConfiguration [restartedMain] spring.jpa.open-in-view is enabled by default. Therefore, database queries may be performed during view rendering. Explicitly configure spring.jpa.open-in-view to disable this warning
2025-08-07 08:48:56,806 INFO o.a.j.l.DirectJDKLog [restartedMain] Starting ProtocolHandler ["http-nio-8080"]
2025-08-07 08:48:56,851 INFO o.s.b.StartupInfoLogger [restartedMain] Started UserServiceApplication in 8.796 seconds (process running for 9.291)
2025-08-07 08:49:29,873 INFO o.a.j.l.DirectJDKLog [http-nio-8080-exec-2] Initializing Spring DispatcherServlet 'dispatcherServlet'
2025-08-07 08:49:34,969 INFO i.o.g.s.i.EmailServiceImpl [http-nio-8080-exec-2] HTML OTP verification email sent to jhasketansa63@gmail.com
2025-08-07 08:50:00,018 INFO i.o.g.s.i.ScheduledTaskServiceImpl [scheduling-1] Running meeting reminder task...
2025-08-07 08:50:00,034 INFO i.o.g.s.i.ScheduledTaskServiceImpl [scheduling-1] No upcoming meetings found needing a reminder.
2025-08-07 08:54:43,087 INFO i.o.g.s.i.EmailServiceImpl [http-nio-8080-exec-5] HTML OTP verification email sent to jhasketansa63@gmail.com
2025-08-07 08:55:00,017 INFO i.o.g.s.i.ScheduledTaskServiceImpl [scheduling-1] Running meeting reminder task...
2025-08-07 08:55:00,023 INFO i.o.g.s.i.ScheduledTaskServiceImpl [scheduling-1] No upcoming meetings found needing a reminder.
2025-08-07 09:00:00,009 INFO i.o.g.s.i.ScheduledTaskServiceImpl [scheduling-1] Running meeting reminder task...
2025-08-07 09:00:00,012 INFO i.o.g.s.i.ScheduledTaskServiceImpl [scheduling-1] No upcoming meetings found needing a reminder.
2025-08-07 09:14:00,846 WARN c.z.h.p.HikariPool$HouseKeeper [HikariPool-1:housekeeper] HikariPool-1 - Thread starvation or clock leap detected (housekeeper delta=13m37s962ms77µs).
2025-08-07 09:16:49,022 INFO i.o.g.s.i.EmailServiceImpl [http-nio-8080-exec-5] HTML OTP verification email sent to sambitkumar0967@gmail.com
2025-08-07 09:17:20,300 WARN o.s.w.s.h.AbstractHandlerExceptionResolver [http-nio-8080-exec-7] Resolved [org.springframework.http.converter.HttpMessageNotReadableException: JSON parse error: Cannot deserialize value of type `in.org.genSpark.enums.Role` from String "ENTREPRENEUR": not one of the values accepted for Enum class: [INVESTOR, STARTUP, ADMIN]]
2025-08-07 09:17:29,043 WARN o.s.w.s.h.AbstractHandlerExceptionResolver [http-nio-8080-exec-8] Resolved [org.springframework.http.converter.HttpMessageNotReadableException: JSON parse error: Cannot deserialize value of type `in.org.genSpark.enums.Role` from String "ENTREPRENEUR": not one of the values accepted for Enum class: [INVESTOR, STARTUP, ADMIN]]
2025-08-07 09:18:16,698 INFO i.o.g.s.i.ScheduledTaskServiceImpl [scheduling-1] Running meeting reminder task...
2025-08-07 09:18:16,706 INFO i.o.g.s.i.ScheduledTaskServiceImpl [scheduling-1] No upcoming meetings found needing a reminder.
2025-08-07 09:19:33,751 WARN o.s.w.s.h.AbstractHandlerExceptionResolver [http-nio-8080-exec-9] Resolved [org.springframework.http.converter.HttpMessageNotReadableException: JSON parse error: Cannot deserialize value of type `in.org.genSpark.enums.Role` from String "ENTREPRENEUR": not one of the values accepted for Enum class: [INVESTOR, STARTUP, ADMIN]]
2025-08-07 09:19:36,961 WARN o.s.w.s.h.AbstractHandlerExceptionResolver [http-nio-8080-exec-10] Resolved [org.springframework.http.converter.HttpMessageNotReadableException: JSON parse error: Cannot deserialize value of type `in.org.genSpark.enums.Role` from String "ENTREPRENEUR": not one of the values accepted for Enum class: [INVESTOR, STARTUP, ADMIN]]
2025-08-07 09:19:37,187 WARN o.s.w.s.h.AbstractHandlerExceptionResolver [http-nio-8080-exec-3] Resolved [org.springframework.http.converter.HttpMessageNotReadableException: JSON parse error: Cannot deserialize value of type `in.org.genSpark.enums.Role` from String "ENTREPRENEUR": not one of the values accepted for Enum class: [INVESTOR, STARTUP, ADMIN]]
2025-08-07 09:20:00,022 INFO i.o.g.s.i.ScheduledTaskServiceImpl [scheduling-1] Running meeting reminder task...
2025-08-07 09:20:00,028 INFO i.o.g.s.i.ScheduledTaskServiceImpl [scheduling-1] No upcoming meetings found needing a reminder.
2025-08-07 09:20:07,748 INFO i.o.g.s.i.EmailServiceImpl [http-nio-8080-exec-2] HTML OTP verification email sent to sambitmishra0967@gmail.com
2025-08-07 09:20:31,172 INFO i.o.g.s.i.EmailServiceImpl [http-nio-8080-exec-1] HTML OTP verification email sent to sambitkumar0967@gmail.com
2025-08-07 09:22:02,579 INFO i.o.g.s.i.EmailServiceImpl [http-nio-8080-exec-7] HTML OTP verification email sent to jhasaketansa86@gmail.com
2025-08-07 09:22:34,739 WARN o.s.w.s.h.AbstractHandlerExceptionResolver [http-nio-8080-exec-10] Resolved [org.springframework.web.bind.MethodArgumentNotValidException: Validation failed for argument [0] in public org.springframework.http.ResponseEntity<in.org.genSpark.dto.ApiResponse<?>> in.org.genSpark.controller.AuthController.registerUser(in.org.genSpark.dto.RegisterUserDto): [Field error in object 'registerUserDto' on field 'phone': rejected value [16371307078]; codes [Pattern.registerUserDto.phone,Pattern.phone,Pattern.java.lang.String,Pattern]; arguments [org.springframework.context.support.DefaultMessageSourceResolvable: codes [registerUserDto.phone,phone]; arguments []; default message [phone],[Ljakarta.validation.constraints.Pattern$Flag;@70827fde,^\d{10}$]; default message [must match "^\d{10}$"]] ]
2025-08-07 09:23:19,346 INFO i.o.g.s.i.EmailServiceImpl [http-nio-8080-exec-3] HTML OTP verification email sent to jhasaketansa86@gmail.com
2025-08-07 09:24:54,610 INFO i.o.g.s.i.EmailServiceImpl [http-nio-8080-exec-6] HTML OTP verification email sent to jhasaketansa86@gmail.com
2025-08-07 09:25:00,004 INFO i.o.g.s.i.ScheduledTaskServiceImpl [scheduling-1] Running meeting reminder task...
2025-08-07 09:25:00,012 INFO i.o.g.s.i.ScheduledTaskServiceImpl [scheduling-1] No upcoming meetings found needing a reminder.
2025-08-07 09:25:36,154 INFO i.o.g.s.i.EmailServiceImpl [http-nio-8080-exec-9] HTML OTP verification email sent to jhasaketansa86@gmail.com
2025-08-07 09:26:28,775 WARN o.s.w.s.h.AbstractHandlerExceptionResolver [http-nio-8080-exec-4] Resolved [org.springframework.web.servlet.resource.NoResourceFoundException: No static resource auth/logout.]
2025-08-07 09:30:00,010 INFO i.o.g.s.i.ScheduledTaskServiceImpl [scheduling-1] Running meeting reminder task...
2025-08-07 09:30:00,019 INFO i.o.g.s.i.ScheduledTaskServiceImpl [scheduling-1] No upcoming meetings found needing a reminder.
2025-08-07 09:35:00,014 INFO i.o.g.s.i.ScheduledTaskServiceImpl [scheduling-1] Running meeting reminder task...
2025-08-07 09:35:00,028 INFO i.o.g.s.i.ScheduledTaskServiceImpl [scheduling-1] No upcoming meetings found needing a reminder.
2025-08-07 09:40:00,010 INFO i.o.g.s.i.ScheduledTaskServiceImpl [scheduling-1] Running meeting reminder task...
2025-08-07 09:40:00,019 INFO i.o.g.s.i.ScheduledTaskServiceImpl [scheduling-1] No upcoming meetings found needing a reminder.
2025-08-07 09:45:00,008 INFO i.o.g.s.i.ScheduledTaskServiceImpl [scheduling-1] Running meeting reminder task...
2025-08-07 09:45:00,022 INFO i.o.g.s.i.ScheduledTaskServiceImpl [scheduling-1] No upcoming meetings found needing a reminder.
2025-08-07 09:47:16,110 INFO i.o.g.s.i.EmailServiceImpl [http-nio-8080-exec-6] HTML OTP verification email sent to jhasketansa86@gmail.com
2025-08-07 09:48:24,017 INFO i.o.g.s.i.EmailServiceImpl [http-nio-8080-exec-7] HTML OTP verification email sent to JHASKETANSA86@GMAIL.COM
2025-08-07 09:48:37,528 INFO i.o.g.s.i.EmailServiceImpl [http-nio-8080-exec-8] HTML OTP verification email sent to jhasketansa86@gmail.com
2025-08-07 09:50:00,021 INFO i.o.g.s.i.ScheduledTaskServiceImpl [scheduling-1] Running meeting reminder task...
2025-08-07 09:50:00,029 INFO i.o.g.s.i.ScheduledTaskServiceImpl [scheduling-1] No upcoming meetings found needing a reminder.
2025-08-07 09:55:00,032 INFO i.o.g.s.i.ScheduledTaskServiceImpl [scheduling-1] Running meeting reminder task...
2025-08-07 09:55:00,041 INFO i.o.g.s.i.ScheduledTaskServiceImpl [scheduling-1] No upcoming meetings found needing a reminder.
2025-08-07 10:00:00,028 INFO i.o.g.s.i.ScheduledTaskServiceImpl [scheduling-1] Running meeting reminder task...
2025-08-07 10:00:00,041 INFO i.o.g.s.i.ScheduledTaskServiceImpl [scheduling-1] No upcoming meetings found needing a reminder.
2025-08-07 10:05:00,028 INFO i.o.g.s.i.ScheduledTaskServiceImpl [scheduling-1] Running meeting reminder task...
2025-08-07 10:05:00,037 INFO i.o.g.s.i.ScheduledTaskServiceImpl [scheduling-1] No upcoming meetings found needing a reminder.
2025-08-07 10:10:00,027 INFO i.o.g.s.i.ScheduledTaskServiceImpl [scheduling-1] Running meeting reminder task...
2025-08-07 10:10:00,038 INFO i.o.g.s.i.ScheduledTaskServiceImpl [scheduling-1] No upcoming meetings found needing a reminder.
2025-08-07 10:15:00,027 INFO i.o.g.s.i.ScheduledTaskServiceImpl [scheduling-1] Running meeting reminder task...
2025-08-07 10:15:00,035 INFO i.o.g.s.i.ScheduledTaskServiceImpl [scheduling-1] No upcoming meetings found needing a reminder.
2025-08-07 10:20:00,033 INFO i.o.g.s.i.ScheduledTaskServiceImpl [scheduling-1] Running meeting reminder task...
2025-08-07 10:20:00,042 INFO i.o.g.s.i.ScheduledTaskServiceImpl [scheduling-1] No upcoming meetings found needing a reminder.
2025-08-07 10:25:03,579 INFO i.o.g.s.i.ScheduledTaskServiceImpl [scheduling-1] Running meeting reminder task...
2025-08-07 10:25:03,588 INFO i.o.g.s.i.ScheduledTaskServiceImpl [scheduling-1] No upcoming meetings found needing a reminder.
2025-08-07 10:30:17,525 WARN c.z.h.p.HikariPool$HouseKeeper [HikariPool-1:housekeeper] HikariPool-1 - Thread starvation or clock leap detected (housekeeper delta=45s474ms829µs400ns).
2025-08-07 10:30:38,130 INFO i.o.g.s.i.ScheduledTaskServiceImpl [scheduling-1] Running meeting reminder task...
2025-08-07 10:30:38,138 INFO i.o.g.s.i.ScheduledTaskServiceImpl [scheduling-1] No upcoming meetings found needing a reminder.
2025-08-07 10:35:00,020 INFO i.o.g.s.i.ScheduledTaskServiceImpl [scheduling-1] Running meeting reminder task...
2025-08-07 10:35:00,030 INFO i.o.g.s.i.ScheduledTaskServiceImpl [scheduling-1] No upcoming meetings found needing a reminder.
2025-08-07 10:39:01,869 WARN c.z.h.p.HikariPool$HouseKeeper [HikariPool-1:housekeeper] HikariPool-1 - Thread starvation or clock leap detected (housekeeper delta=2m14s242ms759µs700ns).
2025-08-07 10:41:50,161 INFO i.o.g.s.i.ScheduledTaskServiceImpl [scheduling-1] Running meeting reminder task...
2025-08-07 10:41:50,170 INFO i.o.g.s.i.ScheduledTaskServiceImpl [scheduling-1] No upcoming meetings found needing a reminder.
2025-08-07 10:45:00,012 INFO i.o.g.s.i.ScheduledTaskServiceImpl [scheduling-1] Running meeting reminder task...
2025-08-07 10:45:00,026 INFO i.o.g.s.i.ScheduledTaskServiceImpl [scheduling-1] No upcoming meetings found needing a reminder.
2025-08-07 10:50:23,177 INFO i.o.g.s.i.ScheduledTaskServiceImpl [scheduling-1] Running meeting reminder task...
2025-08-07 10:50:23,187 INFO i.o.g.s.i.ScheduledTaskServiceImpl [scheduling-1] No upcoming meetings found needing a reminder.
2025-08-07 10:55:00,011 INFO i.o.g.s.i.ScheduledTaskServiceImpl [scheduling-1] Running meeting reminder task...
2025-08-07 10:55:00,029 INFO i.o.g.s.i.ScheduledTaskServiceImpl [scheduling-1] No upcoming meetings found needing a reminder.
2025-08-07 11:00:19,377 INFO i.o.g.s.i.ScheduledTaskServiceImpl [scheduling-1] Running meeting reminder task...
2025-08-07 11:00:19,383 INFO i.o.g.s.i.ScheduledTaskServiceImpl [scheduling-1] No upcoming meetings found needing a reminder.
2025-08-07 11:02:01,235 INFO i.o.g.s.i.EmailServiceImpl [http-nio-8080-exec-10] HTML OTP verification email sent to jhasketansa86@gmail.com
2025-08-07 11:02:46,427 INFO i.o.g.s.i.EmailServiceImpl [http-nio-8080-exec-2] HTML OTP verification email sent to jhasketansa86@gmail.com
2025-08-07 11:03:05,390 INFO i.o.g.s.i.EmailServiceImpl [http-nio-8080-exec-1] HTML OTP verification email sent to jhasketansa86@gmail.com
2025-08-07 11:03:45,648 INFO i.o.g.s.i.EmailServiceImpl [http-nio-8080-exec-4] HTML OTP verification email sent to jhasketansa86@gmail.com
2025-08-07 11:05:00,018 INFO i.o.g.s.i.ScheduledTaskServiceImpl [scheduling-1] Running meeting reminder task...
2025-08-07 11:05:00,029 INFO i.o.g.s.i.ScheduledTaskServiceImpl [scheduling-1] No upcoming meetings found needing a reminder.
2025-08-07 11:10:00,012 INFO i.o.g.s.i.ScheduledTaskServiceImpl [scheduling-1] Running meeting reminder task...
2025-08-07 11:10:00,030 INFO i.o.g.s.i.ScheduledTaskServiceImpl [scheduling-1] No upcoming meetings found needing a reminder.
2025-08-07 11:22:11,038 INFO i.o.g.s.i.ScheduledTaskServiceImpl [scheduling-1] Running meeting reminder task...
2025-08-07 11:22:11,046 INFO i.o.g.s.i.ScheduledTaskServiceImpl [scheduling-1] No upcoming meetings found needing a reminder.
2025-08-07 11:22:17,648 WARN c.z.h.p.HikariPool$HouseKeeper [HikariPool-1:housekeeper] HikariPool-1 - Thread starvation or clock leap detected (housekeeper delta=7m38s499ms921µs800ns).
2025-08-07 12:03:46,446 WARN c.z.h.p.HikariPool$HouseKeeper [HikariPool-1:housekeeper] HikariPool-1 - Thread starvation or clock leap detected (housekeeper delta=39m28s757ms646µs).
2025-08-07 15:54:46,326 WARN c.z.h.p.HikariPool$HouseKeeper [HikariPool-1:housekeeper] HikariPool-1 - Thread starvation or clock leap detected (housekeeper delta=3h51m3s915ms383µs300ns).
2025-08-07 15:54:49,535 INFO i.o.g.s.i.ScheduledTaskServiceImpl [scheduling-1] Running meeting reminder task...
2025-08-07 15:54:49,543 INFO i.o.g.s.i.ScheduledTaskServiceImpl [scheduling-1] No upcoming meetings found needing a reminder.
2025-08-07 15:55:00,022 INFO i.o.g.s.i.ScheduledTaskServiceImpl [scheduling-1] Running meeting reminder task...
2025-08-07 15:55:00,025 INFO i.o.g.s.i.ScheduledTaskServiceImpl [scheduling-1] No upcoming meetings found needing a reminder.
2025-08-07 16:00:00,008 INFO i.o.g.s.i.ScheduledTaskServiceImpl [scheduling-1] Running meeting reminder task...
2025-08-07 16:00:00,018 INFO i.o.g.s.i.ScheduledTaskServiceImpl [scheduling-1] No upcoming meetings found needing a reminder.
2025-08-07 16:05:00,023 INFO i.o.g.s.i.ScheduledTaskServiceImpl [scheduling-1] Running meeting reminder task...
2025-08-07 16:05:00,039 INFO i.o.g.s.i.ScheduledTaskServiceImpl [scheduling-1] No upcoming meetings found needing a reminder.
2025-08-07 16:06:55,692 WARN c.z.h.p.HikariPool$HouseKeeper [HikariPool-1:housekeeper] HikariPool-1 - Thread starvation or clock leap detected (housekeeper delta=1m9s199ms686µs400ns).
2025-08-07 16:10:56,704 INFO i.o.g.s.i.ScheduledTaskServiceImpl [scheduling-1] Running meeting reminder task...
2025-08-07 16:10:56,712 INFO i.o.g.s.i.ScheduledTaskServiceImpl [scheduling-1] No upcoming meetings found needing a reminder.
2025-08-07 16:15:00,011 INFO i.o.g.s.i.ScheduledTaskServiceImpl [scheduling-1] Running meeting reminder task...
2025-08-07 16:15:00,023 INFO i.o.g.s.i.ScheduledTaskServiceImpl [scheduling-1] No upcoming meetings found needing a reminder.
2025-08-07 16:27:30,543 WARN c.z.h.p.HikariPool$HouseKeeper [HikariPool-1:housekeeper] HikariPool-1 - Thread starvation or clock leap detected (housekeeper delta=10m34s699ms180µs).
2025-08-07 16:30:12,017 INFO i.o.g.s.i.ScheduledTaskServiceImpl [scheduling-1] Running meeting reminder task...
2025-08-07 16:30:12,029 INFO i.o.g.s.i.ScheduledTaskServiceImpl [scheduling-1] No upcoming meetings found needing a reminder.
2025-08-07 16:42:16,675 WARN c.z.h.p.HikariPool$HouseKeeper [HikariPool-1:housekeeper] HikariPool-1 - Thread starvation or clock leap detected (housekeeper delta=8m46s4ms677µs200ns).
2025-08-07 16:43:15,999 INFO i.o.g.s.i.ScheduledTaskServiceImpl [scheduling-1] Running meeting reminder task...
2025-08-07 16:43:16,009 INFO i.o.g.s.i.ScheduledTaskServiceImpl [scheduling-1] No upcoming meetings found needing a reminder.
2025-08-07 16:45:00,013 INFO i.o.g.s.i.ScheduledTaskServiceImpl [scheduling-1] Running meeting reminder task...
2025-08-07 16:45:00,024 INFO i.o.g.s.i.ScheduledTaskServiceImpl [scheduling-1] No upcoming meetings found needing a reminder.
2025-08-07 17:18:30,281 WARN c.z.h.p.HikariPool$HouseKeeper [HikariPool-1:housekeeper] HikariPool-1 - Thread starvation or clock leap detected (housekeeper delta=32m43s552ms843µs900ns).
