2025-08-08 09:17:42,191 WARN c.z.h.p.HikariPool$HouseKeeper [HikariPool-1:housekeeper] HikariPool-1 - Thread starvation or clock leap detected (housekeeper delta=15h59m15s725ms839µs400ns).
2025-08-08 09:20:57,668 INFO i.o.g.s.i.ScheduledTaskServiceImpl [scheduling-1] Running meeting reminder task...
2025-08-08 09:20:57,698 INFO i.o.g.s.i.ScheduledTaskServiceImpl [scheduling-1] No upcoming meetings found needing a reminder.
2025-08-08 09:25:00,009 INFO i.o.g.s.i.ScheduledTaskServiceImpl [scheduling-1] Running meeting reminder task...
2025-08-08 09:25:00,016 INFO i.o.g.s.i.ScheduledTaskServiceImpl [scheduling-1] No upcoming meetings found needing a reminder.
2025-08-08 09:30:00,019 INFO i.o.g.s.i.ScheduledTaskServiceImpl [scheduling-1] Running meeting reminder task...
2025-08-08 09:30:00,033 INFO i.o.g.s.i.ScheduledTaskServiceImpl [scheduling-1] No upcoming meetings found needing a reminder.
2025-08-08 09:35:00,010 INFO i.o.g.s.i.ScheduledTaskServiceImpl [scheduling-1] Running meeting reminder task...
2025-08-08 09:35:00,019 INFO i.o.g.s.i.ScheduledTaskServiceImpl [scheduling-1] No upcoming meetings found needing a reminder.
2025-08-08 09:40:00,076 INFO i.o.g.s.i.ScheduledTaskServiceImpl [scheduling-1] Running meeting reminder task...
2025-08-08 09:40:00,082 INFO i.o.g.s.i.ScheduledTaskServiceImpl [scheduling-1] No upcoming meetings found needing a reminder.
2025-08-08 09:45:00,086 INFO i.o.g.s.i.ScheduledTaskServiceImpl [scheduling-1] Running meeting reminder task...
2025-08-08 09:45:00,098 INFO i.o.g.s.i.ScheduledTaskServiceImpl [scheduling-1] No upcoming meetings found needing a reminder.
2025-08-08 09:50:00,091 INFO i.o.g.s.i.ScheduledTaskServiceImpl [scheduling-1] Running meeting reminder task...
2025-08-08 09:50:00,100 INFO i.o.g.s.i.ScheduledTaskServiceImpl [scheduling-1] No upcoming meetings found needing a reminder.
2025-08-08 09:55:00,072 INFO i.o.g.s.i.ScheduledTaskServiceImpl [scheduling-1] Running meeting reminder task...
2025-08-08 09:55:00,080 INFO i.o.g.s.i.ScheduledTaskServiceImpl [scheduling-1] No upcoming meetings found needing a reminder.
2025-08-08 10:00:00,066 INFO i.o.g.s.i.ScheduledTaskServiceImpl [scheduling-1] Running meeting reminder task...
2025-08-08 10:00:00,069 INFO i.o.g.s.i.ScheduledTaskServiceImpl [scheduling-1] No upcoming meetings found needing a reminder.
2025-08-08 10:05:00,065 INFO i.o.g.s.i.ScheduledTaskServiceImpl [scheduling-1] Running meeting reminder task...
2025-08-08 10:05:00,080 INFO i.o.g.s.i.ScheduledTaskServiceImpl [scheduling-1] No upcoming meetings found needing a reminder.
2025-08-08 10:10:00,056 INFO i.o.g.s.i.ScheduledTaskServiceImpl [scheduling-1] Running meeting reminder task...
2025-08-08 10:10:00,069 INFO i.o.g.s.i.ScheduledTaskServiceImpl [scheduling-1] No upcoming meetings found needing a reminder.
2025-08-08 10:15:00,052 INFO i.o.g.s.i.ScheduledTaskServiceImpl [scheduling-1] Running meeting reminder task...
2025-08-08 10:15:00,062 INFO i.o.g.s.i.ScheduledTaskServiceImpl [scheduling-1] No upcoming meetings found needing a reminder.
2025-08-08 10:20:00,053 INFO i.o.g.s.i.ScheduledTaskServiceImpl [scheduling-1] Running meeting reminder task...
2025-08-08 10:20:00,072 INFO i.o.g.s.i.ScheduledTaskServiceImpl [scheduling-1] No upcoming meetings found needing a reminder.
2025-08-08 10:25:00,048 INFO i.o.g.s.i.ScheduledTaskServiceImpl [scheduling-1] Running meeting reminder task...
2025-08-08 10:25:00,066 INFO i.o.g.s.i.ScheduledTaskServiceImpl [scheduling-1] No upcoming meetings found needing a reminder.
2025-08-08 10:30:00,047 INFO i.o.g.s.i.ScheduledTaskServiceImpl [scheduling-1] Running meeting reminder task...
2025-08-08 10:30:00,056 INFO i.o.g.s.i.ScheduledTaskServiceImpl [scheduling-1] No upcoming meetings found needing a reminder.
2025-08-08 10:35:00,040 INFO i.o.g.s.i.ScheduledTaskServiceImpl [scheduling-1] Running meeting reminder task...
2025-08-08 10:35:00,048 INFO i.o.g.s.i.ScheduledTaskServiceImpl [scheduling-1] No upcoming meetings found needing a reminder.
2025-08-08 10:40:00,036 INFO i.o.g.s.i.ScheduledTaskServiceImpl [scheduling-1] Running meeting reminder task...
2025-08-08 10:40:00,048 INFO i.o.g.s.i.ScheduledTaskServiceImpl [scheduling-1] No upcoming meetings found needing a reminder.
2025-08-08 10:45:00,042 INFO i.o.g.s.i.ScheduledTaskServiceImpl [scheduling-1] Running meeting reminder task...
2025-08-08 10:45:00,054 INFO i.o.g.s.i.ScheduledTaskServiceImpl [scheduling-1] No upcoming meetings found needing a reminder.
2025-08-08 10:50:00,028 INFO i.o.g.s.i.ScheduledTaskServiceImpl [scheduling-1] Running meeting reminder task...
2025-08-08 10:50:00,035 INFO i.o.g.s.i.ScheduledTaskServiceImpl [scheduling-1] No upcoming meetings found needing a reminder.
2025-08-08 10:55:00,025 INFO i.o.g.s.i.ScheduledTaskServiceImpl [scheduling-1] Running meeting reminder task...
2025-08-08 10:55:00,040 INFO i.o.g.s.i.ScheduledTaskServiceImpl [scheduling-1] No upcoming meetings found needing a reminder.
2025-08-08 11:00:00,027 INFO i.o.g.s.i.ScheduledTaskServiceImpl [scheduling-1] Running meeting reminder task...
2025-08-08 11:00:00,034 INFO i.o.g.s.i.ScheduledTaskServiceImpl [scheduling-1] No upcoming meetings found needing a reminder.
2025-08-08 11:05:00,031 INFO i.o.g.s.i.ScheduledTaskServiceImpl [scheduling-1] Running meeting reminder task...
2025-08-08 11:05:00,049 INFO i.o.g.s.i.ScheduledTaskServiceImpl [scheduling-1] No upcoming meetings found needing a reminder.
2025-08-08 11:38:21,725 WARN c.z.h.p.HikariPool$HouseKeeper [HikariPool-1:housekeeper] HikariPool-1 - Thread starvation or clock leap detected (housekeeper delta=29m7s7ms790µs500ns).
2025-08-08 11:47:36,484 WARN c.z.h.p.HikariPool$HouseKeeper [HikariPool-1:housekeeper] HikariPool-1 - Thread starvation or clock leap detected (housekeeper delta=9m14s759ms129µs900ns).
2025-08-08 11:47:37,049 INFO i.o.g.s.i.ScheduledTaskServiceImpl [scheduling-1] Running meeting reminder task...
2025-08-08 11:47:37,089 INFO i.o.g.s.i.ScheduledTaskServiceImpl [scheduling-1] No upcoming meetings found needing a reminder.
2025-08-08 11:50:00,010 INFO i.o.g.s.i.ScheduledTaskServiceImpl [scheduling-1] Running meeting reminder task...
2025-08-08 11:50:00,019 INFO i.o.g.s.i.ScheduledTaskServiceImpl [scheduling-1] No upcoming meetings found needing a reminder.
2025-08-08 11:55:00,004 INFO i.o.g.s.i.ScheduledTaskServiceImpl [scheduling-1] Running meeting reminder task...
2025-08-08 11:55:00,010 INFO i.o.g.s.i.ScheduledTaskServiceImpl [scheduling-1] No upcoming meetings found needing a reminder.
2025-08-08 12:00:00,006 INFO i.o.g.s.i.ScheduledTaskServiceImpl [scheduling-1] Running meeting reminder task...
2025-08-08 12:00:00,019 INFO i.o.g.s.i.ScheduledTaskServiceImpl [scheduling-1] No upcoming meetings found needing a reminder.
2025-08-08 12:05:00,018 INFO i.o.g.s.i.ScheduledTaskServiceImpl [scheduling-1] Running meeting reminder task...
2025-08-08 12:05:00,036 INFO i.o.g.s.i.ScheduledTaskServiceImpl [scheduling-1] No upcoming meetings found needing a reminder.
2025-08-08 12:10:00,008 INFO i.o.g.s.i.ScheduledTaskServiceImpl [scheduling-1] Running meeting reminder task...
2025-08-08 12:10:00,018 INFO i.o.g.s.i.ScheduledTaskServiceImpl [scheduling-1] No upcoming meetings found needing a reminder.
2025-08-08 12:39:18,464 WARN c.z.h.p.HikariPool$HouseKeeper [HikariPool-1:housekeeper] HikariPool-1 - Thread starvation or clock leap detected (housekeeper delta=27m11s657ms977µs100ns).
2025-08-08 12:41:43,783 INFO i.o.g.s.i.ScheduledTaskServiceImpl [scheduling-1] Running meeting reminder task...
2025-08-08 12:41:43,791 INFO i.o.g.s.i.ScheduledTaskServiceImpl [scheduling-1] No upcoming meetings found needing a reminder.
2025-08-08 15:32:26,143 WARN c.z.h.p.HikariPool$HouseKeeper [HikariPool-1:housekeeper] HikariPool-1 - Thread starvation or clock leap detected (housekeeper delta=2h50m37s644ms453µs300ns).
2025-08-08 15:35:07,639 INFO i.o.g.s.i.ScheduledTaskServiceImpl [scheduling-1] Running meeting reminder task...
2025-08-08 15:35:07,646 INFO i.o.g.s.i.ScheduledTaskServiceImpl [scheduling-1] No upcoming meetings found needing a reminder.
2025-08-08 15:40:00,007 INFO i.o.g.s.i.ScheduledTaskServiceImpl [scheduling-1] Running meeting reminder task...
2025-08-08 15:40:00,013 INFO i.o.g.s.i.ScheduledTaskServiceImpl [scheduling-1] No upcoming meetings found needing a reminder.
2025-08-08 15:45:00,008 INFO i.o.g.s.i.ScheduledTaskServiceImpl [scheduling-1] Running meeting reminder task...
2025-08-08 15:45:00,020 INFO i.o.g.s.i.ScheduledTaskServiceImpl [scheduling-1] No upcoming meetings found needing a reminder.
2025-08-08 15:50:00,013 INFO i.o.g.s.i.ScheduledTaskServiceImpl [scheduling-1] Running meeting reminder task...
2025-08-08 15:50:00,025 INFO i.o.g.s.i.ScheduledTaskServiceImpl [scheduling-1] No upcoming meetings found needing a reminder.
2025-08-08 15:55:27,625 WARN c.z.h.p.HikariPool$HouseKeeper [HikariPool-1:housekeeper] HikariPool-1 - Thread starvation or clock leap detected (housekeeper delta=4m1s192ms593µs900ns).
2025-08-08 15:58:48,925 INFO i.o.g.s.i.ScheduledTaskServiceImpl [scheduling-1] Running meeting reminder task...
2025-08-08 15:58:48,929 INFO i.o.g.s.i.ScheduledTaskServiceImpl [scheduling-1] No upcoming meetings found needing a reminder.
2025-08-08 16:00:00,009 INFO i.o.g.s.i.ScheduledTaskServiceImpl [scheduling-1] Running meeting reminder task...
2025-08-08 16:00:00,017 INFO i.o.g.s.i.ScheduledTaskServiceImpl [scheduling-1] No upcoming meetings found needing a reminder.
2025-08-08 16:05:00,016 INFO i.o.g.s.i.ScheduledTaskServiceImpl [scheduling-1] Running meeting reminder task...
2025-08-08 16:05:00,021 INFO i.o.g.s.i.ScheduledTaskServiceImpl [scheduling-1] No upcoming meetings found needing a reminder.
2025-08-08 16:10:00,007 INFO i.o.g.s.i.ScheduledTaskServiceImpl [scheduling-1] Running meeting reminder task...
2025-08-08 16:10:00,012 INFO i.o.g.s.i.ScheduledTaskServiceImpl [scheduling-1] No upcoming meetings found needing a reminder.
2025-08-08 16:15:00,008 INFO i.o.g.s.i.ScheduledTaskServiceImpl [scheduling-1] Running meeting reminder task...
2025-08-08 16:15:00,013 INFO i.o.g.s.i.ScheduledTaskServiceImpl [scheduling-1] No upcoming meetings found needing a reminder.
2025-08-08 16:46:40,962 WARN c.z.h.p.HikariPool$HouseKeeper [HikariPool-1:housekeeper] HikariPool-1 - Thread starvation or clock leap detected (housekeeper delta=31m13s15ms978µs900ns).
2025-08-08 16:51:07,580 INFO i.o.g.s.i.ScheduledTaskServiceImpl [scheduling-1] Running meeting reminder task...
2025-08-08 16:51:07,580 INFO i.o.g.s.i.ScheduledTaskServiceImpl [scheduling-1] No upcoming meetings found needing a reminder.
2025-08-08 17:17:01,938 INFO o.s.b.StartupInfoLogger [restartedMain] Starting UserServiceApplication using Java 21.0.3 with PID 5688 (C:\Users\jhask\Downloads\Project\Yout_Connect\genSpark-Backend\user-service\target\classes started by jhask in C:\Users\jhask\Downloads\Project\Yout_Connect\genSpark-Backend\user-service)
2025-08-08 17:17:01,943 INFO o.s.b.SpringApplication [restartedMain] No active profile set, falling back to 1 default profile: "default"
2025-08-08 17:17:04,841 INFO o.a.j.l.DirectJDKLog [restartedMain] Initializing ProtocolHandler ["http-nio-8080"]
2025-08-08 17:17:04,846 INFO o.a.j.l.DirectJDKLog [restartedMain] Starting service [Tomcat]
2025-08-08 17:17:04,847 INFO o.a.j.l.DirectJDKLog [restartedMain] Starting Servlet engine: [Apache Tomcat/10.1.42]
2025-08-08 17:17:04,938 INFO o.a.j.l.DirectJDKLog [restartedMain] Initializing Spring embedded WebApplicationContext
2025-08-08 17:17:05,358 INFO c.z.h.HikariDataSource [restartedMain] HikariPool-1 - Starting...
2025-08-08 17:17:05,978 INFO c.z.h.p.HikariPool [restartedMain] HikariPool-1 - Added connection com.mysql.cj.jdbc.ConnectionImpl@66f7775a
2025-08-08 17:17:05,981 INFO c.z.h.HikariDataSource [restartedMain] HikariPool-1 - Start completed.
2025-08-08 17:17:06,082 INFO o.f.c.i.l.s.Slf4jLog [restartedMain] Database: jdbc:mysql://localhost:3306/genspark_db?createDatabaseIfNotExist=true (MySQL 8.0)
2025-08-08 17:17:06,198 INFO o.f.c.i.l.s.Slf4jLog [restartedMain] Successfully validated 1 migration (execution time 00:00.054s)
2025-08-08 17:17:06,227 INFO o.f.c.i.l.s.Slf4jLog [restartedMain] Current version of schema `genspark_db`: 1
2025-08-08 17:17:06,233 INFO o.f.c.i.l.s.Slf4jLog [restartedMain] Schema `genspark_db` is up to date. No migration necessary.
2025-08-08 17:17:07,119 WARN o.h.e.j.d.i.DialectFactoryImpl [restartedMain] HHH90000025: MySQLDialect does not need to be specified explicitly using 'hibernate.dialect' (remove the property setting and it will be selected by default)
2025-08-08 17:17:09,564 WARN o.s.b.a.o.j.JpaBaseConfiguration$JpaWebConfiguration [restartedMain] spring.jpa.open-in-view is enabled by default. Therefore, database queries may be performed during view rendering. Explicitly configure spring.jpa.open-in-view to disable this warning
2025-08-08 17:17:10,456 INFO o.a.j.l.DirectJDKLog [restartedMain] Starting ProtocolHandler ["http-nio-8080"]
2025-08-08 17:17:10,502 INFO o.s.b.StartupInfoLogger [restartedMain] Started UserServiceApplication in 9.452 seconds (process running for 10.058)
2025-08-08 17:17:27,153 INFO o.a.j.l.DirectJDKLog [http-nio-8080-exec-1] Initializing Spring DispatcherServlet 'dispatcherServlet'
2025-08-08 17:20:00,028 INFO i.o.g.s.i.ScheduledTaskServiceImpl [scheduling-1] Running meeting reminder task...
2025-08-08 17:20:00,203 INFO i.o.g.s.i.ScheduledTaskServiceImpl [scheduling-1] No upcoming meetings found needing a reminder.
2025-08-08 17:20:11,035 INFO o.a.j.l.DirectJDKLog [tomcat-shutdown] Pausing ProtocolHandler ["http-nio-8080"]
2025-08-08 17:20:11,044 INFO o.a.j.l.DirectJDKLog [Thread-5] Stopping ProtocolHandler ["http-nio-8080"]
2025-08-08 17:20:11,053 INFO c.z.h.HikariDataSource [Thread-5] HikariPool-1 - Shutdown initiated...
2025-08-08 17:20:11,062 INFO c.z.h.HikariDataSource [Thread-5] HikariPool-1 - Shutdown completed.
2025-08-08 17:20:11,176 INFO o.s.b.StartupInfoLogger [restartedMain] Starting UserServiceApplication using Java 21.0.3 with PID 5688 (C:\Users\jhask\Downloads\Project\Yout_Connect\genSpark-Backend\user-service\target\classes started by jhask in C:\Users\jhask\Downloads\Project\Yout_Connect\genSpark-Backend\user-service)
2025-08-08 17:20:11,176 INFO o.s.b.SpringApplication [restartedMain] No active profile set, falling back to 1 default profile: "default"
2025-08-08 17:20:11,864 INFO o.a.j.l.DirectJDKLog [restartedMain] Initializing ProtocolHandler ["http-nio-8080"]
2025-08-08 17:20:11,865 INFO o.a.j.l.DirectJDKLog [restartedMain] Starting service [Tomcat]
2025-08-08 17:20:11,865 INFO o.a.j.l.DirectJDKLog [restartedMain] Starting Servlet engine: [Apache Tomcat/10.1.42]
2025-08-08 17:20:11,902 INFO o.a.j.l.DirectJDKLog [restartedMain] Initializing Spring embedded WebApplicationContext
2025-08-08 17:20:11,956 INFO c.z.h.HikariDataSource [restartedMain] HikariPool-2 - Starting...
2025-08-08 17:20:11,978 INFO c.z.h.p.HikariPool [restartedMain] HikariPool-2 - Added connection com.mysql.cj.jdbc.ConnectionImpl@5d2a6307
2025-08-08 17:20:11,980 INFO c.z.h.HikariDataSource [restartedMain] HikariPool-2 - Start completed.
2025-08-08 17:20:11,988 INFO o.f.c.i.l.s.Slf4jLog [restartedMain] Database: jdbc:mysql://localhost:3306/genspark_db?createDatabaseIfNotExist=true (MySQL 8.0)
2025-08-08 17:20:12,012 INFO o.f.c.i.l.s.Slf4jLog [restartedMain] Successfully validated 1 migration (execution time 00:00.011s)
2025-08-08 17:20:12,029 INFO o.f.c.i.l.s.Slf4jLog [restartedMain] Current version of schema `genspark_db`: 1
2025-08-08 17:20:12,030 INFO o.f.c.i.l.s.Slf4jLog [restartedMain] Schema `genspark_db` is up to date. No migration necessary.
2025-08-08 17:20:12,068 WARN o.h.e.j.d.i.DialectFactoryImpl [restartedMain] HHH90000025: MySQLDialect does not need to be specified explicitly using 'hibernate.dialect' (remove the property setting and it will be selected by default)
2025-08-08 17:20:12,631 WARN o.s.b.a.o.j.JpaBaseConfiguration$JpaWebConfiguration [restartedMain] spring.jpa.open-in-view is enabled by default. Therefore, database queries may be performed during view rendering. Explicitly configure spring.jpa.open-in-view to disable this warning
2025-08-08 17:20:12,906 INFO o.a.j.l.DirectJDKLog [restartedMain] Starting ProtocolHandler ["http-nio-8080"]
2025-08-08 17:20:12,919 INFO o.s.b.StartupInfoLogger [restartedMain] Started UserServiceApplication in 1.786 seconds (process running for 192.476)
2025-08-08 17:20:18,461 INFO o.a.j.l.DirectJDKLog [tomcat-shutdown] Pausing ProtocolHandler ["http-nio-8080"]
2025-08-08 17:20:18,469 INFO o.a.j.l.DirectJDKLog [Thread-7] Stopping ProtocolHandler ["http-nio-8080"]
2025-08-08 17:20:18,475 INFO c.z.h.HikariDataSource [Thread-7] HikariPool-2 - Shutdown initiated...
2025-08-08 17:20:18,479 INFO c.z.h.HikariDataSource [Thread-7] HikariPool-2 - Shutdown completed.
2025-08-08 17:20:18,585 INFO o.s.b.StartupInfoLogger [restartedMain] Starting UserServiceApplication using Java 21.0.3 with PID 5688 (C:\Users\jhask\Downloads\Project\Yout_Connect\genSpark-Backend\user-service\target\classes started by jhask in C:\Users\jhask\Downloads\Project\Yout_Connect\genSpark-Backend\user-service)
2025-08-08 17:20:18,586 INFO o.s.b.SpringApplication [restartedMain] No active profile set, falling back to 1 default profile: "default"
2025-08-08 17:20:19,173 INFO o.a.j.l.DirectJDKLog [restartedMain] Initializing ProtocolHandler ["http-nio-8080"]
2025-08-08 17:20:19,173 INFO o.a.j.l.DirectJDKLog [restartedMain] Starting service [Tomcat]
2025-08-08 17:20:19,174 INFO o.a.j.l.DirectJDKLog [restartedMain] Starting Servlet engine: [Apache Tomcat/10.1.42]
2025-08-08 17:20:19,207 INFO o.a.j.l.DirectJDKLog [restartedMain] Initializing Spring embedded WebApplicationContext
2025-08-08 17:20:19,255 INFO c.z.h.HikariDataSource [restartedMain] HikariPool-3 - Starting...
2025-08-08 17:20:19,276 INFO c.z.h.p.HikariPool [restartedMain] HikariPool-3 - Added connection com.mysql.cj.jdbc.ConnectionImpl@3ba358b6
2025-08-08 17:20:19,277 INFO c.z.h.HikariDataSource [restartedMain] HikariPool-3 - Start completed.
2025-08-08 17:20:19,284 INFO o.f.c.i.l.s.Slf4jLog [restartedMain] Database: jdbc:mysql://localhost:3306/genspark_db?createDatabaseIfNotExist=true (MySQL 8.0)
2025-08-08 17:20:19,310 INFO o.f.c.i.l.s.Slf4jLog [restartedMain] Successfully validated 1 migration (execution time 00:00.012s)
2025-08-08 17:20:19,328 INFO o.f.c.i.l.s.Slf4jLog [restartedMain] Current version of schema `genspark_db`: 1
2025-08-08 17:20:19,329 INFO o.f.c.i.l.s.Slf4jLog [restartedMain] Schema `genspark_db` is up to date. No migration necessary.
2025-08-08 17:20:19,378 WARN o.h.e.j.d.i.DialectFactoryImpl [restartedMain] HHH90000025: MySQLDialect does not need to be specified explicitly using 'hibernate.dialect' (remove the property setting and it will be selected by default)
2025-08-08 17:20:19,860 WARN o.s.b.a.o.j.JpaBaseConfiguration$JpaWebConfiguration [restartedMain] spring.jpa.open-in-view is enabled by default. Therefore, database queries may be performed during view rendering. Explicitly configure spring.jpa.open-in-view to disable this warning
2025-08-08 17:20:20,049 INFO o.a.j.l.DirectJDKLog [restartedMain] Starting ProtocolHandler ["http-nio-8080"]
2025-08-08 17:20:20,058 INFO o.s.b.StartupInfoLogger [restartedMain] Started UserServiceApplication in 1.517 seconds (process running for 199.614)
2025-08-08 17:20:30,004 INFO o.a.j.l.DirectJDKLog [http-nio-8080-exec-4] Initializing Spring DispatcherServlet 'dispatcherServlet'
2025-08-08 17:20:35,363 INFO i.o.g.s.i.EmailServiceImpl [http-nio-8080-exec-4] Contact Us email sent from test@example.com
2025-08-08 17:25:00,013 INFO i.o.g.s.i.ScheduledTaskServiceImpl [scheduling-1] Running meeting reminder task...
2025-08-08 17:25:00,025 INFO i.o.g.s.i.ScheduledTaskServiceImpl [scheduling-1] No upcoming meetings found needing a reminder.
2025-08-08 17:30:00,014 INFO i.o.g.s.i.ScheduledTaskServiceImpl [scheduling-1] Running meeting reminder task...
2025-08-08 17:30:00,019 INFO i.o.g.s.i.ScheduledTaskServiceImpl [scheduling-1] No upcoming meetings found needing a reminder.
2025-08-08 17:33:24,527 INFO i.o.g.s.i.EmailServiceImpl [http-nio-8080-exec-6] Contact Us email sent from jhasketansa86@gmail.com
2025-08-08 17:34:47,938 INFO i.o.g.s.i.EmailServiceImpl [http-nio-8080-exec-8] HTML OTP verification email sent to jhasketansa86@gmail.com
2025-08-08 17:35:00,004 INFO i.o.g.s.i.ScheduledTaskServiceImpl [scheduling-1] Running meeting reminder task...
2025-08-08 17:35:00,010 INFO i.o.g.s.i.ScheduledTaskServiceImpl [scheduling-1] No upcoming meetings found needing a reminder.
2025-08-08 17:40:00,005 INFO i.o.g.s.i.ScheduledTaskServiceImpl [scheduling-1] Running meeting reminder task...
2025-08-08 17:40:00,012 INFO i.o.g.s.i.ScheduledTaskServiceImpl [scheduling-1] No upcoming meetings found needing a reminder.
2025-08-08 17:40:21,305 INFO o.a.j.l.DirectJDKLog [tomcat-shutdown] Pausing ProtocolHandler ["http-nio-8080"]
2025-08-08 17:40:21,311 INFO o.a.j.l.DirectJDKLog [Thread-11] Stopping ProtocolHandler ["http-nio-8080"]
2025-08-08 17:40:21,315 INFO c.z.h.HikariDataSource [Thread-11] HikariPool-3 - Shutdown initiated...
2025-08-08 17:40:21,318 INFO c.z.h.HikariDataSource [Thread-11] HikariPool-3 - Shutdown completed.
2025-08-08 17:40:21,440 INFO o.s.b.StartupInfoLogger [restartedMain] Starting UserServiceApplication using Java 21.0.3 with PID 5688 (C:\Users\jhask\Downloads\Project\Yout_Connect\genSpark-Backend\user-service\target\classes started by jhask in C:\Users\jhask\Downloads\Project\Yout_Connect\genSpark-Backend\user-service)
2025-08-08 17:40:21,440 INFO o.s.b.SpringApplication [restartedMain] No active profile set, falling back to 1 default profile: "default"
2025-08-08 17:40:22,027 INFO o.a.j.l.DirectJDKLog [restartedMain] Initializing ProtocolHandler ["http-nio-8080"]
2025-08-08 17:40:22,028 INFO o.a.j.l.DirectJDKLog [restartedMain] Starting service [Tomcat]
2025-08-08 17:40:22,029 INFO o.a.j.l.DirectJDKLog [restartedMain] Starting Servlet engine: [Apache Tomcat/10.1.42]
2025-08-08 17:40:22,061 INFO o.a.j.l.DirectJDKLog [restartedMain] Initializing Spring embedded WebApplicationContext
2025-08-08 17:40:22,130 INFO c.z.h.HikariDataSource [restartedMain] HikariPool-4 - Starting...
2025-08-08 17:40:22,151 INFO c.z.h.p.HikariPool [restartedMain] HikariPool-4 - Added connection com.mysql.cj.jdbc.ConnectionImpl@6abb00d3
2025-08-08 17:40:22,152 INFO c.z.h.HikariDataSource [restartedMain] HikariPool-4 - Start completed.
2025-08-08 17:40:22,159 INFO o.f.c.i.l.s.Slf4jLog [restartedMain] Database: jdbc:mysql://localhost:3306/genspark_db?createDatabaseIfNotExist=true (MySQL 8.0)
2025-08-08 17:40:22,192 INFO o.f.c.i.l.s.Slf4jLog [restartedMain] Successfully validated 1 migration (execution time 00:00.015s)
2025-08-08 17:40:22,213 INFO o.f.c.i.l.s.Slf4jLog [restartedMain] Current version of schema `genspark_db`: 1
2025-08-08 17:40:22,214 INFO o.f.c.i.l.s.Slf4jLog [restartedMain] Schema `genspark_db` is up to date. No migration necessary.
2025-08-08 17:40:22,277 WARN o.h.e.j.d.i.DialectFactoryImpl [restartedMain] HHH90000025: MySQLDialect does not need to be specified explicitly using 'hibernate.dialect' (remove the property setting and it will be selected by default)
2025-08-08 17:40:22,936 WARN o.s.b.a.o.j.JpaBaseConfiguration$JpaWebConfiguration [restartedMain] spring.jpa.open-in-view is enabled by default. Therefore, database queries may be performed during view rendering. Explicitly configure spring.jpa.open-in-view to disable this warning
2025-08-08 17:40:23,179 INFO o.a.j.l.DirectJDKLog [restartedMain] Starting ProtocolHandler ["http-nio-8080"]
2025-08-08 17:40:23,197 INFO o.s.b.StartupInfoLogger [restartedMain] Started UserServiceApplication in 1.798 seconds (process running for 1402.752)
2025-08-08 17:40:57,354 INFO o.a.j.l.DirectJDKLog [tomcat-shutdown] Pausing ProtocolHandler ["http-nio-8080"]
2025-08-08 17:40:57,361 INFO o.a.j.l.DirectJDKLog [Thread-15] Stopping ProtocolHandler ["http-nio-8080"]
2025-08-08 17:40:57,363 INFO c.z.h.HikariDataSource [Thread-15] HikariPool-4 - Shutdown initiated...
2025-08-08 17:40:57,367 INFO c.z.h.HikariDataSource [Thread-15] HikariPool-4 - Shutdown completed.
2025-08-08 17:40:57,483 INFO o.s.b.StartupInfoLogger [restartedMain] Starting UserServiceApplication using Java 21.0.3 with PID 5688 (C:\Users\jhask\Downloads\Project\Yout_Connect\genSpark-Backend\user-service\target\classes started by jhask in C:\Users\jhask\Downloads\Project\Yout_Connect\genSpark-Backend\user-service)
2025-08-08 17:40:57,483 INFO o.s.b.SpringApplication [restartedMain] No active profile set, falling back to 1 default profile: "default"
2025-08-08 17:40:57,990 INFO o.a.j.l.DirectJDKLog [restartedMain] Initializing ProtocolHandler ["http-nio-8080"]
2025-08-08 17:40:57,991 INFO o.a.j.l.DirectJDKLog [restartedMain] Starting service [Tomcat]
2025-08-08 17:40:57,991 INFO o.a.j.l.DirectJDKLog [restartedMain] Starting Servlet engine: [Apache Tomcat/10.1.42]
2025-08-08 17:40:58,017 INFO o.a.j.l.DirectJDKLog [restartedMain] Initializing Spring embedded WebApplicationContext
2025-08-08 17:40:58,059 INFO c.z.h.HikariDataSource [restartedMain] HikariPool-5 - Starting...
2025-08-08 17:40:58,078 INFO c.z.h.p.HikariPool [restartedMain] HikariPool-5 - Added connection com.mysql.cj.jdbc.ConnectionImpl@1bcdd65b
2025-08-08 17:40:58,078 INFO c.z.h.HikariDataSource [restartedMain] HikariPool-5 - Start completed.
2025-08-08 17:40:58,085 INFO o.f.c.i.l.s.Slf4jLog [restartedMain] Database: jdbc:mysql://localhost:3306/genspark_db?createDatabaseIfNotExist=true (MySQL 8.0)
2025-08-08 17:40:58,128 ERROR o.s.b.w.e.t.TomcatStarter [restartedMain] Error starting Tomcat context. Exception: org.springframework.beans.factory.UnsatisfiedDependencyException. Message: Error creating bean with name 'jwtAuthenticationFilter': Unsatisfied dependency expressed through field 'userDetailsService': Error creating bean with name 'customUserDetailsService': Unsatisfied dependency expressed through field 'userRepository': Error creating bean with name 'userRepository' defined in in.org.genSpark.repository.UserRepository defined in @EnableJpaRepositories declared on JpaRepositoriesRegistrar.EnableJpaRepositoriesConfiguration: Cannot resolve reference to bean 'jpaSharedEM_entityManagerFactory' while setting bean property 'entityManager'
2025-08-08 17:40:58,131 INFO o.a.j.l.DirectJDKLog [restartedMain] Stopping service [Tomcat]
2025-08-08 17:40:58,134 WARN o.a.j.l.DirectJDKLog [restartedMain] The web application [genspark#api#v1] appears to have started a thread named [HikariPool-5:housekeeper] but has failed to stop it. This is very likely to create a memory leak. Stack trace of thread:
 java.base/jdk.internal.misc.Unsafe.park(Native Method)
 java.base/java.util.concurrent.locks.LockSupport.parkNanos(LockSupport.java:269)
 java.base/java.util.concurrent.locks.AbstractQueuedSynchronizer$ConditionObject.awaitNanos(AbstractQueuedSynchronizer.java:1758)
 java.base/java.util.concurrent.ScheduledThreadPoolExecutor$DelayedWorkQueue.take(ScheduledThreadPoolExecutor.java:1182)
 java.base/java.util.concurrent.ScheduledThreadPoolExecutor$DelayedWorkQueue.take(ScheduledThreadPoolExecutor.java:899)
 java.base/java.util.concurrent.ThreadPoolExecutor.getTask(ThreadPoolExecutor.java:1070)
 java.base/java.util.concurrent.ThreadPoolExecutor.runWorker(ThreadPoolExecutor.java:1130)
 java.base/java.util.concurrent.ThreadPoolExecutor$Worker.run(ThreadPoolExecutor.java:642)
 java.base/java.lang.Thread.run(Thread.java:1583)
2025-08-08 17:40:58,136 WARN o.s.c.s.AbstractApplicationContext [restartedMain] Exception encountered during context initialization - cancelling refresh attempt: org.springframework.context.ApplicationContextException: Unable to start web server
2025-08-08 17:40:58,137 INFO c.z.h.HikariDataSource [restartedMain] HikariPool-5 - Shutdown initiated...
2025-08-08 17:40:58,138 INFO c.z.h.HikariDataSource [restartedMain] HikariPool-5 - Shutdown completed.
2025-08-08 17:40:58,184 ERROR o.s.b.SpringApplication [restartedMain] Application run failed
org.springframework.context.ApplicationContextException: Unable to start web server
	at org.springframework.boot.web.servlet.context.ServletWebServerApplicationContext.onRefresh(ServletWebServerApplicationContext.java:170)
	at org.springframework.context.support.AbstractApplicationContext.refresh(AbstractApplicationContext.java:621)
	at org.springframework.boot.web.servlet.context.ServletWebServerApplicationContext.refresh(ServletWebServerApplicationContext.java:146)
	at org.springframework.boot.SpringApplication.refresh(SpringApplication.java:752)
	at org.springframework.boot.SpringApplication.refreshContext(SpringApplication.java:439)
	at org.springframework.boot.SpringApplication.run(SpringApplication.java:318)
	at org.springframework.boot.SpringApplication.run(SpringApplication.java:1361)
	at org.springframework.boot.SpringApplication.run(SpringApplication.java:1350)
	at in.org.genSpark.UserServiceApplication.main(UserServiceApplication.java:12)
	at java.base/jdk.internal.reflect.DirectMethodHandleAccessor.invoke(DirectMethodHandleAccessor.java:103)
	at java.base/java.lang.reflect.Method.invoke(Method.java:580)
	at org.springframework.boot.devtools.restart.RestartLauncher.run(RestartLauncher.java:50)
Caused by: org.springframework.boot.web.server.WebServerException: Unable to start embedded Tomcat
	at org.springframework.boot.web.embedded.tomcat.TomcatWebServer.initialize(TomcatWebServer.java:147)
	at org.springframework.boot.web.embedded.tomcat.TomcatWebServer.<init>(TomcatWebServer.java:107)
	at org.springframework.boot.web.embedded.tomcat.TomcatServletWebServerFactory.getTomcatWebServer(TomcatServletWebServerFactory.java:517)
	at org.springframework.boot.web.embedded.tomcat.TomcatServletWebServerFactory.getWebServer(TomcatServletWebServerFactory.java:219)
	at org.springframework.boot.web.servlet.context.ServletWebServerApplicationContext.createWebServer(ServletWebServerApplicationContext.java:193)
	at org.springframework.boot.web.servlet.context.ServletWebServerApplicationContext.onRefresh(ServletWebServerApplicationContext.java:167)
	... 11 common frames omitted
Caused by: org.springframework.beans.factory.UnsatisfiedDependencyException: Error creating bean with name 'jwtAuthenticationFilter': Unsatisfied dependency expressed through field 'userDetailsService': Error creating bean with name 'customUserDetailsService': Unsatisfied dependency expressed through field 'userRepository': Error creating bean with name 'userRepository' defined in in.org.genSpark.repository.UserRepository defined in @EnableJpaRepositories declared on JpaRepositoriesRegistrar.EnableJpaRepositoriesConfiguration: Cannot resolve reference to bean 'jpaSharedEM_entityManagerFactory' while setting bean property 'entityManager'
	at org.springframework.beans.factory.annotation.AutowiredAnnotationBeanPostProcessor$AutowiredFieldElement.resolveFieldValue(AutowiredAnnotationBeanPostProcessor.java:788)
	at org.springframework.beans.factory.annotation.AutowiredAnnotationBeanPostProcessor$AutowiredFieldElement.inject(AutowiredAnnotationBeanPostProcessor.java:768)
	at org.springframework.beans.factory.annotation.InjectionMetadata.inject(InjectionMetadata.java:146)
	at org.springframework.beans.factory.annotation.AutowiredAnnotationBeanPostProcessor.postProcessProperties(AutowiredAnnotationBeanPostProcessor.java:509)
	at org.springframework.beans.factory.support.AbstractAutowireCapableBeanFactory.populateBean(AbstractAutowireCapableBeanFactory.java:1459)
	at org.springframework.beans.factory.support.AbstractAutowireCapableBeanFactory.doCreateBean(AbstractAutowireCapableBeanFactory.java:606)
	at org.springframework.beans.factory.support.AbstractAutowireCapableBeanFactory.createBean(AbstractAutowireCapableBeanFactory.java:529)
	at org.springframework.beans.factory.support.AbstractBeanFactory.lambda$doGetBean$0(AbstractBeanFactory.java:339)
	at org.springframework.beans.factory.support.DefaultSingletonBeanRegistry.getSingleton(DefaultSingletonBeanRegistry.java:373)
	at org.springframework.beans.factory.support.AbstractBeanFactory.doGetBean(AbstractBeanFactory.java:337)
	at org.springframework.beans.factory.support.AbstractBeanFactory.getBean(AbstractBeanFactory.java:207)
	at org.springframework.boot.web.servlet.ServletContextInitializerBeans.getOrderedBeansOfType(ServletContextInitializerBeans.java:230)
	at org.springframework.boot.web.servlet.ServletContextInitializerBeans.addAsRegistrationBean(ServletContextInitializerBeans.java:184)
	at org.springframework.boot.web.servlet.ServletContextInitializerBeans.addAsRegistrationBean(ServletContextInitializerBeans.java:179)
	at org.springframework.boot.web.servlet.ServletContextInitializerBeans.addAdaptableBeans(ServletContextInitializerBeans.java:164)
	at org.springframework.boot.web.servlet.ServletContextInitializerBeans.<init>(ServletContextInitializerBeans.java:96)
	at org.springframework.boot.web.servlet.context.ServletWebServerApplicationContext.getServletContextInitializerBeans(ServletWebServerApplicationContext.java:271)
	at org.springframework.boot.web.servlet.context.ServletWebServerApplicationContext.selfInitialize(ServletWebServerApplicationContext.java:245)
	at org.springframework.boot.web.embedded.tomcat.TomcatStarter.onStartup(TomcatStarter.java:52)
	at org.apache.catalina.core.StandardContext.startInternal(StandardContext.java:4464)
	at org.apache.catalina.util.LifecycleBase.start(LifecycleBase.java:164)
	at org.apache.catalina.core.ContainerBase$StartChild.call(ContainerBase.java:1203)
	at org.apache.catalina.core.ContainerBase$StartChild.call(ContainerBase.java:1193)
	at java.base/java.util.concurrent.FutureTask.run(FutureTask.java:317)
	at org.apache.tomcat.util.threads.InlineExecutorService.execute(InlineExecutorService.java:75)
	at java.base/java.util.concurrent.AbstractExecutorService.submit(AbstractExecutorService.java:145)
	at org.apache.catalina.core.ContainerBase.startInternal(ContainerBase.java:749)
	at org.apache.catalina.core.StandardHost.startInternal(StandardHost.java:772)
	at org.apache.catalina.util.LifecycleBase.start(LifecycleBase.java:164)
	at org.apache.catalina.core.ContainerBase$StartChild.call(ContainerBase.java:1203)
	at org.apache.catalina.core.ContainerBase$StartChild.call(ContainerBase.java:1193)
	at java.base/java.util.concurrent.FutureTask.run(FutureTask.java:317)
	at org.apache.tomcat.util.threads.InlineExecutorService.execute(InlineExecutorService.java:75)
	at java.base/java.util.concurrent.AbstractExecutorService.submit(AbstractExecutorService.java:145)
	at org.apache.catalina.core.ContainerBase.startInternal(ContainerBase.java:749)
	at org.apache.catalina.core.StandardEngine.startInternal(StandardEngine.java:203)
	at org.apache.catalina.util.LifecycleBase.start(LifecycleBase.java:164)
	at org.apache.catalina.core.StandardService.startInternal(StandardService.java:412)
	at org.apache.catalina.util.LifecycleBase.start(LifecycleBase.java:164)
	at org.apache.catalina.core.StandardServer.startInternal(StandardServer.java:870)
	at org.apache.catalina.util.LifecycleBase.start(LifecycleBase.java:164)
	at org.apache.catalina.startup.Tomcat.start(Tomcat.java:438)
	at org.springframework.boot.web.embedded.tomcat.TomcatWebServer.initialize(TomcatWebServer.java:128)
	... 16 common frames omitted
Caused by: org.springframework.beans.factory.UnsatisfiedDependencyException: Error creating bean with name 'customUserDetailsService': Unsatisfied dependency expressed through field 'userRepository': Error creating bean with name 'userRepository' defined in in.org.genSpark.repository.UserRepository defined in @EnableJpaRepositories declared on JpaRepositoriesRegistrar.EnableJpaRepositoriesConfiguration: Cannot resolve reference to bean 'jpaSharedEM_entityManagerFactory' while setting bean property 'entityManager'
	at org.springframework.beans.factory.annotation.AutowiredAnnotationBeanPostProcessor$AutowiredFieldElement.resolveFieldValue(AutowiredAnnotationBeanPostProcessor.java:788)
	at org.springframework.beans.factory.annotation.AutowiredAnnotationBeanPostProcessor$AutowiredFieldElement.inject(AutowiredAnnotationBeanPostProcessor.java:768)
	at org.springframework.beans.factory.annotation.InjectionMetadata.inject(InjectionMetadata.java:146)
	at org.springframework.beans.factory.annotation.AutowiredAnnotationBeanPostProcessor.postProcessProperties(AutowiredAnnotationBeanPostProcessor.java:509)
	at org.springframework.beans.factory.support.AbstractAutowireCapableBeanFactory.populateBean(AbstractAutowireCapableBeanFactory.java:1459)
	at org.springframework.beans.factory.support.AbstractAutowireCapableBeanFactory.doCreateBean(AbstractAutowireCapableBeanFactory.java:606)
	at org.springframework.beans.factory.support.AbstractAutowireCapableBeanFactory.createBean(AbstractAutowireCapableBeanFactory.java:529)
	at org.springframework.beans.factory.support.AbstractBeanFactory.lambda$doGetBean$0(AbstractBeanFactory.java:339)
	at org.springframework.beans.factory.support.DefaultSingletonBeanRegistry.getSingleton(DefaultSingletonBeanRegistry.java:373)
	at org.springframework.beans.factory.support.AbstractBeanFactory.doGetBean(AbstractBeanFactory.java:337)
	at org.springframework.beans.factory.support.AbstractBeanFactory.getBean(AbstractBeanFactory.java:202)
	at org.springframework.beans.factory.config.DependencyDescriptor.resolveCandidate(DependencyDescriptor.java:254)
	at org.springframework.beans.factory.support.DefaultListableBeanFactory.doResolveDependency(DefaultListableBeanFactory.java:1745)
	at org.springframework.beans.factory.support.DefaultListableBeanFactory.resolveDependency(DefaultListableBeanFactory.java:1628)
	at org.springframework.beans.factory.annotation.AutowiredAnnotationBeanPostProcessor$AutowiredFieldElement.resolveFieldValue(AutowiredAnnotationBeanPostProcessor.java:785)
	... 58 common frames omitted
Caused by: org.springframework.beans.factory.BeanCreationException: Error creating bean with name 'userRepository' defined in in.org.genSpark.repository.UserRepository defined in @EnableJpaRepositories declared on JpaRepositoriesRegistrar.EnableJpaRepositoriesConfiguration: Cannot resolve reference to bean 'jpaSharedEM_entityManagerFactory' while setting bean property 'entityManager'
	at org.springframework.beans.factory.support.BeanDefinitionValueResolver.resolveReference(BeanDefinitionValueResolver.java:377)
	at org.springframework.beans.factory.support.BeanDefinitionValueResolver.resolveValueIfNecessary(BeanDefinitionValueResolver.java:135)
	at org.springframework.beans.factory.support.AbstractAutowireCapableBeanFactory.applyPropertyValues(AbstractAutowireCapableBeanFactory.java:1725)
	at org.springframework.beans.factory.support.AbstractAutowireCapableBeanFactory.populateBean(AbstractAutowireCapableBeanFactory.java:1474)
	at org.springframework.beans.factory.support.AbstractAutowireCapableBeanFactory.doCreateBean(AbstractAutowireCapableBeanFactory.java:606)
	at org.springframework.beans.factory.support.AbstractAutowireCapableBeanFactory.createBean(AbstractAutowireCapableBeanFactory.java:529)
	at org.springframework.beans.factory.support.AbstractBeanFactory.lambda$doGetBean$0(AbstractBeanFactory.java:339)
	at org.springframework.beans.factory.support.DefaultSingletonBeanRegistry.getSingleton(DefaultSingletonBeanRegistry.java:373)
	at org.springframework.beans.factory.support.AbstractBeanFactory.doGetBean(AbstractBeanFactory.java:337)
	at org.springframework.beans.factory.support.AbstractBeanFactory.getBean(AbstractBeanFactory.java:202)
	at org.springframework.beans.factory.support.DefaultListableBeanFactory.doResolveDependency(DefaultListableBeanFactory.java:1683)
	at org.springframework.beans.factory.support.DefaultListableBeanFactory.resolveDependency(DefaultListableBeanFactory.java:1628)
	at org.springframework.beans.factory.annotation.AutowiredAnnotationBeanPostProcessor$AutowiredFieldElement.resolveFieldValue(AutowiredAnnotationBeanPostProcessor.java:785)
	... 72 common frames omitted
Caused by: org.springframework.beans.factory.BeanCreationException: Error creating bean with name 'jpaSharedEM_entityManagerFactory': Cannot resolve reference to bean 'entityManagerFactory' while setting constructor argument
	at org.springframework.beans.factory.support.BeanDefinitionValueResolver.resolveReference(BeanDefinitionValueResolver.java:377)
	at org.springframework.beans.factory.support.BeanDefinitionValueResolver.resolveValueIfNecessary(BeanDefinitionValueResolver.java:135)
	at org.springframework.beans.factory.support.ConstructorResolver.resolveConstructorArguments(ConstructorResolver.java:691)
	at org.springframework.beans.factory.support.ConstructorResolver.instantiateUsingFactoryMethod(ConstructorResolver.java:513)
	at org.springframework.beans.factory.support.AbstractAutowireCapableBeanFactory.instantiateUsingFactoryMethod(AbstractAutowireCapableBeanFactory.java:1375)
	at org.springframework.beans.factory.support.AbstractAutowireCapableBeanFactory.createBeanInstance(AbstractAutowireCapableBeanFactory.java:1205)
	at org.springframework.beans.factory.support.AbstractAutowireCapableBeanFactory.doCreateBean(AbstractAutowireCapableBeanFactory.java:569)
	at org.springframework.beans.factory.support.AbstractAutowireCapableBeanFactory.createBean(AbstractAutowireCapableBeanFactory.java:529)
	at org.springframework.beans.factory.support.AbstractBeanFactory.lambda$doGetBean$0(AbstractBeanFactory.java:339)
	at org.springframework.beans.factory.support.DefaultSingletonBeanRegistry.getSingleton(DefaultSingletonBeanRegistry.java:373)
	at org.springframework.beans.factory.support.AbstractBeanFactory.doGetBean(AbstractBeanFactory.java:337)
	at org.springframework.beans.factory.support.AbstractBeanFactory.getBean(AbstractBeanFactory.java:202)
	at org.springframework.beans.factory.support.BeanDefinitionValueResolver.resolveReference(BeanDefinitionValueResolver.java:365)
	... 84 common frames omitted
Caused by: org.springframework.beans.factory.BeanCreationException: Error creating bean with name 'flywayInitializer' defined in class path resource [org/springframework/boot/autoconfigure/flyway/FlywayAutoConfiguration$FlywayConfiguration.class]: Validate failed: Migrations have failed validation
Migration checksum mismatch for migration version 1
-> Applied to database : -1697599761
-> Resolved locally    : 804496008
Either revert the changes to the migration, or run repair to update the schema history.
Need more flexibility with validation rules? Learn more: https://rd.gt/3AbJUZE
	at org.springframework.beans.factory.support.AbstractAutowireCapableBeanFactory.initializeBean(AbstractAutowireCapableBeanFactory.java:1826)
	at org.springframework.beans.factory.support.AbstractAutowireCapableBeanFactory.doCreateBean(AbstractAutowireCapableBeanFactory.java:607)
	at org.springframework.beans.factory.support.AbstractAutowireCapableBeanFactory.createBean(AbstractAutowireCapableBeanFactory.java:529)
	at org.springframework.beans.factory.support.AbstractBeanFactory.lambda$doGetBean$0(AbstractBeanFactory.java:339)
	at org.springframework.beans.factory.support.DefaultSingletonBeanRegistry.getSingleton(DefaultSingletonBeanRegistry.java:373)
	at org.springframework.beans.factory.support.AbstractBeanFactory.doGetBean(AbstractBeanFactory.java:337)
	at org.springframework.beans.factory.support.AbstractBeanFactory.getBean(AbstractBeanFactory.java:202)
	at org.springframework.beans.factory.support.AbstractBeanFactory.doGetBean(AbstractBeanFactory.java:315)
	at org.springframework.beans.factory.support.AbstractBeanFactory.getBean(AbstractBeanFactory.java:202)
	at org.springframework.beans.factory.support.BeanDefinitionValueResolver.resolveReference(BeanDefinitionValueResolver.java:365)
	... 96 common frames omitted
Caused by: org.flywaydb.core.api.exception.FlywayValidateException: Validate failed: Migrations have failed validation
Migration checksum mismatch for migration version 1
-> Applied to database : -1697599761
-> Resolved locally    : 804496008
Either revert the changes to the migration, or run repair to update the schema history.
Need more flexibility with validation rules? Learn more: https://rd.gt/3AbJUZE
	at org.flywaydb.core.Flyway.lambda$migrate$1(Flyway.java:201)
	at org.flywaydb.core.FlywayExecutor.execute(FlywayExecutor.java:210)
	at org.flywaydb.core.Flyway.migrate(Flyway.java:188)
	at org.springframework.boot.autoconfigure.flyway.FlywayMigrationInitializer.afterPropertiesSet(FlywayMigrationInitializer.java:66)
	at org.springframework.beans.factory.support.AbstractAutowireCapableBeanFactory.invokeInitMethods(AbstractAutowireCapableBeanFactory.java:1873)
	at org.springframework.beans.factory.support.AbstractAutowireCapableBeanFactory.initializeBean(AbstractAutowireCapableBeanFactory.java:1822)
	... 105 common frames omitted
2025-08-08 17:41:30,764 INFO o.s.b.StartupInfoLogger [restartedMain] Starting UserServiceApplication using Java 21.0.3 with PID 22368 (C:\Users\jhask\Downloads\Project\Yout_Connect\genSpark-Backend\user-service\target\classes started by jhask in C:\Users\jhask\Downloads\Project\Yout_Connect\genSpark-Backend\user-service)
2025-08-08 17:41:30,768 INFO o.s.b.SpringApplication [restartedMain] No active profile set, falling back to 1 default profile: "default"
2025-08-08 17:41:33,199 INFO o.a.j.l.DirectJDKLog [restartedMain] Initializing ProtocolHandler ["http-nio-8080"]
2025-08-08 17:41:33,204 INFO o.a.j.l.DirectJDKLog [restartedMain] Starting service [Tomcat]
2025-08-08 17:41:33,204 INFO o.a.j.l.DirectJDKLog [restartedMain] Starting Servlet engine: [Apache Tomcat/10.1.42]
2025-08-08 17:41:33,276 INFO o.a.j.l.DirectJDKLog [restartedMain] Initializing Spring embedded WebApplicationContext
2025-08-08 17:41:33,693 INFO c.z.h.HikariDataSource [restartedMain] HikariPool-1 - Starting...
2025-08-08 17:41:34,667 INFO c.z.h.p.HikariPool [restartedMain] HikariPool-1 - Added connection com.mysql.cj.jdbc.ConnectionImpl@4dd5d273
2025-08-08 17:41:34,670 INFO c.z.h.HikariDataSource [restartedMain] HikariPool-1 - Start completed.
2025-08-08 17:41:34,741 INFO o.f.c.i.l.s.Slf4jLog [restartedMain] Database: jdbc:mysql://localhost:3306/genspark_db?createDatabaseIfNotExist=true (MySQL 8.0)
2025-08-08 17:41:34,807 INFO o.f.c.i.l.s.Slf4jLog [restartedMain] Schema history table `genspark_db`.`flyway_schema_history` does not exist yet
2025-08-08 17:41:34,814 INFO o.f.c.i.l.s.Slf4jLog [restartedMain] Successfully validated 1 migration (execution time 00:00.037s)
2025-08-08 17:41:34,858 INFO o.f.c.i.l.s.Slf4jLog [restartedMain] Creating Schema History table `genspark_db`.`flyway_schema_history` ...
2025-08-08 17:41:35,010 INFO o.f.c.i.l.s.Slf4jLog [restartedMain] Current version of schema `genspark_db`: << Empty Schema >>
2025-08-08 17:41:35,042 INFO o.f.c.i.l.s.Slf4jLog [restartedMain] Migrating schema `genspark_db` to version "1 - initial schema"
2025-08-08 17:41:35,577 INFO o.f.c.i.l.s.Slf4jLog [restartedMain] Successfully applied 1 migration to schema `genspark_db`, now at version v1 (execution time 00:00.493s)
2025-08-08 17:41:36,220 WARN o.h.e.j.d.i.DialectFactoryImpl [restartedMain] HHH90000025: MySQLDialect does not need to be specified explicitly using 'hibernate.dialect' (remove the property setting and it will be selected by default)
2025-08-08 17:41:38,529 WARN o.s.b.a.o.j.JpaBaseConfiguration$JpaWebConfiguration [restartedMain] spring.jpa.open-in-view is enabled by default. Therefore, database queries may be performed during view rendering. Explicitly configure spring.jpa.open-in-view to disable this warning
2025-08-08 17:41:39,481 INFO o.a.j.l.DirectJDKLog [restartedMain] Starting ProtocolHandler ["http-nio-8080"]
2025-08-08 17:41:39,521 INFO o.s.b.StartupInfoLogger [restartedMain] Started UserServiceApplication in 9.543 seconds (process running for 10.116)
2025-08-08 17:45:00,019 INFO i.o.g.s.i.ScheduledTaskServiceImpl [scheduling-1] Running meeting reminder task...
2025-08-08 17:45:00,192 INFO i.o.g.s.i.ScheduledTaskServiceImpl [scheduling-1] No upcoming meetings found needing a reminder.
2025-08-08 18:03:18,194 WARN c.z.h.p.HikariPool$HouseKeeper [HikariPool-1:housekeeper] HikariPool-1 - Thread starvation or clock leap detected (housekeeper delta=16m10s348ms566µs300ns).
2025-08-08 18:16:53,056 WARN c.z.h.p.HikariPool$HouseKeeper [HikariPool-1:housekeeper] HikariPool-1 - Thread starvation or clock leap detected (housekeeper delta=13m34s861ms341µs500ns).
2025-08-08 18:19:11,976 INFO i.o.g.s.i.ScheduledTaskServiceImpl [scheduling-1] Running meeting reminder task...
2025-08-08 18:19:11,976 INFO i.o.g.s.i.ScheduledTaskServiceImpl [scheduling-1] No upcoming meetings found needing a reminder.
2025-08-08 18:20:00,018 INFO i.o.g.s.i.ScheduledTaskServiceImpl [scheduling-1] Running meeting reminder task...
2025-08-08 18:20:00,024 INFO i.o.g.s.i.ScheduledTaskServiceImpl [scheduling-1] No upcoming meetings found needing a reminder.
2025-08-08 18:25:00,006 INFO i.o.g.s.i.ScheduledTaskServiceImpl [scheduling-1] Running meeting reminder task...
2025-08-08 18:25:00,014 INFO i.o.g.s.i.ScheduledTaskServiceImpl [scheduling-1] No upcoming meetings found needing a reminder.
2025-08-08 18:30:00,010 INFO i.o.g.s.i.ScheduledTaskServiceImpl [scheduling-1] Running meeting reminder task...
2025-08-08 18:30:00,010 INFO i.o.g.s.i.ScheduledTaskServiceImpl [scheduling-1] No upcoming meetings found needing a reminder.
2025-08-08 18:31:47,769 WARN c.z.h.p.HikariPool$HouseKeeper [HikariPool-1:housekeeper] HikariPool-1 - Thread starvation or clock leap detected (housekeeper delta=1m24s461ms723µs800ns).
2025-08-08 19:21:12,560 WARN c.z.h.p.HikariPool$HouseKeeper [HikariPool-1:housekeeper] HikariPool-1 - Thread starvation or clock leap detected (housekeeper delta=49m24s791ms59µs600ns).
2025-08-08 19:25:23,097 INFO i.o.g.s.i.ScheduledTaskServiceImpl [scheduling-1] Running meeting reminder task...
2025-08-08 19:25:23,107 INFO i.o.g.s.i.ScheduledTaskServiceImpl [scheduling-1] No upcoming meetings found needing a reminder.
2025-08-08 19:30:00,008 INFO i.o.g.s.i.ScheduledTaskServiceImpl [scheduling-1] Running meeting reminder task...
2025-08-08 19:30:00,019 INFO i.o.g.s.i.ScheduledTaskServiceImpl [scheduling-1] No upcoming meetings found needing a reminder.
2025-08-08 19:37:45,082 WARN c.z.h.p.HikariPool$HouseKeeper [HikariPool-1:housekeeper] HikariPool-1 - Thread starvation or clock leap detected (housekeeper delta=7m2s390ms98µs500ns).
2025-08-08 19:41:32,392 INFO i.o.g.s.i.ScheduledTaskServiceImpl [scheduling-1] Running meeting reminder task...
2025-08-08 19:41:32,402 INFO i.o.g.s.i.ScheduledTaskServiceImpl [scheduling-1] No upcoming meetings found needing a reminder.
2025-08-08 19:45:00,018 INFO i.o.g.s.i.ScheduledTaskServiceImpl [scheduling-1] Running meeting reminder task...
2025-08-08 19:45:00,032 INFO i.o.g.s.i.ScheduledTaskServiceImpl [scheduling-1] No upcoming meetings found needing a reminder.
2025-08-08 19:50:00,011 INFO i.o.g.s.i.ScheduledTaskServiceImpl [scheduling-1] Running meeting reminder task...
2025-08-08 19:50:00,024 INFO i.o.g.s.i.ScheduledTaskServiceImpl [scheduling-1] No upcoming meetings found needing a reminder.
2025-08-08 19:55:00,009 INFO i.o.g.s.i.ScheduledTaskServiceImpl [scheduling-1] Running meeting reminder task...
2025-08-08 19:55:00,024 INFO i.o.g.s.i.ScheduledTaskServiceImpl [scheduling-1] No upcoming meetings found needing a reminder.
2025-08-08 20:00:00,003 INFO i.o.g.s.i.ScheduledTaskServiceImpl [scheduling-1] Running meeting reminder task...
2025-08-08 20:00:00,016 INFO i.o.g.s.i.ScheduledTaskServiceImpl [scheduling-1] No upcoming meetings found needing a reminder.
2025-08-08 20:05:00,005 INFO i.o.g.s.i.ScheduledTaskServiceImpl [scheduling-1] Running meeting reminder task...
2025-08-08 20:05:00,011 INFO i.o.g.s.i.ScheduledTaskServiceImpl [scheduling-1] No upcoming meetings found needing a reminder.
2025-08-08 20:10:00,008 INFO i.o.g.s.i.ScheduledTaskServiceImpl [scheduling-1] Running meeting reminder task...
2025-08-08 20:10:00,036 INFO i.o.g.s.i.ScheduledTaskServiceImpl [scheduling-1] No upcoming meetings found needing a reminder.
2025-08-08 20:37:58,539 WARN c.z.h.p.HikariPool$HouseKeeper [HikariPool-1:housekeeper] HikariPool-1 - Thread starvation or clock leap detected (housekeeper delta=23m42s963ms450µs800ns).
2025-08-08 20:38:12,964 INFO i.o.g.s.i.ScheduledTaskServiceImpl [scheduling-1] Running meeting reminder task...
2025-08-08 20:38:12,974 INFO i.o.g.s.i.ScheduledTaskServiceImpl [scheduling-1] No upcoming meetings found needing a reminder.
2025-08-08 20:40:00,007 INFO i.o.g.s.i.ScheduledTaskServiceImpl [scheduling-1] Running meeting reminder task...
2025-08-08 20:40:00,017 INFO i.o.g.s.i.ScheduledTaskServiceImpl [scheduling-1] No upcoming meetings found needing a reminder.
2025-08-08 20:45:00,007 INFO i.o.g.s.i.ScheduledTaskServiceImpl [scheduling-1] Running meeting reminder task...
2025-08-08 20:45:00,023 INFO i.o.g.s.i.ScheduledTaskServiceImpl [scheduling-1] No upcoming meetings found needing a reminder.
2025-08-08 21:24:50,343 WARN c.z.h.p.HikariPool$HouseKeeper [HikariPool-1:housekeeper] HikariPool-1 - Thread starvation or clock leap detected (housekeeper delta=38m51s694ms751µs400ns).
